<?xml version="1.0" encoding="UTF-8"?>
<coverage generated="1784842623700" clover="3.2.0">
  <project timestamp="1784842623700" name="All files">
    <metrics statements="4034" coveredstatements="3829" conditionals="2420" coveredconditionals="2141" methods="540" coveredmethods="513" elements="6994" coveredelements="6483" complexity="0" loc="4034" ncloc="4034" packages="26" files="97" classes="97"/>
    <package name="src">
      <metrics statements="167" coveredstatements="165" conditionals="117" coveredconditionals="106" methods="16" coveredmethods="15"/>
      <file name="cli-plugins.ts" path="/Users/s.hussain/salesforce/sfnext-split-footwear/packages/storefront-next-dev/src/cli-plugins.ts">
        <metrics statements="14" coveredstatements="14" conditionals="6" coveredconditionals="6" methods="1" coveredmethods="1"/>
        <line num="21" count="7" type="stmt"/>
        <line num="31" count="8" type="cond" truecount="2" falsecount="0"/>
        <line num="32" count="7" type="stmt"/>
        <line num="34" count="7" type="stmt"/>
        <line num="35" count="7" type="stmt"/>
        <line num="36" count="7" type="stmt"/>
        <line num="37" count="7" type="stmt"/>
        <line num="38" count="4" type="stmt"/>
        <line num="40" count="4" type="cond" truecount="2" falsecount="0"/>
        <line num="41" count="1" type="stmt"/>
        <line num="44" count="3" type="cond" truecount="2" falsecount="0"/>
        <line num="45" count="3" type="stmt"/>
        <line num="46" count="3" type="stmt"/>
        <line num="50" count="3" type="stmt"/>
      </file>
      <file name="create-storefront.ts" path="/Users/s.hussain/salesforce/sfnext-split-footwear/packages/storefront-next-dev/src/create-storefront.ts">
        <metrics statements="128" coveredstatements="126" conditionals="95" coveredconditionals="84" methods="10" coveredmethods="9"/>
        <line num="31" count="1" type="stmt"/>
        <line num="36" count="1" type="stmt"/>
        <line num="37" count="1" type="stmt"/>
        <line num="38" count="1" type="stmt"/>
        <line num="39" count="1" type="stmt"/>
        <line num="40" count="1" type="stmt"/>
        <line num="48" count="1" type="stmt"/>
        <line num="66" count="1" type="stmt"/>
        <line num="68" count="1" type="stmt"/>
        <line num="69" count="74" type="cond" truecount="4" falsecount="0"/>
        <line num="74" count="1" type="stmt"/>
        <line num="86" count="39" type="stmt"/>
        <line num="87" count="39" type="stmt"/>
        <line num="89" count="1" type="stmt"/>
        <line num="92" count="1" type="stmt"/>
        <line num="96" count="39" type="stmt"/>
        <line num="97" count="39" type="cond" truecount="2" falsecount="0"/>
        <line num="98" count="16" type="stmt"/>
        <line num="104" count="16" type="stmt"/>
        <line num="106" count="39" type="cond" truecount="2" falsecount="0"/>
        <line num="107" count="2" type="stmt"/>
        <line num="108" count="2" type="stmt"/>
        <line num="110" count="39" type="stmt"/>
        <line num="112" count="39" type="cond" truecount="2" falsecount="0"/>
        <line num="124" count="39" type="stmt"/>
        <line num="125" count="39" type="cond" truecount="4" falsecount="0"/>
        <line num="126" count="7" type="stmt"/>
        <line num="127" count="7" type="cond" truecount="2" falsecount="0"/>
        <line num="128" count="1" type="stmt"/>
        <line num="131" count="1" type="stmt"/>
        <line num="133" count="7" type="stmt"/>
        <line num="134" count="32" type="cond" truecount="4" falsecount="0"/>
        <line num="135" count="1" type="stmt"/>
        <line num="137" count="38" type="cond" truecount="2" falsecount="0"/>
        <line num="138" count="16" type="stmt"/>
        <line num="143" count="80" type="stmt"/>
        <line num="147" count="16" type="stmt"/>
        <line num="148" count="16" type="stmt"/>
        <line num="149" count="16" type="cond" truecount="2" falsecount="0"/>
        <line num="150" count="15" type="stmt"/>
        <line num="155" count="15" type="cond" truecount="2" falsecount="0"/>
        <line num="156" count="1" type="stmt"/>
        <line num="157" count="1" type="stmt"/>
        <line num="159" count="15" type="stmt"/>
        <line num="162" count="38" type="cond" truecount="2" falsecount="0"/>
        <line num="163" count="2" type="stmt"/>
        <line num="164" count="2" type="stmt"/>
        <line num="166" count="38" type="cond" truecount="4" falsecount="0"/>
        <line num="167" count="2" type="stmt"/>
        <line num="168" count="2" type="stmt"/>
        <line num="171" count="38" type="cond" truecount="2" falsecount="0"/>
        <line num="172" count="9" type="stmt"/>
        <line num="173" count="9" type="cond" truecount="2" falsecount="0"/>
        <line num="177" count="4" type="stmt"/>
        <line num="178" count="4" type="cond" truecount="1" falsecount="1"/>
        <line num="179" count="4" type="stmt"/>
        <line num="180" count="4" type="stmt"/>
        <line num="183" count="5" type="stmt"/>
        <line num="185" count="0" type="stmt"/>
        <line num="186" count="0" type="stmt"/>
        <line num="200" count="28" type="stmt"/>
        <line num="201" count="28" type="cond" truecount="2" falsecount="0"/>
        <line num="202" count="28" type="stmt"/>
        <line num="203" count="28" type="stmt"/>
        <line num="206" count="37" type="stmt"/>
        <line num="207" count="37" type="cond" truecount="2" falsecount="0"/>
        <line num="208" count="24" type="stmt"/>
        <line num="217" count="36" type="stmt"/>
        <line num="218" count="36" type="cond" truecount="2" falsecount="0"/>
        <line num="219" count="33" type="stmt"/>
        <line num="220" count="33" type="stmt"/>
        <line num="221" count="33" type="stmt"/>
        <line num="226" count="36" type="cond" truecount="2" falsecount="0"/>
        <line num="227" count="35" type="stmt"/>
        <line num="233" count="36" type="stmt"/>
        <line num="234" count="36" type="cond" truecount="2" falsecount="0"/>
        <line num="235" count="4" type="stmt"/>
        <line num="243" count="36" type="cond" truecount="4" falsecount="0"/>
        <line num="244" count="10" type="stmt"/>
        <line num="246" count="10" type="cond" truecount="2" falsecount="0"/>
        <line num="247" count="10" type="stmt"/>
        <line num="254" count="36" type="stmt"/>
        <line num="256" count="36" type="cond" truecount="2" falsecount="0"/>
        <line num="257" count="9" type="stmt"/>
        <line num="258" count="9" type="stmt"/>
        <line num="259" count="9" type="cond" truecount="2" falsecount="0"/>
        <line num="261" count="8" type="stmt"/>
        <line num="262" count="8" type="stmt"/>
        <line num="264" count="1" type="stmt"/>
        <line num="265" count="1" type="stmt"/>
        <line num="269" count="8" type="cond" truecount="2" falsecount="0"/>
        <line num="270" count="2" type="stmt"/>
        <line num="271" count="3" type="cond" truecount="1" falsecount="1"/>
        <line num="274" count="6" type="stmt"/>
        <line num="279" count="12" type="stmt"/>
        <line num="291" count="8" type="stmt"/>
        <line num="294" count="8" type="stmt"/>
        <line num="295" count="14" type="stmt"/>
        <line num="297" count="8" type="cond" truecount="2" falsecount="0"/>
        <line num="299" count="4" type="stmt"/>
        <line num="300" count="5" type="stmt"/>
        <line num="301" count="5" type="cond" truecount="1" falsecount="1"/>
        <line num="302" count="5" type="stmt"/>
        <line num="307" count="5" type="cond" truecount="1" falsecount="1"/>
        <line num="308" count="5" type="cond" truecount="1" falsecount="1"/>
        <line num="309" count="5" type="stmt"/>
        <line num="310" count="5" type="cond" truecount="1" falsecount="1"/>
        <line num="312" count="5" type="stmt"/>
        <line num="319" count="14" type="stmt"/>
        <line num="320" count="8" type="stmt"/>
        <line num="324" count="35" type="cond" truecount="2" falsecount="0"/>
        <line num="327" count="39" type="stmt"/>
        <line num="329" count="39" type="stmt"/>
        <line num="330" count="39" type="stmt"/>
        <line num="331" count="39" type="cond" truecount="2" falsecount="0"/>
        <line num="332" count="14" type="stmt"/>
        <line num="334" count="32" type="stmt"/>
        <line num="335" count="32" type="stmt"/>
        <line num="336" count="32" type="stmt"/>
        <line num="337" count="4" type="cond" truecount="2" falsecount="0"/>
        <line num="338" count="2" type="cond" truecount="1" falsecount="1"/>
        <line num="340" count="2" type="stmt"/>
        <line num="346" count="2" type="stmt"/>
        <line num="350" count="26" type="stmt"/>
        <line num="352" count="26" type="stmt"/>
        <line num="353" count="26" type="cond" truecount="2" falsecount="0"/>
        <line num="354" count="39" type="stmt"/>
        <line num="366" count="39" type="stmt"/>
      </file>
      <file name="flags.ts" path="/Users/s.hussain/salesforce/sfnext-split-footwear/packages/storefront-next-dev/src/flags.ts">
        <metrics statements="3" coveredstatements="3" conditionals="0" coveredconditionals="0" methods="0" coveredmethods="0"/>
        <line num="19" count="13" type="stmt"/>
        <line num="20" count="13" type="stmt"/>
        <line num="22" count="13" type="stmt"/>
      </file>
      <file name="index.ts" path="/Users/s.hussain/salesforce/sfnext-split-footwear/packages/storefront-next-dev/src/index.ts">
        <metrics statements="0" coveredstatements="0" conditionals="0" coveredconditionals="0" methods="0" coveredmethods="0"/>
      </file>
      <file name="logger.ts" path="/Users/s.hussain/salesforce/sfnext-split-footwear/packages/storefront-next-dev/src/logger.ts">
        <metrics statements="0" coveredstatements="0" conditionals="0" coveredconditionals="0" methods="0" coveredmethods="0"/>
      </file>
      <file name="storefront-next-targets.ts" path="/Users/s.hussain/salesforce/sfnext-split-footwear/packages/storefront-next-dev/src/storefront-next-targets.ts">
        <metrics statements="10" coveredstatements="10" conditionals="14" coveredconditionals="14" methods="1" coveredmethods="1"/>
        <line num="118" count="15" type="stmt"/>
        <line num="120" count="15" type="stmt"/>
        <line num="136" count="15" type="cond" truecount="4" falsecount="0"/>
        <line num="137" count="1" type="stmt"/>
        <line num="141" count="1" type="stmt"/>
        <line num="149" count="15" type="cond" truecount="2" falsecount="0"/>
        <line num="150" count="14" type="stmt"/>
        <line num="153" count="15" type="cond" truecount="2" falsecount="0"/>
        <line num="154" count="4" type="stmt"/>
        <line num="157" count="15" type="stmt"/>
      </file>
      <file name="test-utils.ts" path="/Users/s.hussain/salesforce/sfnext-split-footwear/packages/storefront-next-dev/src/test-utils.ts">
        <metrics statements="12" coveredstatements="12" conditionals="2" coveredconditionals="2" methods="4" coveredmethods="4"/>
        <line num="26" count="129" type="stmt"/>
        <line num="28" count="129" type="cond" truecount="2" falsecount="0"/>
        <line num="29" count="7" type="stmt"/>
        <line num="31" count="129" type="stmt"/>
        <line num="43" count="16" type="stmt"/>
        <line num="44" count="16" type="stmt"/>
        <line num="45" count="16" type="stmt"/>
        <line num="58" count="16" type="stmt"/>
        <line num="70" count="16" type="stmt"/>
        <line num="72" count="16" type="stmt"/>
        <line num="74" count="16" type="stmt"/>
        <line num="78" count="16" type="stmt"/>
      </file>
    </package>
    <package name="src.cartridge-services">
      <metrics statements="504" coveredstatements="472" conditionals="364" coveredconditionals="307" methods="41" coveredmethods="41"/>
      <file name="generate-cartridge.ts" path="/Users/s.hussain/salesforce/sfnext-split-footwear/packages/storefront-next-dev/src/cartridge-services/generate-cartridge.ts">
        <metrics statements="446" coveredstatements="418" conditionals="329" coveredconditionals="275" methods="33" coveredmethods="33"/>
        <line num="27" count="1" type="stmt"/>
        <line num="29" count="1" type="stmt"/>
        <line num="30" count="1" type="stmt"/>
        <line num="48" count="1" type="stmt"/>
        <line num="67" count="1" type="stmt"/>
        <line num="82" count="93" type="cond" truecount="2" falsecount="0"/>
        <line num="83" count="40" type="cond" truecount="2" falsecount="0"/>
        <line num="84" count="1" type="stmt"/>
        <line num="87" count="1" type="stmt"/>
        <line num="89" count="40" type="stmt"/>
        <line num="93" count="53" type="cond" truecount="4" falsecount="0"/>
        <line num="94" count="52" type="stmt"/>
        <line num="98" count="1" type="stmt"/>
        <line num="102" count="1" type="stmt"/>
        <line num="120" count="3" type="stmt"/>
        <line num="121" count="2" type="stmt"/>
        <line num="122" count="2" type="stmt"/>
        <line num="125" count="3" type="cond" truecount="2" falsecount="0"/>
        <line num="126" count="1" type="stmt"/>
        <line num="129" count="3" type="stmt"/>
        <line num="136" count="3" type="cond" truecount="3" falsecount="1"/>
        <line num="137" count="0" type="stmt"/>
        <line num="140" count="3" type="cond" truecount="2" falsecount="2"/>
        <line num="141" count="0" type="stmt"/>
        <line num="144" count="3" type="cond" truecount="4" falsecount="0"/>
        <line num="145" count="1" type="cond" truecount="1" falsecount="1"/>
        <line num="146" count="1" type="stmt"/>
        <line num="148" count="1" type="cond" truecount="1" falsecount="1"/>
        <line num="149" count="0" type="stmt"/>
        <line num="151" count="1" type="cond" truecount="1" falsecount="1"/>
        <line num="152" count="0" type="stmt"/>
        <line num="156" count="3" type="stmt"/>
        <line num="157" count="3" type="cond" truecount="2" falsecount="0"/>
        <line num="158" count="1" type="stmt"/>
        <line num="160" count="3" type="cond" truecount="2" falsecount="0"/>
        <line num="161" count="1" type="stmt"/>
        <line num="163" count="3" type="stmt"/>
        <line num="173" count="2" type="stmt"/>
        <line num="175" count="2" type="cond" truecount="4" falsecount="0"/>
        <line num="176" count="1" type="stmt"/>
        <line num="179" count="1" type="stmt"/>
        <line num="182" count="2" type="stmt"/>
        <line num="187" count="95" type="stmt"/>
        <line num="189" count="95" type="stmt"/>
        <line num="196" count="70" type="cond" truecount="2" falsecount="0"/>
        <line num="197" count="60" type="stmt"/>
        <line num="200" count="10" type="stmt"/>
        <line num="203" count="20" type="cond" truecount="2" falsecount="0"/>
        <line num="204" count="10" type="stmt"/>
        <line num="206" count="10" type="stmt"/>
        <line num="212" count="53" type="stmt"/>
        <line num="213" count="53" type="stmt"/>
        <line num="214" count="53" type="cond" truecount="2" falsecount="0"/>
        <line num="215" count="52" type="stmt"/>
        <line num="217" count="52" type="stmt"/>
        <line num="218" count="52" type="stmt"/>
        <line num="224" count="1" type="stmt"/>
        <line num="232" count="7" type="stmt"/>
        <line num="233" count="7" type="cond" truecount="2" falsecount="0"/>
        <line num="234" count="6" type="stmt"/>
        <line num="235" count="6" type="cond" truecount="4" falsecount="0"/>
        <line num="236" count="3" type="stmt"/>
        <line num="238" count="6" type="stmt"/>
        <line num="246" count="2" type="stmt"/>
        <line num="258" count="1" type="stmt"/>
        <line num="262" count="1" type="stmt"/>
        <line num="269" count="286" type="cond" truecount="2" falsecount="0"/>
        <line num="270" count="224" type="stmt"/>
        <line num="271" count="62" type="cond" truecount="2" falsecount="0"/>
        <line num="272" count="10" type="stmt"/>
        <line num="273" count="52" type="cond" truecount="2" falsecount="0"/>
        <line num="274" count="14" type="stmt"/>
        <line num="275" count="38" type="cond" truecount="2" falsecount="0"/>
        <line num="276" count="5" type="stmt"/>
        <line num="277" count="33" type="cond" truecount="2" falsecount="0"/>
        <line num="278" count="16" type="stmt"/>
        <line num="279" count="17" type="cond" truecount="2" falsecount="0"/>
        <line num="280" count="9" type="stmt"/>
        <line num="281" count="8" type="cond" truecount="2" falsecount="0"/>
        <line num="282" count="4" type="stmt"/>
        <line num="283" count="4" type="stmt"/>
        <line num="284" count="4" type="cond" truecount="1" falsecount="1"/>
        <line num="285" count="4" type="stmt"/>
        <line num="286" count="4" type="cond" truecount="4" falsecount="0"/>
        <line num="287" count="3" type="stmt"/>
        <line num="288" count="3" type="cond" truecount="3" falsecount="1"/>
        <line num="289" count="3" type="stmt"/>
        <line num="290" count="3" type="cond" truecount="1" falsecount="1"/>
        <line num="293" count="1" type="stmt"/>
        <line num="295" count="0" type="stmt"/>
        <line num="296" count="4" type="cond" truecount="2" falsecount="0"/>
        <line num="297" count="3" type="stmt"/>
        <line num="298" count="3" type="cond" truecount="4" falsecount="0"/>
        <line num="299" count="2" type="stmt"/>
        <line num="301" count="1" type="stmt"/>
        <line num="303" count="1" type="stmt"/>
        <line num="310" count="16" type="stmt"/>
        <line num="312" count="16" type="stmt"/>
        <line num="313" count="16" type="stmt"/>
        <line num="315" count="16" type="stmt"/>
        <line num="316" count="24" type="cond" truecount="1" falsecount="1"/>
        <line num="317" count="24" type="stmt"/>
        <line num="318" count="24" type="stmt"/>
        <line num="320" count="24" type="cond" truecount="1" falsecount="1"/>
        <line num="321" count="24" type="stmt"/>
        <line num="326" count="0" type="stmt"/>
        <line num="327" count="0" type="stmt"/>
        <line num="330" count="16" type="stmt"/>
        <line num="336" count="9" type="stmt"/>
        <line num="338" count="9" type="stmt"/>
        <line num="339" count="9" type="stmt"/>
        <line num="341" count="9" type="stmt"/>
        <line num="342" count="18" type="stmt"/>
        <line num="345" count="0" type="stmt"/>
        <line num="348" count="9" type="stmt"/>
        <line num="353" count="168" type="stmt"/>
        <line num="354" count="168" type="stmt"/>
        <line num="355" count="168" type="stmt"/>
        <line num="357" count="168" type="cond" truecount="2" falsecount="0"/>
        <line num="358" count="51" type="stmt"/>
        <line num="362" count="117" type="stmt"/>
        <line num="364" count="117" type="cond" truecount="2" falsecount="0"/>
        <line num="366" count="111" type="stmt"/>
        <line num="368" count="111" type="stmt"/>
        <line num="369" count="220" type="cond" truecount="2" falsecount="0"/>
        <line num="370" count="219" type="stmt"/>
        <line num="371" count="219" type="stmt"/>
        <line num="373" count="219" type="cond" truecount="1" falsecount="1"/>
        <line num="374" count="219" type="stmt"/>
        <line num="378" count="6" type="cond" truecount="1" falsecount="1"/>
        <line num="380" count="6" type="stmt"/>
        <line num="383" count="6" type="cond" truecount="2" falsecount="0"/>
        <line num="384" count="5" type="stmt"/>
        <line num="385" count="5" type="cond" truecount="1" falsecount="1"/>
        <line num="386" count="5" type="stmt"/>
        <line num="388" count="5" type="stmt"/>
        <line num="389" count="14" type="cond" truecount="1" falsecount="1"/>
        <line num="390" count="14" type="stmt"/>
        <line num="391" count="14" type="stmt"/>
        <line num="393" count="14" type="cond" truecount="1" falsecount="1"/>
        <line num="394" count="14" type="stmt"/>
        <line num="402" count="116" type="stmt"/>
        <line num="404" count="1" type="cond" truecount="1" falsecount="1"/>
        <line num="405" count="1" type="stmt"/>
        <line num="407" count="0" type="stmt"/>
        <line num="408" count="0" type="stmt"/>
        <line num="413" count="66" type="stmt"/>
        <line num="415" count="66" type="stmt"/>
        <line num="417" count="66" type="stmt"/>
        <line num="418" count="66" type="cond" truecount="1" falsecount="1"/>
        <line num="419" count="0" type="stmt"/>
        <line num="423" count="66" type="stmt"/>
        <line num="425" count="66" type="stmt"/>
        <line num="427" count="97" type="stmt"/>
        <line num="428" count="97" type="cond" truecount="2" falsecount="0"/>
        <line num="429" count="3" type="stmt"/>
        <line num="432" count="94" type="stmt"/>
        <line num="433" count="94" type="stmt"/>
        <line num="435" count="94" type="stmt"/>
        <line num="437" count="94" type="cond" truecount="2" falsecount="0"/>
        <line num="439" count="97" type="stmt"/>
        <line num="447" count="97" type="cond" truecount="2" falsecount="0"/>
        <line num="448" count="1" type="stmt"/>
        <line num="451" count="93" type="cond" truecount="2" falsecount="0"/>
        <line num="452" count="9" type="stmt"/>
        <line num="455" count="93" type="cond" truecount="2" falsecount="0"/>
        <line num="456" count="2" type="stmt"/>
        <line num="459" count="93" type="cond" truecount="2" falsecount="0"/>
        <line num="460" count="3" type="stmt"/>
        <line num="467" count="93" type="cond" truecount="2" falsecount="0"/>
        <line num="468" count="2" type="stmt"/>
        <line num="474" count="93" type="stmt"/>
        <line num="477" count="1" type="cond" truecount="1" falsecount="1"/>
        <line num="478" count="1" type="stmt"/>
        <line num="480" count="0" type="stmt"/>
        <line num="483" count="65" type="stmt"/>
        <line num="487" count="5" type="cond" truecount="2" falsecount="0"/>
        <line num="495" count="65" type="stmt"/>
        <line num="497" count="65" type="stmt"/>
        <line num="499" count="65" type="stmt"/>
        <line num="500" count="65" type="cond" truecount="1" falsecount="1"/>
        <line num="501" count="0" type="stmt"/>
        <line num="505" count="65" type="stmt"/>
        <line num="506" count="65" type="cond" truecount="2" falsecount="0"/>
        <line num="507" count="10" type="stmt"/>
        <line num="508" count="10" type="cond" truecount="1" falsecount="1"/>
        <line num="509" count="10" type="stmt"/>
        <line num="512" count="10" type="cond" truecount="2" falsecount="0"/>
        <line num="513" count="9" type="stmt"/>
        <line num="514" count="9" type="stmt"/>
        <line num="515" count="11" type="cond" truecount="2" falsecount="0"/>
        <line num="516" count="8" type="stmt"/>
        <line num="517" count="8" type="stmt"/>
        <line num="520" count="8" type="stmt"/>
        <line num="526" count="8" type="cond" truecount="2" falsecount="0"/>
        <line num="527" count="1" type="stmt"/>
        <line num="530" count="8" type="cond" truecount="2" falsecount="0"/>
        <line num="531" count="1" type="stmt"/>
        <line num="534" count="8" type="cond" truecount="2" falsecount="0"/>
        <line num="535" count="1" type="stmt"/>
        <line num="536" count="2" type="stmt"/>
        <line num="542" count="8" type="cond" truecount="2" falsecount="0"/>
        <line num="543" count="1" type="stmt"/>
        <line num="544" count="1" type="stmt"/>
        <line num="550" count="8" type="cond" truecount="2" falsecount="0"/>
        <line num="551" count="2" type="stmt"/>
        <line num="554" count="8" type="cond" truecount="2" falsecount="0"/>
        <line num="555" count="1" type="stmt"/>
        <line num="558" count="8" type="cond" truecount="2" falsecount="0"/>
        <line num="559" count="1" type="stmt"/>
        <line num="562" count="8" type="cond" truecount="2" falsecount="0"/>
        <line num="568" count="1" type="stmt"/>
        <line num="570" count="2" type="stmt"/>
        <line num="574" count="2" type="stmt"/>
        <line num="577" count="2" type="cond" truecount="2" falsecount="0"/>
        <line num="578" count="1" type="stmt"/>
        <line num="580" count="2" type="stmt"/>
        <line num="584" count="8" type="stmt"/>
        <line num="591" count="0" type="stmt"/>
        <line num="596" count="65" type="stmt"/>
        <line num="600" count="79" type="stmt"/>
        <line num="601" count="79" type="stmt"/>
        <line num="602" count="77" type="stmt"/>
        <line num="605" count="77" type="cond" truecount="2" falsecount="0"/>
        <line num="606" count="18" type="stmt"/>
        <line num="613" count="59" type="stmt"/>
        <line num="615" count="59" type="stmt"/>
        <line num="620" count="59" type="stmt"/>
        <line num="622" count="59" type="stmt"/>
        <line num="624" count="59" type="stmt"/>
        <line num="625" count="60" type="stmt"/>
        <line num="626" count="60" type="cond" truecount="2" falsecount="0"/>
        <line num="627" count="1" type="stmt"/>
        <line num="630" count="59" type="stmt"/>
        <line num="631" count="59" type="cond" truecount="2" falsecount="0"/>
        <line num="632" count="1" type="stmt"/>
        <line num="635" count="58" type="stmt"/>
        <line num="636" count="58" type="cond" truecount="2" falsecount="0"/>
        <line num="638" count="60" type="stmt"/>
        <line num="639" count="60" type="stmt"/>
        <line num="641" count="60" type="stmt"/>
        <line num="650" count="60" type="cond" truecount="2" falsecount="0"/>
        <line num="651" count="4" type="stmt"/>
        <line num="653" count="57" type="cond" truecount="2" falsecount="0"/>
        <line num="654" count="2" type="stmt"/>
        <line num="657" count="57" type="stmt"/>
        <line num="660" count="2" type="cond" truecount="2" falsecount="0"/>
        <line num="661" count="1" type="stmt"/>
        <line num="663" count="1" type="stmt"/>
        <line num="666" count="58" type="stmt"/>
        <line num="668" count="3" type="cond" truecount="2" falsecount="0"/>
        <line num="669" count="1" type="stmt"/>
        <line num="671" count="2" type="stmt"/>
        <line num="672" count="2" type="stmt"/>
        <line num="677" count="78" type="stmt"/>
        <line num="678" count="78" type="stmt"/>
        <line num="679" count="76" type="stmt"/>
        <line num="682" count="76" type="cond" truecount="2" falsecount="0"/>
        <line num="683" count="69" type="stmt"/>
        <line num="686" count="7" type="stmt"/>
        <line num="688" count="7" type="stmt"/>
        <line num="693" count="7" type="stmt"/>
        <line num="695" count="7" type="stmt"/>
        <line num="697" count="7" type="stmt"/>
        <line num="698" count="8" type="stmt"/>
        <line num="699" count="8" type="cond" truecount="1" falsecount="1"/>
        <line num="700" count="0" type="stmt"/>
        <line num="703" count="8" type="stmt"/>
        <line num="704" count="8" type="cond" truecount="1" falsecount="1"/>
        <line num="705" count="0" type="stmt"/>
        <line num="708" count="8" type="stmt"/>
        <line num="710" count="8" type="stmt"/>
        <line num="711" count="8" type="stmt"/>
        <line num="712" count="8" type="stmt"/>
        <line num="714" count="8" type="stmt"/>
        <line num="727" count="8" type="stmt"/>
        <line num="730" count="0" type="stmt"/>
        <line num="733" count="7" type="stmt"/>
        <line num="735" count="2" type="stmt"/>
        <line num="736" count="2" type="stmt"/>
        <line num="741" count="78" type="stmt"/>
        <line num="742" count="78" type="stmt"/>
        <line num="743" count="76" type="stmt"/>
        <line num="746" count="76" type="cond" truecount="4" falsecount="0"/>
        <line num="747" count="68" type="stmt"/>
        <line num="751" count="8" type="cond" truecount="4" falsecount="0"/>
        <line num="752" count="1" type="stmt"/>
        <line num="755" count="7" type="stmt"/>
        <line num="757" count="7" type="stmt"/>
        <line num="760" count="7" type="stmt"/>
        <line num="763" count="7" type="cond" truecount="4" falsecount="0"/>
        <line num="764" count="1" type="stmt"/>
        <line num="767" count="5" type="stmt"/>
        <line num="775" count="78" type="stmt"/>
        <line num="777" count="1" type="stmt"/>
        <line num="780" count="6" type="stmt"/>
        <line num="782" count="2" type="stmt"/>
        <line num="783" count="2" type="stmt"/>
        <line num="792" count="57" type="stmt"/>
        <line num="793" count="57" type="stmt"/>
        <line num="794" count="57" type="stmt"/>
        <line num="796" count="57" type="cond" truecount="2" falsecount="0"/>
        <line num="798" count="52" type="stmt"/>
        <line num="799" count="52" type="stmt"/>
        <line num="804" count="52" type="stmt"/>
        <line num="813" count="52" type="stmt"/>
        <line num="824" count="52" type="stmt"/>
        <line num="827" count="57" type="cond" truecount="2" falsecount="0"/>
        <line num="828" count="57" type="stmt"/>
        <line num="838" count="8" type="stmt"/>
        <line num="839" count="8" type="stmt"/>
        <line num="841" count="8" type="cond" truecount="1" falsecount="1"/>
        <line num="842" count="8" type="stmt"/>
        <line num="850" count="8" type="cond" truecount="4" falsecount="0"/>
        <line num="851" count="7" type="stmt"/>
        <line num="859" count="7" type="stmt"/>
        <line num="863" count="8" type="cond" truecount="1" falsecount="1"/>
        <line num="864" count="8" type="stmt"/>
        <line num="867" count="8" type="cond" truecount="1" falsecount="1"/>
        <line num="868" count="8" type="stmt"/>
        <line num="874" count="8" type="cond" truecount="2" falsecount="0"/>
        <line num="875" count="1" type="stmt"/>
        <line num="878" count="8" type="stmt"/>
        <line num="881" count="8" type="cond" truecount="1" falsecount="1"/>
        <line num="882" count="8" type="stmt"/>
        <line num="892" count="5" type="stmt"/>
        <line num="893" count="5" type="stmt"/>
        <line num="895" count="5" type="cond" truecount="2" falsecount="0"/>
        <line num="896" count="4" type="stmt"/>
        <line num="904" count="4" type="cond" truecount="1" falsecount="1"/>
        <line num="905" count="4" type="stmt"/>
        <line num="908" count="4" type="stmt"/>
        <line num="911" count="5" type="cond" truecount="2" falsecount="0"/>
        <line num="912" count="5" type="stmt"/>
        <line num="956" count="62" type="stmt"/>
        <line num="957" count="62" type="stmt"/>
        <line num="961" count="62" type="stmt"/>
        <line num="963" count="62" type="stmt"/>
        <line num="969" count="62" type="stmt"/>
        <line num="973" count="0" type="stmt"/>
        <line num="977" count="0" type="cond" truecount="0" falsecount="2"/>
        <line num="978" count="0" type="cond" truecount="0" falsecount="3"/>
        <line num="979" count="0" type="stmt"/>
        <line num="980" count="0" type="cond" truecount="0" falsecount="4"/>
        <line num="981" count="0" type="stmt"/>
        <line num="984" count="0" type="stmt"/>
        <line num="995" count="86" type="stmt"/>
        <line num="996" count="86" type="stmt"/>
        <line num="997" count="86" type="cond" truecount="2" falsecount="0"/>
        <line num="998" count="86" type="cond" truecount="2" falsecount="0"/>
        <line num="1000" count="86" type="cond" truecount="2" falsecount="0"/>
        <line num="1001" count="6" type="stmt"/>
        <line num="1002" count="80" type="cond" truecount="1" falsecount="1"/>
        <line num="1003" count="0" type="stmt"/>
        <line num="1005" count="80" type="stmt"/>
        <line num="1008" count="86" type="stmt"/>
        <line num="1009" count="86" type="stmt"/>
        <line num="1010" count="86" type="stmt"/>
        <line num="1011" count="86" type="stmt"/>
        <line num="1012" count="86" type="stmt"/>
        <line num="1013" count="86" type="stmt"/>
        <line num="1016" count="86" type="cond" truecount="2" falsecount="0"/>
        <line num="1018" count="80" type="cond" truecount="1" falsecount="1"/>
        <line num="1019" count="80" type="stmt"/>
        <line num="1020" count="80" type="stmt"/>
        <line num="1021" count="240" type="stmt"/>
        <line num="1022" count="240" type="stmt"/>
        <line num="1023" count="237" type="stmt"/>
        <line num="1026" count="3" type="stmt"/>
        <line num="1030" count="0" type="stmt"/>
        <line num="1034" count="80" type="stmt"/>
        <line num="1035" count="80" type="stmt"/>
        <line num="1036" count="238" type="stmt"/>
        <line num="1037" count="238" type="stmt"/>
        <line num="1039" count="4" type="stmt"/>
        <line num="1040" count="4" type="stmt"/>
        <line num="1043" count="1" type="stmt"/>
        <line num="1044" count="1" type="stmt"/>
        <line num="1045" count="1" type="stmt"/>
        <line num="1046" count="1" type="stmt"/>
        <line num="1050" count="6" type="cond" truecount="2" falsecount="0"/>
        <line num="1051" count="1" type="stmt"/>
        <line num="1053" count="5" type="stmt"/>
        <line num="1056" count="85" type="stmt"/>
        <line num="1058" count="85" type="cond" truecount="4" falsecount="0"/>
        <line num="1060" count="1" type="stmt"/>
        <line num="1061" count="1" type="stmt"/>
        <line num="1064" count="84" type="stmt"/>
        <line num="1065" count="254" type="stmt"/>
        <line num="1067" count="179" type="stmt"/>
        <line num="1068" count="169" type="stmt"/>
        <line num="1070" count="169" type="cond" truecount="2" falsecount="0"/>
        <line num="1071" count="89" type="cond" truecount="2" falsecount="0"/>
        <line num="1072" count="87" type="stmt"/>
        <line num="1074" count="80" type="cond" truecount="2" falsecount="0"/>
        <line num="1080" count="78" type="stmt"/>
        <line num="1085" count="84" type="stmt"/>
        <line num="1087" count="83" type="stmt"/>
        <line num="1088" count="83" type="stmt"/>
        <line num="1089" count="83" type="stmt"/>
        <line num="1090" count="83" type="stmt"/>
        <line num="1092" count="82" type="cond" truecount="1" falsecount="1"/>
        <line num="1093" count="0" type="stmt"/>
        <line num="1095" count="82" type="stmt"/>
        <line num="1101" count="84" type="stmt"/>
        <line num="1102" count="84" type="stmt"/>
        <line num="1103" count="84" type="stmt"/>
        <line num="1105" count="84" type="stmt"/>
        <line num="1106" count="79" type="stmt"/>
        <line num="1107" count="78" type="stmt"/>
        <line num="1109" count="78" type="stmt"/>
        <line num="1110" count="78" type="stmt"/>
        <line num="1112" count="78" type="stmt"/>
        <line num="1113" count="78" type="stmt"/>
        <line num="1116" count="83" type="cond" truecount="5" falsecount="0"/>
        <line num="1117" count="16" type="stmt"/>
        <line num="1118" count="16" type="stmt"/>
        <line num="1127" count="67" type="cond" truecount="2" falsecount="0"/>
        <line num="1128" count="55" type="stmt"/>
        <line num="1129" count="55" type="stmt"/>
        <line num="1130" count="57" type="stmt"/>
        <line num="1132" count="55" type="cond" truecount="2" falsecount="0"/>
        <line num="1133" count="4" type="stmt"/>
        <line num="1135" count="51" type="stmt"/>
        <line num="1140" count="67" type="cond" truecount="2" falsecount="0"/>
        <line num="1141" count="7" type="stmt"/>
        <line num="1142" count="7" type="stmt"/>
        <line num="1143" count="8" type="stmt"/>
        <line num="1145" count="7" type="cond" truecount="1" falsecount="1"/>
        <line num="1146" count="0" type="stmt"/>
        <line num="1148" count="7" type="stmt"/>
        <line num="1152" count="67" type="cond" truecount="2" falsecount="0"/>
        <line num="1153" count="5" type="stmt"/>
        <line num="1154" count="5" type="stmt"/>
        <line num="1155" count="5" type="stmt"/>
        <line num="1157" count="5" type="cond" truecount="2" falsecount="0"/>
        <line num="1158" count="1" type="stmt"/>
        <line num="1160" count="4" type="stmt"/>
        <line num="1165" count="67" type="stmt"/>
        <line num="1166" count="86" type="cond" truecount="2" falsecount="0"/>
        <line num="1171" count="62" type="stmt"/>
        <line num="1175" count="67" type="stmt"/>
        <line num="1182" count="3" type="stmt"/>
        <line num="1183" count="3" type="stmt"/>
        <line num="1184" count="3" type="stmt"/>
        <line num="1185" count="3" type="stmt"/>
      </file>
      <file name="index.ts" path="/Users/s.hussain/salesforce/sfnext-split-footwear/packages/storefront-next-dev/src/cartridge-services/index.ts">
        <metrics statements="0" coveredstatements="0" conditionals="0" coveredconditionals="0" methods="0" coveredmethods="0"/>
      </file>
      <file name="react-router-config.ts" path="/Users/s.hussain/salesforce/sfnext-split-footwear/packages/storefront-next-dev/src/cartridge-services/react-router-config.ts">
        <metrics statements="44" coveredstatements="40" conditionals="33" coveredconditionals="30" methods="5" coveredmethods="5"/>
        <line num="25" count="1" type="stmt"/>
        <line num="28" count="23" type="cond" truecount="2" falsecount="0"/>
        <line num="29" count="22" type="stmt"/>
        <line num="32" count="1" type="stmt"/>
        <line num="33" count="1" type="stmt"/>
        <line num="38" count="1" type="stmt"/>
        <line num="40" count="0" type="stmt"/>
        <line num="42" count="1" type="stmt"/>
        <line num="56" count="23" type="cond" truecount="1" falsecount="1"/>
        <line num="57" count="0" type="stmt"/>
        <line num="63" count="23" type="stmt"/>
        <line num="65" count="23" type="stmt"/>
        <line num="67" count="23" type="stmt"/>
        <line num="73" count="23" type="stmt"/>
        <line num="74" count="23" type="stmt"/>
        <line num="76" count="0" type="stmt"/>
        <line num="79" count="23" type="stmt"/>
        <line num="80" count="23" type="cond" truecount="1" falsecount="1"/>
        <line num="81" count="0" type="stmt"/>
        <line num="101" count="23" type="stmt"/>
        <line num="104" count="23" type="stmt"/>
        <line num="105" count="23" type="stmt"/>
        <line num="110" count="647" type="stmt"/>
        <line num="113" count="23" type="stmt"/>
        <line num="115" count="496" type="stmt"/>
        <line num="116" count="496" type="stmt"/>
        <line num="119" count="496" type="cond" truecount="2" falsecount="0"/>
        <line num="125" count="15" type="stmt"/>
        <line num="130" count="8" type="stmt"/>
        <line num="131" count="8" type="stmt"/>
        <line num="145" count="115" type="stmt"/>
        <line num="147" count="115" type="stmt"/>
        <line num="150" count="647" type="cond" truecount="2" falsecount="0"/>
        <line num="151" count="46" type="cond" truecount="2" falsecount="0"/>
        <line num="152" count="601" type="cond" truecount="2" falsecount="0"/>
        <line num="154" count="532" type="cond" truecount="2" falsecount="0"/>
        <line num="155" count="532" type="cond" truecount="2" falsecount="0"/>
        <line num="158" count="69" type="cond" truecount="2" falsecount="0"/>
        <line num="162" count="647" type="cond" truecount="1" falsecount="1"/>
        <line num="163" count="647" type="stmt"/>
        <line num="172" count="647" type="cond" truecount="4" falsecount="0"/>
        <line num="173" count="92" type="cond" truecount="2" falsecount="0"/>
        <line num="174" count="92" type="stmt"/>
        <line num="178" count="115" type="stmt"/>
      </file>
      <file name="validate-cartridge.ts" path="/Users/s.hussain/salesforce/sfnext-split-footwear/packages/storefront-next-dev/src/cartridge-services/validate-cartridge.ts">
        <metrics statements="14" coveredstatements="14" conditionals="2" coveredconditionals="2" methods="3" coveredmethods="3"/>
        <line num="43" count="5" type="stmt"/>
        <line num="45" count="5" type="stmt"/>
        <line num="46" count="5" type="stmt"/>
        <line num="48" count="5" type="stmt"/>
        <line num="49" count="6" type="stmt"/>
        <line num="50" count="6" type="stmt"/>
        <line num="51" count="6" type="stmt"/>
        <line num="53" count="2" type="cond" truecount="2" falsecount="0"/>
        <line num="54" count="1" type="stmt"/>
        <line num="55" count="1" type="stmt"/>
        <line num="57" count="1" type="stmt"/>
        <line num="61" count="4" type="stmt"/>
        <line num="62" count="4" type="stmt"/>
        <line num="64" count="4" type="stmt"/>
      </file>
    </package>
    <package name="src.cartridge-services.test">
      <metrics statements="2" coveredstatements="2" conditionals="0" coveredconditionals="0" methods="0" coveredmethods="0"/>
      <file name="generate-cartridge.data.ts" path="/Users/s.hussain/salesforce/sfnext-split-footwear/packages/storefront-next-dev/src/cartridge-services/test/generate-cartridge.data.ts">
        <metrics statements="2" coveredstatements="2" conditionals="0" coveredconditionals="0" methods="0" coveredmethods="0"/>
        <line num="16" count="1" type="stmt"/>
        <line num="276" count="1" type="stmt"/>
      </file>
    </package>
    <package name="src.commands">
      <metrics statements="209" coveredstatements="203" conditionals="116" coveredconditionals="106" methods="13" coveredmethods="12"/>
      <file name="create-bundle.ts" path="/Users/s.hussain/salesforce/sfnext-split-footwear/packages/storefront-next-dev/src/commands/create-bundle.ts">
        <metrics statements="6" coveredstatements="6" conditionals="0" coveredconditionals="0" methods="1" coveredmethods="1"/>
        <line num="25" count="1" type="stmt"/>
        <line num="27" count="1" type="stmt"/>
        <line num="33" count="1" type="stmt"/>
        <line num="55" count="3" type="stmt"/>
        <line num="57" count="3" type="stmt"/>
        <line num="65" count="3" type="stmt"/>
      </file>
      <file name="create-instructions.ts" path="/Users/s.hussain/salesforce/sfnext-split-footwear/packages/storefront-next-dev/src/commands/create-instructions.ts">
        <metrics statements="14" coveredstatements="14" conditionals="4" coveredconditionals="4" methods="2" coveredmethods="2"/>
        <line num="23" count="1" type="stmt"/>
        <line num="24" count="1" type="stmt"/>
        <line num="31" count="1" type="stmt"/>
        <line num="33" count="1" type="stmt"/>
        <line num="38" count="1" type="stmt"/>
        <line num="74" count="2" type="stmt"/>
        <line num="76" count="2" type="stmt"/>
        <line num="78" count="2" type="stmt"/>
        <line num="79" count="2" type="stmt"/>
        <line num="80" count="2" type="stmt"/>
        <line num="81" count="2" type="cond" truecount="2" falsecount="0"/>
        <line num="83" count="2" type="stmt"/>
        <line num="85" count="2" type="stmt"/>
        <line num="96" count="2" type="stmt"/>
      </file>
      <file name="create-storefront.ts" path="/Users/s.hussain/salesforce/sfnext-split-footwear/packages/storefront-next-dev/src/commands/create-storefront.ts">
        <metrics statements="5" coveredstatements="5" conditionals="0" coveredconditionals="0" methods="1" coveredmethods="1"/>
        <line num="24" count="1" type="stmt"/>
        <line num="26" count="1" type="stmt"/>
        <line num="34" count="1" type="stmt"/>
        <line num="69" count="1" type="stmt"/>
        <line num="71" count="1" type="stmt"/>
      </file>
      <file name="deploy-cartridge.ts" path="/Users/s.hussain/salesforce/sfnext-split-footwear/packages/storefront-next-dev/src/commands/deploy-cartridge.ts">
        <metrics statements="43" coveredstatements="43" conditionals="28" coveredconditionals="25" methods="1" coveredmethods="1"/>
        <line num="43" count="1" type="stmt"/>
        <line num="45" count="1" type="stmt"/>
        <line num="56" count="1" type="stmt"/>
        <line num="71" count="18" type="stmt"/>
        <line num="72" count="18" type="cond" truecount="1" falsecount="1"/>
        <line num="75" count="18" type="cond" truecount="2" falsecount="0"/>
        <line num="76" count="1" type="stmt"/>
        <line num="80" count="17" type="stmt"/>
        <line num="81" count="17" type="stmt"/>
        <line num="84" count="17" type="cond" truecount="2" falsecount="0"/>
        <line num="85" count="2" type="stmt"/>
        <line num="89" count="15" type="stmt"/>
        <line num="90" count="15" type="stmt"/>
        <line num="92" count="15" type="stmt"/>
        <line num="97" count="15" type="cond" truecount="2" falsecount="0"/>
        <line num="98" count="18" type="cond" truecount="4" falsecount="0"/>
        <line num="99" count="2" type="cond" truecount="2" falsecount="0"/>
        <line num="102" count="2" type="stmt"/>
        <line num="108" count="13" type="cond" truecount="2" falsecount="0"/>
        <line num="109" count="3" type="stmt"/>
        <line num="111" count="3" type="stmt"/>
        <line num="112" count="3" type="stmt"/>
        <line num="114" count="1" type="stmt"/>
        <line num="118" count="2" type="cond" truecount="2" falsecount="0"/>
        <line num="119" count="1" type="stmt"/>
        <line num="121" count="1" type="stmt"/>
        <line num="122" count="1" type="stmt"/>
        <line num="126" count="11" type="stmt"/>
        <line num="128" count="11" type="cond" truecount="2" falsecount="0"/>
        <line num="129" count="1" type="stmt"/>
        <line num="132" count="10" type="stmt"/>
        <line num="133" count="10" type="stmt"/>
        <line num="134" count="10" type="stmt"/>
        <line num="138" count="10" type="cond" truecount="2" falsecount="0"/>
        <line num="139" count="1" type="stmt"/>
        <line num="140" count="1" type="stmt"/>
        <line num="144" count="10" type="stmt"/>
        <line num="147" count="10" type="cond" truecount="2" falsecount="0"/>
        <line num="148" count="2" type="stmt"/>
        <line num="149" count="2" type="stmt"/>
        <line num="150" count="1" type="stmt"/>
        <line num="152" count="1" type="cond" truecount="1" falsecount="1"/>
        <line num="156" count="10" type="stmt"/>
      </file>
      <file name="dev.ts" path="/Users/s.hussain/salesforce/sfnext-split-footwear/packages/storefront-next-dev/src/commands/dev.ts">
        <metrics statements="5" coveredstatements="5" conditionals="0" coveredconditionals="0" methods="1" coveredmethods="1"/>
        <line num="25" count="1" type="stmt"/>
        <line num="27" count="1" type="stmt"/>
        <line num="32" count="1" type="stmt"/>
        <line num="41" count="3" type="stmt"/>
        <line num="43" count="3" type="stmt"/>
      </file>
      <file name="generate-cartridge.ts" path="/Users/s.hussain/salesforce/sfnext-split-footwear/packages/storefront-next-dev/src/commands/generate-cartridge.ts">
        <metrics statements="30" coveredstatements="28" conditionals="16" coveredconditionals="14" methods="1" coveredmethods="1"/>
        <line num="33" count="1" type="stmt"/>
        <line num="35" count="1" type="stmt"/>
        <line num="37" count="1" type="stmt"/>
        <line num="42" count="7" type="stmt"/>
        <line num="43" count="7" type="stmt"/>
        <line num="46" count="7" type="cond" truecount="2" falsecount="0"/>
        <line num="47" count="1" type="stmt"/>
        <line num="51" count="6" type="stmt"/>
        <line num="54" count="6" type="cond" truecount="2" falsecount="0"/>
        <line num="55" count="1" type="stmt"/>
        <line num="56" count="1" type="stmt"/>
        <line num="59" count="6" type="stmt"/>
        <line num="61" count="6" type="stmt"/>
        <line num="63" count="6" type="stmt"/>
        <line num="65" count="6" type="stmt"/>
        <line num="67" count="6" type="stmt"/>
        <line num="69" count="6" type="stmt"/>
        <line num="70" count="0" type="stmt"/>
        <line num="73" count="6" type="stmt"/>
        <line num="74" count="2" type="cond" truecount="1" falsecount="1"/>
        <line num="75" count="2" type="cond" truecount="2" falsecount="0"/>
        <line num="77" count="2" type="cond" truecount="1" falsecount="1"/>
        <line num="78" count="0" type="stmt"/>
        <line num="80" count="2" type="stmt"/>
        <line num="81" count="2" type="stmt"/>
        <line num="82" count="2" type="cond" truecount="4" falsecount="0"/>
        <line num="83" count="2" type="stmt"/>
        <line num="88" count="6" type="stmt"/>
        <line num="90" count="6" type="cond" truecount="2" falsecount="0"/>
        <line num="91" count="2" type="stmt"/>
      </file>
      <file name="prepare-local.ts" path="/Users/s.hussain/salesforce/sfnext-split-footwear/packages/storefront-next-dev/src/commands/prepare-local.ts">
        <metrics statements="5" coveredstatements="5" conditionals="0" coveredconditionals="0" methods="1" coveredmethods="1"/>
        <line num="26" count="1" type="stmt"/>
        <line num="28" count="1" type="stmt"/>
        <line num="33" count="1" type="stmt"/>
        <line num="42" count="3" type="stmt"/>
        <line num="44" count="3" type="stmt"/>
      </file>
      <file name="preview.ts" path="/Users/s.hussain/salesforce/sfnext-split-footwear/packages/storefront-next-dev/src/commands/preview.ts">
        <metrics statements="5" coveredstatements="5" conditionals="0" coveredconditionals="0" methods="1" coveredmethods="1"/>
        <line num="25" count="1" type="stmt"/>
        <line num="27" count="1" type="stmt"/>
        <line num="32" count="1" type="stmt"/>
        <line num="41" count="3" type="stmt"/>
        <line num="43" count="3" type="stmt"/>
      </file>
      <file name="push.ts" path="/Users/s.hussain/salesforce/sfnext-split-footwear/packages/storefront-next-dev/src/commands/push.ts">
        <metrics statements="67" coveredstatements="63" conditionals="50" coveredconditionals="46" methods="3" coveredmethods="2"/>
        <line num="48" count="1" type="stmt"/>
        <line num="50" count="1" type="stmt"/>
        <line num="57" count="1" type="stmt"/>
        <line num="85" count="12" type="stmt"/>
        <line num="86" count="12" type="cond" truecount="1" falsecount="1"/>
        <line num="89" count="12" type="cond" truecount="2" falsecount="0"/>
        <line num="90" count="2" type="stmt"/>
        <line num="92" count="12" type="cond" truecount="2" falsecount="0"/>
        <line num="93" count="2" type="stmt"/>
        <line num="98" count="12" type="cond" truecount="3" falsecount="0"/>
        <line num="101" count="12" type="cond" truecount="4" falsecount="0"/>
        <line num="102" count="1" type="stmt"/>
        <line num="108" count="11" type="cond" truecount="2" falsecount="0"/>
        <line num="109" count="1" type="stmt"/>
        <line num="113" count="10" type="cond" truecount="3" falsecount="0"/>
        <line num="114" count="12" type="cond" truecount="4" falsecount="0"/>
        <line num="115" count="1" type="stmt"/>
        <line num="121" count="9" type="cond" truecount="2" falsecount="0"/>
        <line num="122" count="12" type="cond" truecount="2" falsecount="0"/>
        <line num="123" count="1" type="stmt"/>
        <line num="127" count="8" type="cond" truecount="1" falsecount="1"/>
        <line num="128" count="0" type="stmt"/>
        <line num="132" count="8" type="cond" truecount="2" falsecount="0"/>
        <line num="133" count="7" type="stmt"/>
        <line num="137" count="8" type="stmt"/>
        <line num="140" count="8" type="stmt"/>
        <line num="143" count="7" type="cond" truecount="2" falsecount="0"/>
        <line num="145" count="12" type="stmt"/>
        <line num="146" count="12" type="cond" truecount="2" falsecount="0"/>
        <line num="147" count="7" type="stmt"/>
        <line num="151" count="7" type="stmt"/>
        <line num="162" count="7" type="cond" truecount="2" falsecount="0"/>
        <line num="163" count="12" type="stmt"/>
        <line num="165" count="12" type="stmt"/>
        <line num="166" count="12" type="stmt"/>
        <line num="167" count="7" type="stmt"/>
        <line num="174" count="7" type="cond" truecount="2" falsecount="0"/>
        <line num="175" count="12" type="stmt"/>
        <line num="176" count="1" type="stmt"/>
        <line num="179" count="7" type="cond" truecount="4" falsecount="0"/>
        <line num="180" count="1" type="stmt"/>
        <line num="181" count="1" type="stmt"/>
        <line num="182" count="1" type="stmt"/>
        <line num="188" count="0" type="cond" truecount="0" falsecount="2"/>
        <line num="189" count="0" type="stmt"/>
        <line num="190" count="0" type="stmt"/>
        <line num="196" count="1" type="stmt"/>
        <line num="205" count="5" type="stmt"/>
        <line num="207" count="5" type="stmt"/>
        <line num="208" count="5" type="stmt"/>
        <line num="211" count="5" type="cond" truecount="2" falsecount="0"/>
        <line num="212" count="1" type="stmt"/>
        <line num="215" count="5" type="stmt"/>
        <line num="216" count="4" type="stmt"/>
        <line num="218" count="4" type="stmt"/>
        <line num="220" count="4" type="cond" truecount="2" falsecount="0"/>
        <line num="221" count="2" type="stmt"/>
        <line num="222" count="2" type="stmt"/>
        <line num="225" count="2" type="cond" truecount="2" falsecount="0"/>
        <line num="226" count="1" type="stmt"/>
        <line num="227" count="1" type="stmt"/>
        <line num="230" count="1" type="stmt"/>
        <line num="231" count="1" type="stmt"/>
        <line num="232" count="1" type="stmt"/>
        <line num="240" count="1" type="stmt"/>
        <line num="241" count="1" type="stmt"/>
        <line num="244" count="1" type="stmt"/>
      </file>
      <file name="validate-cartridge.ts" path="/Users/s.hussain/salesforce/sfnext-split-footwear/packages/storefront-next-dev/src/commands/validate-cartridge.ts">
        <metrics statements="29" coveredstatements="29" conditionals="18" coveredconditionals="17" methods="1" coveredmethods="1"/>
        <line num="32" count="1" type="stmt"/>
        <line num="34" count="1" type="stmt"/>
        <line num="36" count="1" type="stmt"/>
        <line num="41" count="7" type="stmt"/>
        <line num="42" count="7" type="stmt"/>
        <line num="44" count="7" type="cond" truecount="2" falsecount="0"/>
        <line num="45" count="1" type="stmt"/>
        <line num="48" count="6" type="stmt"/>
        <line num="50" count="6" type="cond" truecount="2" falsecount="0"/>
        <line num="51" count="1" type="stmt"/>
        <line num="56" count="5" type="stmt"/>
        <line num="58" count="5" type="stmt"/>
        <line num="60" count="5" type="cond" truecount="2" falsecount="0"/>
        <line num="61" count="1" type="stmt"/>
        <line num="62" count="1" type="stmt"/>
        <line num="65" count="4" type="stmt"/>
        <line num="66" count="1" type="stmt"/>
        <line num="69" count="4" type="stmt"/>
        <line num="70" count="4" type="cond" truecount="1" falsecount="1"/>
        <line num="71" count="4" type="cond" truecount="2" falsecount="0"/>
        <line num="73" count="4" type="cond" truecount="2" falsecount="0"/>
        <line num="74" count="2" type="stmt"/>
        <line num="76" count="2" type="stmt"/>
        <line num="77" count="2" type="stmt"/>
        <line num="78" count="2" type="cond" truecount="4" falsecount="0"/>
        <line num="79" count="2" type="stmt"/>
        <line num="84" count="4" type="stmt"/>
        <line num="86" count="4" type="cond" truecount="2" falsecount="0"/>
        <line num="87" count="2" type="stmt"/>
      </file>
    </package>
    <package name="src.commands.config">
      <metrics statements="91" coveredstatements="78" conditionals="30" coveredconditionals="28" methods="22" coveredmethods="19"/>
      <file name="aggregate-extensions.ts" path="/Users/s.hussain/salesforce/sfnext-split-footwear/packages/storefront-next-dev/src/commands/config/aggregate-extensions.ts">
        <metrics statements="5" coveredstatements="0" conditionals="0" coveredconditionals="0" methods="1" coveredmethods="0"/>
        <line num="22" count="0" type="stmt"/>
        <line num="24" count="0" type="stmt"/>
        <line num="30" count="0" type="stmt"/>
        <line num="39" count="0" type="stmt"/>
        <line num="41" count="0" type="stmt"/>
      </file>
      <file name="inspect-utils.ts" path="/Users/s.hussain/salesforce/sfnext-split-footwear/packages/storefront-next-dev/src/commands/config/inspect-utils.ts">
        <metrics statements="44" coveredstatements="44" conditionals="16" coveredconditionals="16" methods="13" coveredmethods="13"/>
        <line num="24" count="15" type="stmt"/>
        <line num="32" count="15" type="stmt"/>
        <line num="44" count="11" type="stmt"/>
        <line num="45" count="11" type="stmt"/>
        <line num="46" count="9" type="cond" truecount="2" falsecount="0"/>
        <line num="48" count="11" type="stmt"/>
        <line num="62" count="22" type="stmt"/>
        <line num="63" count="22" type="stmt"/>
        <line num="65" count="22" type="stmt"/>
        <line num="66" count="15" type="stmt"/>
        <line num="67" count="5" type="stmt"/>
        <line num="69" count="22" type="stmt"/>
        <line num="70" count="22" type="cond" truecount="2" falsecount="0"/>
        <line num="71" count="9" type="stmt"/>
        <line num="73" count="13" type="stmt"/>
        <line num="75" count="22" type="stmt"/>
        <line num="77" count="22" type="stmt"/>
        <line num="78" count="22" type="stmt"/>
        <line num="79" count="22" type="stmt"/>
        <line num="80" count="22" type="cond" truecount="2" falsecount="0"/>
        <line num="81" count="15" type="stmt"/>
        <line num="83" count="10" type="stmt"/>
        <line num="84" count="7" type="stmt"/>
        <line num="85" count="10" type="cond" truecount="2" falsecount="0"/>
        <line num="86" count="10" type="cond" truecount="2" falsecount="0"/>
        <line num="87" count="10" type="stmt"/>
        <line num="90" count="22" type="stmt"/>
        <line num="92" count="22" type="cond" truecount="2" falsecount="0"/>
        <line num="93" count="9" type="stmt"/>
        <line num="94" count="9" type="stmt"/>
        <line num="95" count="9" type="stmt"/>
        <line num="96" count="9" type="stmt"/>
        <line num="97" count="13" type="stmt"/>
        <line num="98" count="10" type="stmt"/>
        <line num="99" count="6" type="stmt"/>
        <line num="100" count="9" type="cond" truecount="2" falsecount="0"/>
        <line num="101" count="3" type="stmt"/>
        <line num="103" count="10" type="stmt"/>
        <line num="104" count="6" type="stmt"/>
        <line num="105" count="10" type="stmt"/>
        <line num="106" count="10" type="cond" truecount="2" falsecount="0"/>
        <line num="107" count="10" type="stmt"/>
        <line num="110" count="9" type="stmt"/>
        <line num="113" count="22" type="stmt"/>
      </file>
      <file name="inspect.ts" path="/Users/s.hussain/salesforce/sfnext-split-footwear/packages/storefront-next-dev/src/commands/config/inspect.ts">
        <metrics statements="42" coveredstatements="34" conditionals="14" coveredconditionals="12" methods="8" coveredmethods="6"/>
        <line num="36" count="1" type="stmt"/>
        <line num="38" count="1" type="stmt"/>
        <line num="44" count="1" type="stmt"/>
        <line num="49" count="8" type="stmt"/>
        <line num="51" count="0" type="stmt"/>
        <line num="52" count="0" type="stmt"/>
        <line num="53" count="0" type="stmt"/>
        <line num="55" count="0" type="cond" truecount="0" falsecount="2"/>
        <line num="56" count="0" type="stmt"/>
        <line num="63" count="0" type="stmt"/>
        <line num="67" count="0" type="stmt"/>
        <line num="68" count="0" type="stmt"/>
        <line num="74" count="8" type="stmt"/>
        <line num="75" count="8" type="stmt"/>
        <line num="77" count="8" type="stmt"/>
        <line num="79" count="8" type="stmt"/>
        <line num="81" count="8" type="cond" truecount="2" falsecount="0"/>
        <line num="82" count="4" type="stmt"/>
        <line num="88" count="8" type="stmt"/>
        <line num="89" count="8" type="stmt"/>
        <line num="90" count="8" type="stmt"/>
        <line num="91" count="8" type="stmt"/>
        <line num="92" count="8" type="stmt"/>
        <line num="94" count="1" type="stmt"/>
        <line num="96" count="8" type="stmt"/>
        <line num="99" count="8" type="stmt"/>
        <line num="100" count="8" type="stmt"/>
        <line num="101" count="8" type="stmt"/>
        <line num="102" count="2" type="stmt"/>
        <line num="108" count="8" type="cond" truecount="3" falsecount="0"/>
        <line num="112" count="8" type="cond" truecount="3" falsecount="0"/>
        <line num="116" count="8" type="stmt"/>
        <line num="118" count="8" type="cond" truecount="4" falsecount="0"/>
        <line num="119" count="4" type="stmt"/>
        <line num="120" count="4" type="stmt"/>
        <line num="121" count="4" type="stmt"/>
        <line num="125" count="3" type="stmt"/>
        <line num="127" count="1" type="stmt"/>
        <line num="130" count="4" type="stmt"/>
        <line num="136" count="8" type="stmt"/>
        <line num="138" count="8" type="stmt"/>
        <line num="139" count="8" type="stmt"/>
      </file>
    </package>
    <package name="src.commands.extensions">
      <metrics statements="22" coveredstatements="22" conditionals="10" coveredconditionals="10" methods="5" coveredmethods="5"/>
      <file name="create.ts" path="/Users/s.hussain/salesforce/sfnext-split-footwear/packages/storefront-next-dev/src/commands/extensions/create.ts">
        <metrics statements="5" coveredstatements="5" conditionals="4" coveredconditionals="4" methods="1" coveredmethods="1"/>
        <line num="24" count="1" type="stmt"/>
        <line num="26" count="1" type="stmt"/>
        <line num="31" count="1" type="stmt"/>
        <line num="48" count="3" type="stmt"/>
        <line num="51" count="3" type="stmt"/>
      </file>
      <file name="install.ts" path="/Users/s.hussain/salesforce/sfnext-split-footwear/packages/storefront-next-dev/src/commands/extensions/install.ts">
        <metrics statements="6" coveredstatements="6" conditionals="4" coveredconditionals="4" methods="1" coveredmethods="1"/>
        <line num="23" count="1" type="cond" truecount="2" falsecount="0"/>
        <line num="29" count="1" type="stmt"/>
        <line num="31" count="1" type="stmt"/>
        <line num="36" count="1" type="stmt"/>
        <line num="50" count="3" type="stmt"/>
        <line num="52" count="3" type="stmt"/>
      </file>
      <file name="list.ts" path="/Users/s.hussain/salesforce/sfnext-split-footwear/packages/storefront-next-dev/src/commands/extensions/list.ts">
        <metrics statements="5" coveredstatements="5" conditionals="0" coveredconditionals="0" methods="1" coveredmethods="1"/>
        <line num="25" count="1" type="stmt"/>
        <line num="27" count="1" type="stmt"/>
        <line num="29" count="1" type="stmt"/>
        <line num="34" count="2" type="stmt"/>
        <line num="36" count="2" type="stmt"/>
      </file>
      <file name="remove.ts" path="/Users/s.hussain/salesforce/sfnext-split-footwear/packages/storefront-next-dev/src/commands/extensions/remove.ts">
        <metrics statements="6" coveredstatements="6" conditionals="2" coveredconditionals="2" methods="2" coveredmethods="2"/>
        <line num="25" count="1" type="stmt"/>
        <line num="27" count="1" type="stmt"/>
        <line num="32" count="1" type="stmt"/>
        <line num="41" count="3" type="stmt"/>
        <line num="44" count="4" type="cond" truecount="2" falsecount="0"/>
        <line num="46" count="3" type="stmt"/>
      </file>
    </package>
    <package name="src.commands.locales">
      <metrics statements="5" coveredstatements="0" conditionals="0" coveredconditionals="0" methods="1" coveredmethods="0"/>
      <file name="aggregate-extensions.ts" path="/Users/s.hussain/salesforce/sfnext-split-footwear/packages/storefront-next-dev/src/commands/locales/aggregate-extensions.ts">
        <metrics statements="5" coveredstatements="0" conditionals="0" coveredconditionals="0" methods="1" coveredmethods="0"/>
        <line num="21" count="0" type="stmt"/>
        <line num="23" count="0" type="stmt"/>
        <line num="29" count="0" type="stmt"/>
        <line num="38" count="0" type="stmt"/>
        <line num="40" count="0" type="stmt"/>
      </file>
    </package>
    <package name="src.commands.scapi">
      <metrics statements="211" coveredstatements="206" conditionals="106" coveredconditionals="92" methods="14" coveredmethods="14"/>
      <file name="add.ts" path="/Users/s.hussain/salesforce/sfnext-split-footwear/packages/storefront-next-dev/src/commands/scapi/add.ts">
        <metrics statements="83" coveredstatements="80" conditionals="48" coveredconditionals="43" methods="1" coveredmethods="1"/>
        <line num="65" count="1" type="stmt"/>
        <line num="67" count="1" type="stmt"/>
        <line num="74" count="1" type="stmt"/>
        <line num="89" count="1" type="stmt"/>
        <line num="114" count="10" type="stmt"/>
        <line num="115" count="10" type="cond" truecount="1" falsecount="1"/>
        <line num="116" count="10" type="stmt"/>
        <line num="118" count="10" type="cond" truecount="2" falsecount="0"/>
        <line num="119" count="4" type="cond" truecount="5" falsecount="0"/>
        <line num="120" count="1" type="stmt"/>
        <line num="130" count="9" type="cond" truecount="2" falsecount="0"/>
        <line num="131" count="3" type="stmt"/>
        <line num="136" count="3" type="cond" truecount="2" falsecount="0"/>
        <line num="138" count="3" type="stmt"/>
        <line num="139" count="3" type="cond" truecount="2" falsecount="0"/>
        <line num="140" count="1" type="stmt"/>
        <line num="144" count="2" type="cond" truecount="1" falsecount="1"/>
        <line num="145" count="0" type="stmt"/>
        <line num="150" count="2" type="stmt"/>
        <line num="151" count="2" type="stmt"/>
        <line num="152" count="2" type="stmt"/>
        <line num="154" count="2" type="stmt"/>
        <line num="156" count="2" type="stmt"/>
        <line num="166" count="2" type="cond" truecount="4" falsecount="0"/>
        <line num="167" count="1" type="stmt"/>
        <line num="170" count="1" type="stmt"/>
        <line num="171" count="1" type="stmt"/>
        <line num="172" count="1" type="stmt"/>
        <line num="174" count="1" type="stmt"/>
        <line num="175" count="1" type="stmt"/>
        <line num="176" count="1" type="stmt"/>
        <line num="177" count="1" type="stmt"/>
        <line num="179" count="6" type="stmt"/>
        <line num="180" count="6" type="cond" truecount="1" falsecount="1"/>
        <line num="181" count="0" type="stmt"/>
        <line num="184" count="6" type="stmt"/>
        <line num="185" count="6" type="cond" truecount="2" falsecount="0"/>
        <line num="186" count="1" type="stmt"/>
        <line num="189" count="5" type="cond" truecount="2" falsecount="0"/>
        <line num="190" count="1" type="stmt"/>
        <line num="192" count="4" type="stmt"/>
        <line num="194" count="4" type="stmt"/>
        <line num="195" count="4" type="stmt"/>
        <line num="197" count="4" type="stmt"/>
        <line num="198" count="4" type="stmt"/>
        <line num="199" count="4" type="stmt"/>
        <line num="201" count="4" type="stmt"/>
        <line num="202" count="4" type="stmt"/>
        <line num="203" count="4" type="stmt"/>
        <line num="206" count="5" type="stmt"/>
        <line num="207" count="5" type="stmt"/>
        <line num="208" count="5" type="stmt"/>
        <line num="210" count="5" type="stmt"/>
        <line num="211" count="5" type="cond" truecount="1" falsecount="1"/>
        <line num="212" count="5" type="stmt"/>
        <line num="213" count="5" type="cond" truecount="2" falsecount="0"/>
        <line num="214" count="1" type="cond" truecount="1" falsecount="1"/>
        <line num="215" count="1" type="stmt"/>
        <line num="220" count="1" type="stmt"/>
        <line num="221" count="1" type="stmt"/>
        <line num="223" count="0" type="stmt"/>
        <line num="226" count="4" type="stmt"/>
        <line num="230" count="5" type="cond" truecount="2" falsecount="0"/>
        <line num="239" count="10" type="cond" truecount="2" falsecount="0"/>
        <line num="240" count="10" type="cond" truecount="3" falsecount="0"/>
        <line num="241" count="10" type="cond" truecount="2" falsecount="0"/>
        <line num="243" count="10" type="cond" truecount="2" falsecount="0"/>
        <line num="244" count="3" type="stmt"/>
        <line num="245" count="3" type="stmt"/>
        <line num="247" count="2" type="stmt"/>
        <line num="250" count="5" type="stmt"/>
        <line num="251" count="5" type="stmt"/>
        <line num="259" count="5" type="stmt"/>
        <line num="260" count="5" type="stmt"/>
        <line num="261" count="5" type="stmt"/>
        <line num="262" count="5" type="stmt"/>
        <line num="264" count="5" type="stmt"/>
        <line num="265" count="5" type="stmt"/>
        <line num="266" count="5" type="stmt"/>
        <line num="268" count="5" type="cond" truecount="2" falsecount="0"/>
        <line num="269" count="3" type="stmt"/>
        <line num="270" count="3" type="stmt"/>
        <line num="276" count="2" type="stmt"/>
      </file>
      <file name="available.ts" path="/Users/s.hussain/salesforce/sfnext-split-footwear/packages/storefront-next-dev/src/commands/scapi/available.ts">
        <metrics statements="68" coveredstatements="68" conditionals="38" coveredconditionals="32" methods="6" coveredmethods="6"/>
        <line num="29" count="1" type="stmt"/>
        <line num="61" count="1" type="stmt"/>
        <line num="63" count="1" type="stmt"/>
        <line num="66" count="10" type="stmt"/>
        <line num="67" count="10" type="cond" truecount="2" falsecount="0"/>
        <line num="68" count="1" type="stmt"/>
        <line num="72" count="9" type="cond" truecount="2" falsecount="0"/>
        <line num="73" count="1" type="stmt"/>
        <line num="76" count="8" type="stmt"/>
        <line num="77" count="8" type="stmt"/>
        <line num="78" count="8" type="stmt"/>
        <line num="83" count="8" type="stmt"/>
        <line num="89" count="8" type="stmt"/>
        <line num="90" count="8" type="stmt"/>
        <line num="91" count="136" type="stmt"/>
        <line num="92" count="136" type="stmt"/>
        <line num="106" count="102" type="cond" truecount="4" falsecount="0"/>
        <line num="107" count="84" type="stmt"/>
        <line num="108" count="84" type="stmt"/>
        <line num="112" count="18" type="cond" truecount="1" falsecount="1"/>
        <line num="114" count="136" type="stmt"/>
        <line num="115" count="136" type="stmt"/>
        <line num="116" count="136" type="stmt"/>
        <line num="117" count="11" type="cond" truecount="1" falsecount="1"/>
        <line num="118" count="12" type="stmt"/>
        <line num="119" count="11" type="cond" truecount="1" falsecount="1"/>
        <line num="120" count="11" type="stmt"/>
        <line num="121" count="11" type="stmt"/>
        <line num="124" count="18" type="stmt"/>
        <line num="126" count="34" type="stmt"/>
        <line num="136" count="156" type="stmt"/>
        <line num="138" count="136" type="stmt"/>
        <line num="139" count="136" type="cond" truecount="2" falsecount="0"/>
        <line num="140" count="136" type="stmt"/>
        <line num="142" count="8" type="stmt"/>
        <line num="143" count="8" type="cond" truecount="2" falsecount="0"/>
        <line num="144" count="2" type="stmt"/>
        <line num="145" count="2" type="stmt"/>
        <line num="146" count="2" type="stmt"/>
        <line num="147" count="2" type="stmt"/>
        <line num="148" count="2" type="cond" truecount="2" falsecount="0"/>
        <line num="149" count="1" type="stmt"/>
        <line num="153" count="8" type="cond" truecount="2" falsecount="0"/>
        <line num="154" count="1" type="stmt"/>
        <line num="155" count="1" type="stmt"/>
        <line num="156" count="16" type="stmt"/>
        <line num="159" count="8" type="cond" truecount="2" falsecount="0"/>
        <line num="160" count="7" type="stmt"/>
        <line num="161" count="7" type="stmt"/>
        <line num="162" count="118" type="stmt"/>
        <line num="167" count="8" type="stmt"/>
        <line num="173" count="8" type="stmt"/>
        <line num="174" count="8" type="cond" truecount="4" falsecount="0"/>
        <line num="175" count="1" type="stmt"/>
        <line num="176" count="1" type="stmt"/>
        <line num="178" count="7" type="cond" truecount="1" falsecount="1"/>
        <line num="179" count="10" type="stmt"/>
        <line num="180" count="10" type="stmt"/>
        <line num="181" count="1" type="cond" truecount="1" falsecount="1"/>
        <line num="182" count="1" type="stmt"/>
        <line num="183" count="1" type="cond" truecount="1" falsecount="1"/>
        <line num="184" count="1" type="stmt"/>
        <line num="188" count="7" type="cond" truecount="2" falsecount="0"/>
        <line num="189" count="6" type="stmt"/>
        <line num="191" count="1" type="stmt"/>
        <line num="192" count="1" type="stmt"/>
        <line num="193" count="1" type="stmt"/>
        <line num="194" count="1" type="stmt"/>
      </file>
      <file name="list.ts" path="/Users/s.hussain/salesforce/sfnext-split-footwear/packages/storefront-next-dev/src/commands/scapi/list.ts">
        <metrics statements="26" coveredstatements="24" conditionals="12" coveredconditionals="9" methods="5" coveredmethods="5"/>
        <line num="25" count="4" type="cond" truecount="3" falsecount="1"/>
        <line num="32" count="1" type="stmt"/>
        <line num="34" count="1" type="stmt"/>
        <line num="36" count="1" type="stmt"/>
        <line num="41" count="2" type="stmt"/>
        <line num="42" count="2" type="stmt"/>
        <line num="43" count="2" type="stmt"/>
        <line num="45" count="2" type="stmt"/>
        <line num="47" count="2" type="cond" truecount="2" falsecount="0"/>
        <line num="48" count="1" type="stmt"/>
        <line num="49" count="1" type="stmt"/>
        <line num="50" count="1" type="stmt"/>
        <line num="53" count="2" type="stmt"/>
        <line num="54" count="2" type="stmt"/>
        <line num="56" count="1" type="stmt"/>
        <line num="58" count="1" type="cond" truecount="1" falsecount="1"/>
        <line num="59" count="0" type="stmt"/>
        <line num="60" count="0" type="stmt"/>
        <line num="63" count="1" type="cond" truecount="1" falsecount="1"/>
        <line num="64" count="1" type="stmt"/>
        <line num="65" count="2" type="stmt"/>
        <line num="70" count="2" type="stmt"/>
        <line num="71" count="2" type="stmt"/>
        <line num="72" count="2" type="stmt"/>
        <line num="73" count="2" type="cond" truecount="2" falsecount="0"/>
        <line num="74" count="2" type="stmt"/>
      </file>
      <file name="remove.ts" path="/Users/s.hussain/salesforce/sfnext-split-footwear/packages/storefront-next-dev/src/commands/scapi/remove.ts">
        <metrics statements="34" coveredstatements="34" conditionals="8" coveredconditionals="8" methods="2" coveredmethods="2"/>
        <line num="28" count="1" type="stmt"/>
        <line num="30" count="1" type="stmt"/>
        <line num="35" count="1" type="stmt"/>
        <line num="42" count="1" type="stmt"/>
        <line num="47" count="4" type="stmt"/>
        <line num="48" count="4" type="stmt"/>
        <line num="49" count="4" type="stmt"/>
        <line num="51" count="4" type="stmt"/>
        <line num="52" count="4" type="stmt"/>
        <line num="53" count="4" type="stmt"/>
        <line num="55" count="4" type="stmt"/>
        <line num="56" count="4" type="stmt"/>
        <line num="58" count="4" type="cond" truecount="2" falsecount="0"/>
        <line num="59" count="1" type="stmt"/>
        <line num="64" count="3" type="stmt"/>
        <line num="66" count="3" type="stmt"/>
        <line num="67" count="9" type="stmt"/>
        <line num="68" count="9" type="cond" truecount="2" falsecount="0"/>
        <line num="69" count="3" type="stmt"/>
        <line num="70" count="3" type="stmt"/>
        <line num="74" count="3" type="stmt"/>
        <line num="75" count="3" type="cond" truecount="2" falsecount="0"/>
        <line num="76" count="2" type="stmt"/>
        <line num="79" count="3" type="stmt"/>
        <line num="80" count="3" type="stmt"/>
        <line num="81" count="3" type="stmt"/>
        <line num="82" count="3" type="stmt"/>
        <line num="83" count="9" type="cond" truecount="2" falsecount="0"/>
        <line num="84" count="5" type="stmt"/>
        <line num="85" count="5" type="stmt"/>
        <line num="89" count="3" type="stmt"/>
        <line num="90" count="3" type="stmt"/>
        <line num="91" count="3" type="stmt"/>
        <line num="93" count="3" type="stmt"/>
      </file>
    </package>
    <package name="src.config">
      <metrics statements="90" coveredstatements="90" conditionals="56" coveredconditionals="47" methods="19" coveredmethods="19"/>
      <file name="aggregate-extension-config.ts" path="/Users/s.hussain/salesforce/sfnext-split-footwear/packages/storefront-next-dev/src/config/aggregate-extension-config.ts">
        <metrics statements="90" coveredstatements="90" conditionals="56" coveredconditionals="47" methods="19" coveredmethods="19"/>
        <line num="24" count="1" type="stmt"/>
        <line num="43" count="1" type="stmt"/>
        <line num="44" count="1" type="stmt"/>
        <line num="51" count="1" type="stmt"/>
        <line num="74" count="1" type="stmt"/>
        <line num="84" count="1" type="stmt"/>
        <line num="112" count="1" type="stmt"/>
        <line num="113" count="1" type="stmt"/>
        <line num="121" count="60" type="stmt"/>
        <line num="123" count="130" type="stmt"/>
        <line num="133" count="59" type="stmt"/>
        <line num="134" count="59" type="stmt"/>
        <line num="138" count="1" type="stmt"/>
        <line num="160" count="21" type="stmt"/>
        <line num="161" count="6" type="stmt"/>
        <line num="168" count="21" type="stmt"/>
        <line num="171" count="21" type="stmt"/>
        <line num="173" count="24" type="cond" truecount="2" falsecount="0"/>
        <line num="174" count="19" type="stmt"/>
        <line num="175" count="5" type="cond" truecount="2" falsecount="0"/>
        <line num="176" count="2" type="stmt"/>
[...]
        <line num="91" count="4" type="cond" truecount="1" falsecount="0"/>
        <line num="93" count="4" type="stmt"/>
        <line num="94" count="4" type="stmt"/>
        <line num="96" count="4" type="stmt"/>
        <line num="102" count="4" type="stmt"/>
      </file>
      <file name="utils.ts" path="/Users/s.hussain/salesforce/sfnext-split-footwear/packages/storefront-next-dev/src/server/utils.ts">
        <metrics statements="6" coveredstatements="6" conditionals="2" coveredconditionals="2" methods="1" coveredmethods="1"/>
        <line num="24" count="7" type="stmt"/>
        <line num="25" count="7" type="stmt"/>
        <line num="28" count="7" type="stmt"/>
        <line num="29" count="7" type="stmt"/>
        <line num="30" count="7" type="stmt"/>
        <line num="33" count="7" type="stmt"/>
      </file>
    </package>
    <package name="src.server.handlers">
      <metrics statements="25" coveredstatements="25" conditionals="12" coveredconditionals="12" methods="3" coveredmethods="3"/>
      <file name="health-check.ts" path="/Users/s.hussain/salesforce/sfnext-split-footwear/packages/storefront-next-dev/src/server/handlers/health-check.ts">
        <metrics statements="25" coveredstatements="25" conditionals="12" coveredconditionals="12" methods="3" coveredmethods="3"/>
        <line num="21" count="1" type="stmt"/>
        <line num="22" count="1" type="stmt"/>
        <line num="23" count="1" type="stmt"/>
        <line num="24" count="1" type="stmt"/>
        <line num="25" count="1" type="stmt"/>
        <line num="26" count="1" type="stmt"/>
        <line num="28" count="1" type="stmt"/>
        <line num="57" count="7" type="cond" truecount="2" falsecount="0"/>
        <line num="58" count="1" type="stmt"/>
        <line num="61" count="6" type="stmt"/>
        <line num="62" count="6" type="stmt"/>
        <line num="63" count="6" type="stmt"/>
        <line num="65" count="1" type="stmt"/>
        <line num="66" count="1" type="stmt"/>
        <line num="85" count="7" type="stmt"/>
        <line num="86" count="7" type="stmt"/>
        <line num="87" count="7" type="cond" truecount="2" falsecount="0"/>
        <line num="90" count="7" type="stmt"/>
        <line num="91" count="7" type="stmt"/>
        <line num="95" count="7" type="stmt"/>
        <line num="96" count="7" type="stmt"/>
        <line num="97" count="7" type="stmt"/>
        <line num="102" count="7" type="stmt"/>
        <line num="109" count="7" type="stmt"/>
        <line num="118" count="7" type="stmt"/>
      </file>
    </package>
    <package name="src.server.middleware">
      <metrics statements="46" coveredstatements="46" conditionals="24" coveredconditionals="24" methods="14" coveredmethods="14"/>
      <file name="compression.ts" path="/Users/s.hussain/salesforce/sfnext-split-footwear/packages/storefront-next-dev/src/server/middleware/compression.ts">
        <metrics statements="15" coveredstatements="15" conditionals="11" coveredconditionals="11" methods="3" coveredmethods="3"/>
        <line num="26" count="21" type="stmt"/>
        <line num="27" count="21" type="stmt"/>
        <line num="29" count="21" type="cond" truecount="4" falsecount="0"/>
        <line num="30" count="11" type="stmt"/>
        <line num="33" count="10" type="stmt"/>
        <line num="35" count="10" type="cond" truecount="3" falsecount="0"/>
        <line num="37" count="21" type="cond" truecount="2" falsecount="0"/>
        <line num="38" count="7" type="stmt"/>
        <line num="39" count="7" type="stmt"/>
        <line num="42" count="3" type="stmt"/>
        <line num="50" count="21" type="stmt"/>
        <line num="52" count="21" type="stmt"/>
        <line num="54" count="6" type="cond" truecount="2" falsecount="0"/>
        <line num="55" count="2" type="stmt"/>
        <line num="57" count="4" type="stmt"/>
      </file>
      <file name="host-header.ts" path="/Users/s.hussain/salesforce/sfnext-split-footwear/packages/storefront-next-dev/src/server/middleware/host-header.ts">
        <metrics statements="4" coveredstatements="4" conditionals="4" coveredconditionals="4" methods="2" coveredmethods="2"/>
        <line num="43" count="9" type="stmt"/>
        <line num="47" count="8" type="cond" truecount="4" falsecount="0"/>
        <line num="48" count="3" type="stmt"/>
        <line num="51" count="8" type="stmt"/>
      </file>
      <file name="logging.ts" path="/Users/s.hussain/salesforce/sfnext-split-footwear/packages/storefront-next-dev/src/server/middleware/logging.ts">
        <metrics statements="19" coveredstatements="19" conditionals="9" coveredconditionals="9" methods="6" coveredmethods="6"/>
        <line num="24" count="1" type="stmt"/>
        <line num="45" count="27" type="stmt"/>
        <line num="46" count="16" type="stmt"/>
        <line num="47" count="16" type="stmt"/>
        <line num="49" count="16" type="cond" truecount="2" falsecount="0"/>
        <line num="50" count="2" type="stmt"/>
        <line num="51" count="14" type="cond" truecount="2" falsecount="0"/>
        <line num="52" count="2" type="stmt"/>
        <line num="53" count="12" type="cond" truecount="2" falsecount="0"/>
        <line num="54" count="2" type="stmt"/>
        <line num="57" count="16" type="stmt"/>
        <line num="60" count="27" type="stmt"/>
        <line num="61" count="16" type="stmt"/>
        <line num="62" count="16" type="stmt"/>
        <line num="69" count="16" type="cond" truecount="3" falsecount="0"/>
        <line num="70" count="16" type="stmt"/>
        <line num="74" count="27" type="stmt"/>
        <line num="76" count="16" type="stmt"/>
        <line num="87" count="251" type="stmt"/>
      </file>
      <file name="proxy.ts" path="/Users/s.hussain/salesforce/sfnext-split-footwear/packages/storefront-next-dev/src/server/middleware/proxy.ts">
        <metrics statements="2" coveredstatements="2" conditionals="0" coveredconditionals="0" methods="1" coveredmethods="1"/>
        <line num="25" count="10" type="stmt"/>
        <line num="27" count="10" type="stmt"/>
      </file>
      <file name="static.ts" path="/Users/s.hussain/salesforce/sfnext-split-footwear/packages/storefront-next-dev/src/server/middleware/static.ts">
        <metrics statements="6" coveredstatements="6" conditionals="0" coveredconditionals="0" methods="2" coveredmethods="2"/>
        <line num="26" count="19" type="stmt"/>
        <line num="27" count="19" type="stmt"/>
        <line num="29" count="19" type="stmt"/>
        <line num="31" count="19" type="stmt"/>
        <line num="33" count="6" type="stmt"/>
        <line num="34" count="6" type="stmt"/>
      </file>
    </package>
    <package name="src.utils">
      <metrics statements="212" coveredstatements="205" conditionals="145" coveredconditionals="131" methods="26" coveredmethods="25"/>
      <file name="local-dev-setup.ts" path="/Users/s.hussain/salesforce/sfnext-split-footwear/packages/storefront-next-dev/src/utils/local-dev-setup.ts">
        <metrics statements="114" coveredstatements="107" conditionals="76" coveredconditionals="63" methods="6" coveredmethods="5"/>
        <line num="48" count="17" type="stmt"/>
        <line num="49" count="17" type="stmt"/>
        <line num="51" count="17" type="cond" truecount="2" falsecount="0"/>
        <line num="52" count="1" type="stmt"/>
        <line num="55" count="16" type="stmt"/>
        <line num="58" count="16" type="stmt"/>
        <line num="59" count="16" type="stmt"/>
        <line num="60" count="48" type="stmt"/>
        <line num="61" count="48" type="cond" truecount="2" falsecount="0"/>
        <line num="63" count="18" type="stmt"/>
        <line num="64" count="18" type="cond" truecount="4" falsecount="0"/>
        <line num="65" count="17" type="stmt"/>
        <line num="70" count="16" type="cond" truecount="2" falsecount="0"/>
        <line num="71" count="1" type="stmt"/>
        <line num="72" count="1" type="stmt"/>
        <line num="75" count="15" type="stmt"/>
        <line num="76" count="15" type="stmt"/>
        <line num="77" count="17" type="stmt"/>
        <line num="79" count="15" type="stmt"/>
        <line num="82" count="15" type="stmt"/>
        <line num="83" count="15" type="cond" truecount="2" falsecount="0"/>
        <line num="84" count="2" type="stmt"/>
        <line num="85" count="2" type="stmt"/>
        <line num="91" count="15" type="stmt"/>
        <line num="94" count="15" type="stmt"/>
        <line num="95" count="17" type="cond" truecount="2" falsecount="0"/>
        <line num="97" count="16" type="cond" truecount="2" falsecount="0"/>
        <line num="98" count="17" type="cond" truecount="2" falsecount="0"/>
        <line num="101" count="17" type="cond" truecount="3" falsecount="1"/>
        <line num="102" count="0" type="stmt"/>
        <line num="103" count="16" type="cond" truecount="2" falsecount="0"/>
        <line num="104" count="1" type="stmt"/>
        <line num="106" count="15" type="stmt"/>
        <line num="112" count="0" type="cond" truecount="0" falsecount="2"/>
        <line num="113" count="0" type="cond" truecount="0" falsecount="2"/>
        <line num="114" count="0" type="cond" truecount="0" falsecount="2"/>
        <line num="115" count="0" type="stmt"/>
        <line num="117" count="0" type="stmt"/>
        <line num="122" count="16" type="cond" truecount="2" falsecount="0"/>
        <line num="123" count="2" type="stmt"/>
        <line num="124" count="2" type="stmt"/>
        <line num="127" count="14" type="stmt"/>
        <line num="131" count="15" type="stmt"/>
        <line num="132" count="15" type="stmt"/>
        <line num="133" count="45" type="stmt"/>
        <line num="134" count="45" type="cond" truecount="2" falsecount="0"/>
        <line num="136" count="17" type="stmt"/>
        <line num="137" count="17" type="cond" truecount="3" falsecount="1"/>
        <line num="138" count="17" type="stmt"/>
        <line num="139" count="17" type="cond" truecount="2" falsecount="0"/>
        <line num="140" count="15" type="stmt"/>
        <line num="141" count="15" type="stmt"/>
        <line num="142" count="15" type="stmt"/>
        <line num="143" count="15" type="stmt"/>
        <line num="145" count="2" type="stmt"/>
        <line num="146" count="2" type="stmt"/>
        <line num="147" count="2" type="stmt"/>
        <line num="154" count="15" type="cond" truecount="2" falsecount="0"/>
        <line num="155" count="2" type="stmt"/>
        <line num="156" count="2" type="cond" truecount="2" falsecount="0"/>
        <line num="157" count="1" type="stmt"/>
        <line num="159" count="2" type="stmt"/>
        <line num="162" count="15" type="cond" truecount="1" falsecount="1"/>
        <line num="163" count="15" type="stmt"/>
        <line num="164" count="15" type="stmt"/>
        <line num="167" count="15" type="stmt"/>
        <line num="168" count="15" type="stmt"/>
        <line num="185" count="15" type="stmt"/>
        <line num="187" count="15" type="cond" truecount="2" falsecount="0"/>
        <line num="188" count="9" type="stmt"/>
        <line num="189" count="9" type="stmt"/>
        <line num="192" count="6" type="cond" truecount="1" falsecount="1"/>
        <line num="193" count="0" type="stmt"/>
        <line num="196" count="6" type="stmt"/>
        <line num="197" count="6" type="stmt"/>
        <line num="201" count="6" type="cond" truecount="2" falsecount="0"/>
        <line num="203" count="5" type="stmt"/>
        <line num="204" count="5" type="stmt"/>
        <line num="206" count="5" type="cond" truecount="4" falsecount="0"/>
        <line num="208" count="1" type="stmt"/>
        <line num="209" count="1" type="stmt"/>
        <line num="212" count="1" type="stmt"/>
        <line num="213" count="1" type="stmt"/>
        <line num="220" count="6" type="stmt"/>
        <line num="221" count="6" type="stmt"/>
        <line num="223" count="6" type="cond" truecount="2" falsecount="0"/>
        <line num="226" count="2" type="stmt"/>
        <line num="227" count="2" type="stmt"/>
        <line num="228" count="2" type="cond" truecount="1" falsecount="1"/>
        <line num="229" count="2" type="stmt"/>
        <line num="230" count="2" type="stmt"/>
        <line num="231" count="2" type="cond" truecount="2" falsecount="0"/>
        <line num="232" count="1" type="stmt"/>
        <line num="233" count="1" type="cond" truecount="1" falsecount="1"/>
        <line num="236" count="1" type="stmt"/>
        <line num="237" count="1" type="stmt"/>
        <line num="242" count="4" type="stmt"/>
        <line num="243" count="4" type="stmt"/>
        <line num="245" count="4" type="cond" truecount="4" falsecount="0"/>
        <line num="247" count="1" type="stmt"/>
        <line num="248" count="1" type="stmt"/>
        <line num="252" count="1" type="stmt"/>
        <line num="253" count="1" type="stmt"/>
        <line num="256" count="3" type="stmt"/>
        <line num="257" count="3" type="stmt"/>
        <line num="259" count="3" type="cond" truecount="3" falsecount="1"/>
        <line num="260" count="3" type="stmt"/>
        <line num="261" count="3" type="stmt"/>
        <line num="269" count="3" type="stmt"/>
        <line num="270" count="3" type="stmt"/>
        <line num="275" count="6" type="cond" truecount="2" falsecount="0"/>
        <line num="276" count="5" type="stmt"/>
        <line num="277" count="5" type="stmt"/>
        <line num="279" count="1" type="stmt"/>
      </file>
      <file name="logger.ts" path="/Users/s.hussain/salesforce/sfnext-split-footwear/packages/storefront-next-dev/src/utils/logger.ts">
        <metrics statements="81" coveredstatements="81" conditionals="55" coveredconditionals="54" methods="15" coveredmethods="15"/>
        <line num="27" count="6" type="stmt"/>
        <line num="28" count="6" type="stmt"/>
        <line num="29" count="6" type="stmt"/>
        <line num="30" count="6" type="cond" truecount="2" falsecount="0"/>
        <line num="31" count="5" type="stmt"/>
        <line num="32" count="6" type="cond" truecount="4" falsecount="0"/>
        <line num="33" count="4" type="stmt"/>
        <line num="37" count="2" type="stmt"/>
        <line num="44" count="11" type="stmt"/>
        <line num="45" count="11" type="stmt"/>
        <line num="46" count="11" type="stmt"/>
        <line num="47" count="11" type="stmt"/>
        <line num="48" count="11" type="stmt"/>
        <line num="50" count="11" type="stmt"/>
        <line num="63" count="111" type="stmt"/>
        <line num="78" count="1658" type="stmt"/>
        <line num="79" count="1658" type="cond" truecount="2" falsecount="0"/>
        <line num="80" count="11" type="stmt"/>
        <line num="81" count="11" type="cond" truecount="2" falsecount="0"/>
        <line num="82" count="5" type="stmt"/>
        <line num="83" count="6" type="stmt"/>
        <line num="84" count="6" type="cond" truecount="3" falsecount="0"/>
        <line num="89" count="1818" type="cond" truecount="2" falsecount="0"/>
        <line num="90" count="1817" type="cond" truecount="2" falsecount="0"/>
        <line num="91" count="1818" type="cond" truecount="4" falsecount="0"/>
        <line num="92" count="1658" type="cond" truecount="2" falsecount="0"/>
        <line num="93" count="1648" type="cond" truecount="2" falsecount="0"/>
        <line num="94" count="1647" type="stmt"/>
        <line num="98" count="1800" type="stmt"/>
        <line num="101" count="111" type="stmt"/>
        <line num="103" count="51" type="cond" truecount="1" falsecount="1"/>
        <line num="104" count="51" type="stmt"/>
        <line num="107" count="175" type="cond" truecount="2" falsecount="0"/>
        <line num="108" count="174" type="stmt"/>
        <line num="111" count="328" type="cond" truecount="2" falsecount="0"/>
        <line num="112" count="327" type="stmt"/>
        <line num="115" count="1246" type="cond" truecount="2" falsecount="0"/>
        <line num="116" count="139" type="stmt"/>
        <line num="119" count="2" type="stmt"/>
        <line num="122" count="15" type="stmt"/>
        <line num="130" count="3" type="stmt"/>
        <line num="131" count="3" type="stmt"/>
        <line num="132" count="3" type="stmt"/>
        <line num="133" count="3" type="stmt"/>
        <line num="134" count="3" type="stmt"/>
        <line num="136" count="3" type="cond" truecount="2" falsecount="0"/>
        <line num="138" count="3" type="stmt"/>
        <line num="139" count="3" type="stmt"/>
        <line num="140" count="3" type="stmt"/>
        <line num="141" count="3" type="stmt"/>
        <line num="142" count="3" type="stmt"/>
        <line num="143" count="3" type="stmt"/>
        <line num="150" count="3" type="stmt"/>
        <line num="155" count="3" type="stmt"/>
        <line num="159" count="3" type="stmt"/>
        <line num="187" count="7" type="stmt"/>
        <line num="189" count="7" type="stmt"/>
        <line num="191" count="7" type="cond" truecount="6" falsecount="0"/>
        <line num="192" count="2" type="stmt"/>
        <line num="195" count="2" type="stmt"/>
        <line num="196" count="2" type="cond" truecount="2" falsecount="0"/>
        <line num="197" count="1" type="stmt"/>
        <line num="199" count="2" type="cond" truecount="2" falsecount="0"/>
        <line num="200" count="1" type="stmt"/>
        <line num="203" count="5" type="stmt"/>
        <line num="206" count="7" type="cond" truecount="2" falsecount="0"/>
        <line num="207" count="1" type="stmt"/>
        <line num="210" count="7" type="cond" truecount="2" falsecount="0"/>
        <line num="211" count="1" type="stmt"/>
        <line num="215" count="7" type="stmt"/>
        <line num="216" count="7" type="stmt"/>
        <line num="217" count="7" type="cond" truecount="2" falsecount="0"/>
        <line num="218" count="7" type="cond" truecount="2" falsecount="0"/>
        <line num="220" count="7" type="stmt"/>
        <line num="221" count="7" type="stmt"/>
        <line num="222" count="7" type="cond" truecount="2" falsecount="0"/>
        <line num="223" count="1" type="stmt"/>
        <line num="226" count="7" type="stmt"/>
        <line num="227" count="7" type="stmt"/>
        <line num="228" count="7" type="stmt"/>
        <line num="235" count="1" type="stmt"/>
      </file>
      <file name="objects.ts" path="/Users/s.hussain/salesforce/sfnext-split-footwear/packages/storefront-next-dev/src/utils/objects.ts">
        <metrics statements="7" coveredstatements="7" conditionals="8" coveredconditionals="8" methods="1" coveredmethods="1"/>
        <line num="30" count="34" type="stmt"/>
        <line num="31" count="34" type="stmt"/>
        <line num="32" count="28" type="cond" truecount="2" falsecount="0"/>
        <line num="33" count="28" type="cond" truecount="5" falsecount="0"/>
        <line num="34" count="18" type="stmt"/>
        <line num="36" count="10" type="stmt"/>
        <line num="39" count="34" type="stmt"/>
      </file>
      <file name="paths.ts" path="/Users/s.hussain/salesforce/sfnext-split-footwear/packages/storefront-next-dev/src/utils/paths.ts">
        <metrics statements="10" coveredstatements="10" conditionals="6" coveredconditionals="6" methods="4" coveredmethods="4"/>
        <line num="22" count="84" type="stmt"/>
        <line num="29" count="14" type="cond" truecount="2" falsecount="0"/>
        <line num="58" count="64" type="stmt"/>
        <line num="61" count="64" type="cond" truecount="2" falsecount="0"/>
        <line num="62" count="49" type="stmt"/>
        <line num="68" count="15" type="cond" truecount="2" falsecount="0"/>
        <line num="69" count="6" type="stmt"/>
        <line num="76" count="9" type="stmt"/>
        <line num="83" count="10" type="stmt"/>
        <line num="84" count="10" type="stmt"/>
      </file>
    </package>
  </project>
</coverage>
