{"/Users/s.hussain/salesforce/sfnext-split-footwear/packages/storefront-next-dev/src/cli-plugins.ts": {"path":"/Users/s.hussain/salesforce/sfnext-split-footwear/packages/storefront-next-dev/src/cli-plugins.ts","statementMap":{"0":{"start":{"line":21,"column":18},"end":{"line":21,"column":null}},"1":{"start":{"line":31,"column":4},"end":{"line":31,"column":null}},"2":{"start":{"line":31,"column":21},"end":{"line":31,"column":null}},"3":{"start":{"line":32,"column":4},"end":{"line":32,"column":null}},"4":{"start":{"line":34,"column":4},"end":{"line":51,"column":null}},"5":{"start":{"line":35,"column":14},"end":{"line":35,"column":null}},"6":{"start":{"line":36,"column":8},"end":{"line":36,"column":null}},"7":{"start":{"line":37,"column":8},"end":{"line":37,"column":null}},"8":{"start":{"line":38,"column":8},"end":{"line":38,"column":null}},"9":{"start":{"line":40,"column":8},"end":{"line":42,"column":null}},"10":{"start":{"line":41,"column":12},"end":{"line":41,"column":null}},"11":{"start":{"line":44,"column":24},"end":{"line":44,"column":null}},"12":{"start":{"line":45,"column":8},"end":{"line":49,"column":null}},"13":{"start":{"line":46,"column":12},"end":{"line":46,"column":null}},"14":{"start":{"line":50,"column":8},"end":{"line":50,"column":null}}},"fnMap":{"0":{"name":"initializePlugins","decl":{"start":{"line":30,"column":22},"end":{"line":30,"column":57}},"loc":{"start":{"line":30,"column":57},"end":{"line":52,"column":null}},"line":30}},"branchMap":{"0":{"loc":{"start":{"line":31,"column":4},"end":{"line":31,"column":null}},"type":"if","locations":[{"start":{"line":31,"column":4},"end":{"line":31,"column":null}},{"start":{},"end":{}}],"line":31},"1":{"loc":{"start":{"line":40,"column":8},"end":{"line":42,"column":null}},"type":"if","locations":[{"start":{"line":40,"column":8},"end":{"line":42,"column":null}},{"start":{},"end":{}}],"line":40},"2":{"loc":{"start":{"line":44,"column":24},"end":{"line":44,"column":null}},"type":"cond-expr","locations":[{"start":{"line":44,"column":47},"end":{"line":44,"column":61}},{"start":{"line":44,"column":61},"end":{"line":44,"column":null}}],"line":44}},"s":{"0":7,"1":8,"2":1,"3":7,"4":7,"5":7,"6":7,"7":7,"8":4,"9":4,"10":1,"11":3,"12":3,"13":3,"14":3},"f":{"0":8},"b":{"0":[1,7],"1":[1,3],"2":[2,1]},"meta":{"lastBranch":3,"lastFunction":1,"lastStatement":15,"seen":{"s:21:18:21:Infinity":0,"f:30:22:30:57":0,"b:31:4:31:Infinity:undefined:undefined:undefined:undefined":0,"s:31:4:31:Infinity":1,"s:31:21:31:Infinity":2,"s:32:4:32:Infinity":3,"s:34:4:51:Infinity":4,"s:35:14:35:Infinity":5,"s:36:8:36:Infinity":6,"s:37:8:37:Infinity":7,"s:38:8:38:Infinity":8,"b:40:8:42:Infinity:undefined:undefined:undefined:undefined":1,"s:40:8:42:Infinity":9,"s:41:12:41:Infinity":10,"s:44:24:44:Infinity":11,"b:44:47:44:61:44:61:44:Infinity":2,"s:45:8:49:Infinity":12,"s:46:12:46:Infinity":13,"s:50:8:50:Infinity":14},"fnNames":{}}}
,"/Users/s.hussain/salesforce/sfnext-split-footwear/packages/storefront-next-dev/src/create-storefront.ts": {"path":"/Users/s.hussain/salesforce/sfnext-split-footwear/packages/storefront-next-dev/src/create-storefront.ts","statementMap":{"0":{"start":{"line":31,"column":27},"end":{"line":31,"column":null}},"1":{"start":{"line":36,"column":31},"end":{"line":36,"column":null}},"2":{"start":{"line":37,"column":32},"end":{"line":37,"column":null}},"3":{"start":{"line":38,"column":35},"end":{"line":38,"column":null}},"4":{"start":{"line":39,"column":32},"end":{"line":39,"column":null}},"5":{"start":{"line":40,"column":33},"end":{"line":40,"column":null}},"6":{"start":{"line":48,"column":66},"end":{"line":63,"column":null}},"7":{"start":{"line":66,"column":25},"end":{"line":66,"column":null}},"8":{"start":{"line":68,"column":20},"end":{"line":72,"column":null}},"9":{"start":{"line":69,"column":4},"end":{"line":72,"column":null}},"10":{"start":{"line":74,"column":32},"end":{"line":367,"column":null}},"11":{"start":{"line":86,"column":4},"end":{"line":93,"column":null}},"12":{"start":{"line":87,"column":8},"end":{"line":87,"column":null}},"13":{"start":{"line":89,"column":8},"end":{"line":91,"column":null}},"14":{"start":{"line":92,"column":8},"end":{"line":92,"column":null}},"15":{"start":{"line":96,"column":21},"end":{"line":96,"column":null}},"16":{"start":{"line":97,"column":4},"end":{"line":105,"column":null}},"17":{"start":{"line":98,"column":25},"end":{"line":103,"column":null}},"18":{"start":{"line":104,"column":8},"end":{"line":104,"column":null}},"19":{"start":{"line":106,"column":4},"end":{"line":109,"column":null}},"20":{"start":{"line":107,"column":8},"end":{"line":107,"column":null}},"21":{"start":{"line":108,"column":8},"end":{"line":108,"column":null}},"22":{"start":{"line":110,"column":4},"end":{"line":110,"column":null}},"23":{"start":{"line":112,"column":23},"end":{"line":112,"column":null}},"24":{"start":{"line":124,"column":19},"end":{"line":124,"column":null}},"25":{"start":{"line":125,"column":4},"end":{"line":136,"column":null}},"26":{"start":{"line":126,"column":25},"end":{"line":126,"column":null}},"27":{"start":{"line":127,"column":8},"end":{"line":132,"column":null}},"28":{"start":{"line":128,"column":12},"end":{"line":130,"column":null}},"29":{"start":{"line":131,"column":12},"end":{"line":131,"column":null}},"30":{"start":{"line":133,"column":8},"end":{"line":133,"column":null}},"31":{"start":{"line":134,"column":4},"end":{"line":136,"column":null}},"32":{"start":{"line":135,"column":8},"end":{"line":135,"column":null}},"33":{"start":{"line":137,"column":4},"end":{"line":161,"column":null}},"34":{"start":{"line":138,"column":25},"end":{"line":146,"column":null}},"35":{"start":{"line":143,"column":63},"end":{"line":143,"column":110}},"36":{"start":{"line":147,"column":8},"end":{"line":147,"column":null}},"37":{"start":{"line":148,"column":8},"end":{"line":148,"column":null}},"38":{"start":{"line":149,"column":8},"end":{"line":160,"column":null}},"39":{"start":{"line":150,"column":34},"end":{"line":154,"column":null}},"40":{"start":{"line":155,"column":12},"end":{"line":158,"column":null}},"41":{"start":{"line":156,"column":16},"end":{"line":156,"column":null}},"42":{"start":{"line":157,"column":16},"end":{"line":157,"column":null}},"43":{"start":{"line":159,"column":12},"end":{"line":159,"column":null}},"44":{"start":{"line":162,"column":4},"end":{"line":165,"column":null}},"45":{"start":{"line":163,"column":8},"end":{"line":163,"column":null}},"46":{"start":{"line":164,"column":8},"end":{"line":164,"column":null}},"47":{"start":{"line":166,"column":4},"end":{"line":169,"column":null}},"48":{"start":{"line":167,"column":8},"end":{"line":167,"column":null}},"49":{"start":{"line":168,"column":8},"end":{"line":168,"column":null}},"50":{"start":{"line":171,"column":4},"end":{"line":204,"column":null}},"51":{"start":{"line":172,"column":29},"end":{"line":172,"column":null}},"52":{"start":{"line":173,"column":8},"end":{"line":194,"column":null}},"53":{"start":{"line":177,"column":30},"end":{"line":177,"column":null}},"54":{"start":{"line":178,"column":12},"end":{"line":178,"column":null}},"55":{"start":{"line":178,"column":40},"end":{"line":178,"column":null}},"56":{"start":{"line":179,"column":12},"end":{"line":179,"column":null}},"57":{"start":{"line":180,"column":12},"end":{"line":180,"column":null}},"58":{"start":{"line":183,"column":12},"end":{"line":193,"column":null}},"59":{"start":{"line":185,"column":32},"end":{"line":185,"column":null}},"60":{"start":{"line":186,"column":20},"end":{"line":190,"column":null}},"61":{"start":{"line":200,"column":26},"end":{"line":200,"column":null}},"62":{"start":{"line":201,"column":8},"end":{"line":201,"column":null}},"63":{"start":{"line":201,"column":36},"end":{"line":201,"column":null}},"64":{"start":{"line":202,"column":8},"end":{"line":202,"column":null}},"65":{"start":{"line":203,"column":8},"end":{"line":203,"column":null}},"66":{"start":{"line":206,"column":19},"end":{"line":206,"column":null}},"67":{"start":{"line":207,"column":4},"end":{"line":209,"column":null}},"68":{"start":{"line":208,"column":8},"end":{"line":208,"column":null}},"69":{"start":{"line":217,"column":29},"end":{"line":217,"column":null}},"70":{"start":{"line":218,"column":4},"end":{"line":225,"column":null}},"71":{"start":{"line":219,"column":8},"end":{"line":224,"column":null}},"72":{"start":{"line":220,"column":33},"end":{"line":220,"column":null}},"73":{"start":{"line":221,"column":12},"end":{"line":221,"column":null}},"74":{"start":{"line":226,"column":4},"end":{"line":231,"column":null}},"75":{"start":{"line":227,"column":8},"end":{"line":230,"column":null}},"76":{"start":{"line":233,"column":30},"end":{"line":233,"column":null}},"77":{"start":{"line":234,"column":4},"end":{"line":239,"column":null}},"78":{"start":{"line":235,"column":8},"end":{"line":238,"column":null}},"79":{"start":{"line":243,"column":4},"end":{"line":252,"column":null}},"80":{"start":{"line":244,"column":29},"end":{"line":244,"column":null}},"81":{"start":{"line":246,"column":34},"end":{"line":246,"column":null}},"82":{"start":{"line":247,"column":8},"end":{"line":251,"column":null}},"83":{"start":{"line":254,"column":4},"end":{"line":254,"column":null}},"84":{"start":{"line":256,"column":4},"end":{"line":322,"column":null}},"85":{"start":{"line":257,"column":36},"end":{"line":257,"column":null}},"86":{"start":{"line":258,"column":49},"end":{"line":258,"column":null}},"87":{"start":{"line":259,"column":8},"end":{"line":321,"column":null}},"88":{"start":{"line":261,"column":12},"end":{"line":266,"column":null}},"89":{"start":{"line":262,"column":16},"end":{"line":262,"column":null}},"90":{"start":{"line":264,"column":16},"end":{"line":264,"column":null}},"91":{"start":{"line":265,"column":16},"end":{"line":265,"column":null}},"92":{"start":{"line":269,"column":12},"end":{"line":288,"column":null}},"93":{"start":{"line":270,"column":16},"end":{"line":272,"column":null}},"94":{"start":{"line":271,"column":29},"end":{"line":271,"column":null}},"95":{"start":{"line":274,"column":16},"end":{"line":287,"column":null}},"96":{"start":{"line":279,"column":89},"end":{"line":285,"column":22}},"97":{"start":{"line":291,"column":18},"end":{"line":291,"column":null}},"98":{"start":{"line":294,"column":32},"end":{"line":294,"column":null}},"99":{"start":{"line":295,"column":30},"end":{"line":295,"column":null}},"100":{"start":{"line":295,"column":73},"end":{"line":295,"column":94}},"101":{"start":{"line":297,"column":12},"end":{"line":317,"column":null}},"102":{"start":{"line":299,"column":16},"end":{"line":316,"column":null}},"103":{"start":{"line":300,"column":42},"end":{"line":306,"column":null}},"104":{"start":{"line":301,"column":37},"end":{"line":301,"column":null}},"105":{"start":{"line":302,"column":24},"end":{"line":304,"column":null}},"106":{"start":{"line":307,"column":20},"end":{"line":315,"column":null}},"107":{"start":{"line":308,"column":42},"end":{"line":308,"column":null}},"108":{"start":{"line":309,"column":47},"end":{"line":311,"column":null}},"109":{"start":{"line":310,"column":50},"end":{"line":310,"column":94}},"110":{"start":{"line":312,"column":24},"end":{"line":314,"column":null}},"111":{"start":{"line":319,"column":38},"end":{"line":319,"column":null}},"112":{"start":{"line":319,"column":97},"end":{"line":319,"column":108}},"113":{"start":{"line":320,"column":12},"end":{"line":320,"column":null}},"114":{"start":{"line":324,"column":27},"end":{"line":326,"column":null}},"115":{"start":{"line":327,"column":23},"end":{"line":327,"column":null}},"116":{"start":{"line":329,"column":27},"end":{"line":329,"column":null}},"117":{"start":{"line":330,"column":63},"end":{"line":330,"column":null}},"118":{"start":{"line":331,"column":4},"end":{"line":333,"column":null}},"119":{"start":{"line":332,"column":8},"end":{"line":332,"column":null}},"120":{"start":{"line":334,"column":4},"end":{"line":334,"column":null}},"121":{"start":{"line":335,"column":52},"end":{"line":335,"column":null}},"122":{"start":{"line":336,"column":4},"end":{"line":348,"column":null}},"123":{"start":{"line":337,"column":8},"end":{"line":347,"column":null}},"124":{"start":{"line":338,"column":12},"end":{"line":338,"column":null}},"125":{"start":{"line":340,"column":27},"end":{"line":345,"column":null}},"126":{"start":{"line":346,"column":12},"end":{"line":346,"column":null}},"127":{"start":{"line":350,"column":4},"end":{"line":350,"column":null}},"128":{"start":{"line":352,"column":23},"end":{"line":352,"column":null}},"129":{"start":{"line":353,"column":23},"end":{"line":353,"column":null}},"130":{"start":{"line":354,"column":19},"end":{"line":362,"column":null}},"131":{"start":{"line":366,"column":4},"end":{"line":366,"column":null}}},"fnMap":{"0":{"name":"(anonymous_0)","decl":{"start":{"line":68,"column":20},"end":{"line":68,"column":21}},"loc":{"start":{"line":69,"column":4},"end":{"line":72,"column":null}},"line":69},"1":{"name":"(anonymous_1)","decl":{"start":{"line":74,"column":32},"end":{"line":74,"column":null}},"loc":{"start":{"line":84,"column":5},"end":{"line":367,"column":null}},"line":84},"2":{"name":"(anonymous_2)","decl":{"start":{"line":143,"column":48},"end":{"line":143,"column":49}},"loc":{"start":{"line":143,"column":63},"end":{"line":143,"column":110}},"line":143},"3":{"name":"(anonymous_3)","decl":{"start":{"line":184,"column":24},"end":{"line":184,"column":25}},"loc":{"start":{"line":184,"column":33},"end":{"line":192,"column":null}},"line":184},"4":{"name":"(anonymous_4)","decl":{"start":{"line":271,"column":20},"end":{"line":271,"column":21}},"loc":{"start":{"line":271,"column":29},"end":{"line":271,"column":null}},"line":271},"5":{"name":"(anonymous_5)","decl":{"start":{"line":279,"column":73},"end":{"line":279,"column":74}},"loc":{"start":{"line":279,"column":89},"end":{"line":285,"column":22}},"line":279},"6":{"name":"(anonymous_6)","decl":{"start":{"line":295,"column":56},"end":{"line":295,"column":57}},"loc":{"start":{"line":295,"column":73},"end":{"line":295,"column":94}},"line":295},"7":{"name":"(anonymous_7)","decl":{"start":{"line":300,"column":68},"end":{"line":300,"column":69}},"loc":{"start":{"line":300,"column":90},"end":{"line":306,"column":21}},"line":300},"8":{"name":"(anonymous_8)","decl":{"start":{"line":310,"column":33},"end":{"line":310,"column":34}},"loc":{"start":{"line":310,"column":50},"end":{"line":310,"column":94}},"line":310},"9":{"name":"(anonymous_9)","decl":{"start":{"line":319,"column":80},"end":{"line":319,"column":81}},"loc":{"start":{"line":319,"column":97},"end":{"line":319,"column":108}},"line":319}},"branchMap":{"0":{"loc":{"start":{"line":69,"column":4},"end":{"line":72,"column":null}},"type":"binary-expr","locations":[{"start":{"line":69,"column":4},"end":{"line":69,"column":null}},{"start":{"line":70,"column":4},"end":{"line":70,"column":null}},{"start":{"line":71,"column":4},"end":{"line":71,"column":null}},{"start":{"line":72,"column":4},"end":{"line":72,"column":null}}],"line":69},"1":{"loc":{"start":{"line":75,"column":4},"end":{"line":83,"column":null}},"type":"default-arg","locations":[{"start":{"line":83,"column":8},"end":{"line":83,"column":null}}],"line":75},"2":{"loc":{"start":{"line":97,"column":4},"end":{"line":105,"column":null}},"type":"if","locations":[{"start":{"line":97,"column":4},"end":{"line":105,"column":null}},{"start":{},"end":{}}],"line":97},"3":{"loc":{"start":{"line":106,"column":4},"end":{"line":109,"column":null}},"type":"if","locations":[{"start":{"line":106,"column":4},"end":{"line":109,"column":null}},{"start":{},"end":{}}],"line":106},"4":{"loc":{"start":{"line":112,"column":23},"end":{"line":112,"column":null}},"type":"cond-expr","locations":[{"start":{"line":112,"column":43},"end":{"line":112,"column":86}},{"start":{"line":112,"column":86},"end":{"line":112,"column":null}}],"line":112},"5":{"loc":{"start":{"line":125,"column":4},"end":{"line":136,"column":null}},"type":"if","locations":[{"start":{"line":125,"column":4},"end":{"line":136,"column":null}},{"start":{"line":134,"column":4},"end":{"line":136,"column":null}}],"line":125},"6":{"loc":{"start":{"line":125,"column":8},"end":{"line":125,"column":39}},"type":"binary-expr","locations":[{"start":{"line":125,"column":8},"end":{"line":125,"column":21}},{"start":{"line":125,"column":21},"end":{"line":125,"column":39}}],"line":125},"7":{"loc":{"start":{"line":127,"column":8},"end":{"line":132,"column":null}},"type":"if","locations":[{"start":{"line":127,"column":8},"end":{"line":132,"column":null}},{"start":{},"end":{}}],"line":127},"8":{"loc":{"start":{"line":134,"column":4},"end":{"line":136,"column":null}},"type":"if","locations":[{"start":{"line":134,"column":4},"end":{"line":136,"column":null}},{"start":{},"end":{}}],"line":134},"9":{"loc":{"start":{"line":134,"column":15},"end":{"line":134,"column":46}},"type":"binary-expr","locations":[{"start":{"line":134,"column":15},"end":{"line":134,"column":28}},{"start":{"line":134,"column":28},"end":{"line":134,"column":46}}],"line":134},"10":{"loc":{"start":{"line":137,"column":4},"end":{"line":161,"column":null}},"type":"if","locations":[{"start":{"line":137,"column":4},"end":{"line":161,"column":null}},{"start":{},"end":{}}],"line":137},"11":{"loc":{"start":{"line":149,"column":8},"end":{"line":160,"column":null}},"type":"if","locations":[{"start":{"line":149,"column":8},"end":{"line":160,"column":null}},{"start":{},"end":{}}],"line":149},"12":{"loc":{"start":{"line":155,"column":12},"end":{"line":158,"column":null}},"type":"if","locations":[{"start":{"line":155,"column":12},"end":{"line":158,"column":null}},{"start":{},"end":{}}],"line":155},"13":{"loc":{"start":{"line":162,"column":4},"end":{"line":165,"column":null}},"type":"if","locations":[{"start":{"line":162,"column":4},"end":{"line":165,"column":null}},{"start":{},"end":{}}],"line":162},"14":{"loc":{"start":{"line":166,"column":4},"end":{"line":169,"column":null}},"type":"if","locations":[{"start":{"line":166,"column":4},"end":{"line":169,"column":null}},{"start":{},"end":{}}],"line":166},"15":{"loc":{"start":{"line":166,"column":8},"end":{"line":166,"column":86}},"type":"binary-expr","locations":[{"start":{"line":166,"column":8},"end":{"line":166,"column":48}},{"start":{"line":166,"column":48},"end":{"line":166,"column":86}}],"line":166},"16":{"loc":{"start":{"line":171,"column":4},"end":{"line":204,"column":null}},"type":"if","locations":[{"start":{"line":171,"column":4},"end":{"line":204,"column":null}},{"start":{"line":195,"column":11},"end":{"line":204,"column":null}}],"line":171},"17":{"loc":{"start":{"line":173,"column":8},"end":{"line":194,"column":null}},"type":"if","locations":[{"start":{"line":173,"column":8},"end":{"line":194,"column":null}},{"start":{"line":181,"column":15},"end":{"line":194,"column":null}}],"line":173},"18":{"loc":{"start":{"line":178,"column":12},"end":{"line":178,"column":null}},"type":"if","locations":[{"start":{"line":178,"column":12},"end":{"line":178,"column":null}},{"start":{},"end":{}}],"line":178},"19":{"loc":{"start":{"line":187,"column":24},"end":{"line":190,"column":null}},"type":"binary-expr","locations":[{"start":{"line":187,"column":24},"end":{"line":187,"column":null}},{"start":{"line":188,"column":24},"end":{"line":188,"column":null}},{"start":{"line":189,"column":24},"end":{"line":189,"column":null}},{"start":{"line":190,"column":24},"end":{"line":190,"column":null}}],"line":187},"20":{"loc":{"start":{"line":201,"column":8},"end":{"line":201,"column":null}},"type":"if","locations":[{"start":{"line":201,"column":8},"end":{"line":201,"column":null}},{"start":{},"end":{}}],"line":201},"21":{"loc":{"start":{"line":207,"column":4},"end":{"line":209,"column":null}},"type":"if","locations":[{"start":{"line":207,"column":4},"end":{"line":209,"column":null}},{"start":{},"end":{}}],"line":207},"22":{"loc":{"start":{"line":218,"column":4},"end":{"line":225,"column":null}},"type":"if","locations":[{"start":{"line":218,"column":4},"end":{"line":225,"column":null}},{"start":{},"end":{}}],"line":218},"23":{"loc":{"start":{"line":226,"column":4},"end":{"line":231,"column":null}},"type":"if","locations":[{"start":{"line":226,"column":4},"end":{"line":231,"column":null}},{"start":{},"end":{}}],"line":226},"24":{"loc":{"start":{"line":234,"column":4},"end":{"line":239,"column":null}},"type":"if","locations":[{"start":{"line":234,"column":4},"end":{"line":239,"column":null}},{"start":{},"end":{}}],"line":234},"25":{"loc":{"start":{"line":243,"column":4},"end":{"line":252,"column":null}},"type":"if","locations":[{"start":{"line":243,"column":4},"end":{"line":252,"column":null}},{"start":{},"end":{}}],"line":243},"26":{"loc":{"start":{"line":243,"column":8},"end":{"line":243,"column":59}},"type":"binary-expr","locations":[{"start":{"line":243,"column":8},"end":{"line":243,"column":33}},{"start":{"line":243,"column":33},"end":{"line":243,"column":59}}],"line":243},"27":{"loc":{"start":{"line":246,"column":34},"end":{"line":246,"column":null}},"type":"binary-expr","locations":[{"start":{"line":246,"column":34},"end":{"line":246,"column":62}},{"start":{"line":246,"column":62},"end":{"line":246,"column":null}}],"line":246},"28":{"loc":{"start":{"line":256,"column":4},"end":{"line":322,"column":null}},"type":"if","locations":[{"start":{"line":256,"column":4},"end":{"line":322,"column":null}},{"start":{},"end":{}}],"line":256},"29":{"loc":{"start":{"line":259,"column":8},"end":{"line":321,"column":null}},"type":"if","locations":[{"start":{"line":259,"column":8},"end":{"line":321,"column":null}},{"start":{},"end":{}}],"line":259},"30":{"loc":{"start":{"line":269,"column":12},"end":{"line":288,"column":null}},"type":"if","locations":[{"start":{"line":269,"column":12},"end":{"line":288,"column":null}},{"start":{"line":273,"column":19},"end":{"line":288,"column":null}}],"line":269},"31":{"loc":{"start":{"line":271,"column":29},"end":{"line":271,"column":null}},"type":"binary-expr","locations":[{"start":{"line":271,"column":29},"end":{"line":271,"column":74}},{"start":{"line":271,"column":74},"end":{"line":271,"column":null}}],"line":271},"32":{"loc":{"start":{"line":284,"column":34},"end":{"line":284,"column":null}},"type":"binary-expr","locations":[{"start":{"line":284,"column":34},"end":{"line":284,"column":85}},{"start":{"line":284,"column":85},"end":{"line":284,"column":null}}],"line":284},"33":{"loc":{"start":{"line":297,"column":12},"end":{"line":317,"column":null}},"type":"if","locations":[{"start":{"line":297,"column":12},"end":{"line":317,"column":null}},{"start":{},"end":{}}],"line":297},"34":{"loc":{"start":{"line":301,"column":37},"end":{"line":301,"column":null}},"type":"binary-expr","locations":[{"start":{"line":301,"column":37},"end":{"line":301,"column":91}},{"start":{"line":301,"column":91},"end":{"line":301,"column":null}}],"line":301},"35":{"loc":{"start":{"line":303,"column":28},"end":{"line":304,"column":null}},"type":"binary-expr","locations":[{"start":{"line":303,"column":28},"end":{"line":303,"column":null}},{"start":{"line":304,"column":28},"end":{"line":304,"column":null}}],"line":303},"36":{"loc":{"start":{"line":307,"column":20},"end":{"line":315,"column":null}},"type":"if","locations":[{"start":{"line":307,"column":20},"end":{"line":315,"column":null}},{"start":{},"end":{}}],"line":307},"37":{"loc":{"start":{"line":308,"column":42},"end":{"line":308,"column":null}},"type":"binary-expr","locations":[{"start":{"line":308,"column":42},"end":{"line":308,"column":88}},{"start":{"line":308,"column":88},"end":{"line":308,"column":null}}],"line":308},"38":{"loc":{"start":{"line":310,"column":50},"end":{"line":310,"column":94}},"type":"binary-expr","locations":[{"start":{"line":310,"column":50},"end":{"line":310,"column":91}},{"start":{"line":310,"column":91},"end":{"line":310,"column":94}}],"line":310},"39":{"loc":{"start":{"line":324,"column":27},"end":{"line":326,"column":null}},"type":"cond-expr","locations":[{"start":{"line":325,"column":10},"end":{"line":325,"column":null}},{"start":{"line":326,"column":10},"end":{"line":326,"column":null}}],"line":324},"40":{"loc":{"start":{"line":331,"column":4},"end":{"line":333,"column":null}},"type":"if","locations":[{"start":{"line":331,"column":4},"end":{"line":333,"column":null}},{"start":{},"end":{}}],"line":331},"41":{"loc":{"start":{"line":337,"column":8},"end":{"line":347,"column":null}},"type":"if","locations":[{"start":{"line":337,"column":8},"end":{"line":347,"column":null}},{"start":{"line":339,"column":15},"end":{"line":347,"column":null}}],"line":337},"42":{"loc":{"start":{"line":338,"column":42},"end":{"line":338,"column":null}},"type":"binary-expr","locations":[{"start":{"line":338,"column":42},"end":{"line":338,"column":74}},{"start":{"line":338,"column":74},"end":{"line":338,"column":null}}],"line":338},"43":{"loc":{"start":{"line":343,"column":76},"end":{"line":343,"column":110}},"type":"binary-expr","locations":[{"start":{"line":343,"column":76},"end":{"line":343,"column":108}},{"start":{"line":343,"column":108},"end":{"line":343,"column":110}}],"line":343},"44":{"loc":{"start":{"line":344,"column":25},"end":{"line":344,"column":null}},"type":"binary-expr","locations":[{"start":{"line":344,"column":25},"end":{"line":344,"column":57}},{"start":{"line":344,"column":57},"end":{"line":344,"column":null}}],"line":344},"45":{"loc":{"start":{"line":353,"column":23},"end":{"line":353,"column":null}},"type":"cond-expr","locations":[{"start":{"line":353,"column":41},"end":{"line":353,"column":110}},{"start":{"line":353,"column":110},"end":{"line":353,"column":null}}],"line":353}},"s":{"0":1,"1":1,"2":1,"3":1,"4":1,"5":1,"6":1,"7":1,"8":1,"9":74,"10":1,"11":39,"12":39,"13":1,"14":1,"15":39,"16":39,"17":16,"18":16,"19":39,"20":2,"21":2,"22":39,"23":39,"24":39,"25":39,"26":7,"27":7,"28":1,"29":1,"30":7,"31":32,"32":1,"33":38,"34":16,"35":80,"36":16,"37":16,"38":16,"39":15,"40":15,"41":1,"42":1,"43":15,"44":38,"45":2,"46":2,"47":38,"48":2,"49":2,"50":38,"51":9,"52":9,"53":4,"54":4,"55":0,"56":4,"57":4,"58":5,"59":0,"60":0,"61":28,"62":28,"63":2,"64":28,"65":28,"66":37,"67":37,"68":24,"69":36,"70":36,"71":33,"72":33,"73":33,"74":36,"75":35,"76":36,"77":36,"78":4,"79":36,"80":10,"81":10,"82":10,"83":36,"84":36,"85":9,"86":9,"87":9,"88":8,"89":8,"90":1,"91":1,"92":8,"93":2,"94":3,"95":6,"96":12,"97":8,"98":8,"99":8,"100":14,"101":8,"102":4,"103":5,"104":5,"105":5,"106":5,"107":5,"108":5,"109":5,"110":5,"111":8,"112":14,"113":8,"114":35,"115":39,"116":39,"117":39,"118":39,"119":14,"120":32,"121":32,"122":32,"123":4,"124":2,"125":2,"126":2,"127":26,"128":26,"129":26,"130":39,"131":39},"f":{"0":74,"1":39,"2":80,"3":0,"4":3,"5":12,"6":14,"7":5,"8":5,"9":14},"b":{"0":[74,57,55,55],"1":[39],"2":[16,23],"3":[2,37],"4":[1,38],"5":[7,32],"6":[39,24],"7":[1,6],"8":[1,31],"9":[32,17],"10":[16,22],"11":[15,1],"12":[1,14],"13":[2,36],"14":[2,36],"15":[38,3],"16":[9,28],"17":[4,5],"18":[0,4],"19":[0,0,0,0],"20":[2,26],"21":[24,13],"22":[33,3],"23":[35,1],"24":[4,32],"25":[10,26],"26":[36,27],"27":[10,8],"28":[9,27],"29":[8,1],"30":[2,6],"31":[3,0],"32":[12,12],"33":[4,4],"34":[5,0],"35":[5,1],"36":[5,0],"37":[5,0],"38":[5,0],"39":[32,3],"40":[14,25],"41":[2,2],"42":[2,0],"43":[2,1],"44":[2,1],"45":[1,25]},"meta":{"lastBranch":46,"lastFunction":10,"lastStatement":132,"seen":{"s:31:27:31:Infinity":0,"s:36:31:36:Infinity":1,"s:37:32:37:Infinity":2,"s:38:35:38:Infinity":3,"s:39:32:39:Infinity":4,"s:40:33:40:Infinity":5,"s:48:66:63:Infinity":6,"s:66:25:66:Infinity":7,"s:68:20:72:Infinity":8,"f:68:20:68:21":0,"s:69:4:72:Infinity":9,"b:69:4:69:Infinity:70:4:70:Infinity:71:4:71:Infinity:72:4:72:Infinity":0,"s:74:32:367:Infinity":10,"f:74:32:74:Infinity":1,"b:83:8:83:Infinity":1,"s:86:4:93:Infinity":11,"s:87:8:87:Infinity":12,"s:89:8:91:Infinity":13,"s:92:8:92:Infinity":14,"s:96:21:96:Infinity":15,"b:97:4:105:Infinity:undefined:undefined:undefined:undefined":2,"s:97:4:105:Infinity":16,"s:98:25:103:Infinity":17,"s:104:8:104:Infinity":18,"b:106:4:109:Infinity:undefined:undefined:undefined:undefined":3,"s:106:4:109:Infinity":19,"s:107:8:107:Infinity":20,"s:108:8:108:Infinity":21,"s:110:4:110:Infinity":22,"s:112:23:112:Infinity":23,"b:112:43:112:86:112:86:112:Infinity":4,"s:124:19:124:Infinity":24,"b:125:4:136:Infinity:134:4:136:Infinity":5,"s:125:4:136:Infinity":25,"b:125:8:125:21:125:21:125:39":6,"s:126:25:126:Infinity":26,"b:127:8:132:Infinity:undefined:undefined:undefined:undefined":7,"s:127:8:132:Infinity":27,"s:128:12:130:Infinity":28,"s:131:12:131:Infinity":29,"s:133:8:133:Infinity":30,"b:134:4:136:Infinity:undefined:undefined:undefined:undefined":8,"s:134:4:136:Infinity":31,"b:134:15:134:28:134:28:134:46":9,"s:135:8:135:Infinity":32,"b:137:4:161:Infinity:undefined:undefined:undefined:undefined":10,"s:137:4:161:Infinity":33,"s:138:25:146:Infinity":34,"f:143:48:143:49":2,"s:143:63:143:110":35,"s:147:8:147:Infinity":36,"s:148:8:148:Infinity":37,"b:149:8:160:Infinity:undefined:undefined:undefined:undefined":11,"s:149:8:160:Infinity":38,"s:150:34:154:Infinity":39,"b:155:12:158:Infinity:undefined:undefined:undefined:undefined":12,"s:155:12:158:Infinity":40,"s:156:16:156:Infinity":41,"s:157:16:157:Infinity":42,"s:159:12:159:Infinity":43,"b:162:4:165:Infinity:undefined:undefined:undefined:undefined":13,"s:162:4:165:Infinity":44,"s:163:8:163:Infinity":45,"s:164:8:164:Infinity":46,"b:166:4:169:Infinity:undefined:undefined:undefined:undefined":14,"s:166:4:169:Infinity":47,"b:166:8:166:48:166:48:166:86":15,"s:167:8:167:Infinity":48,"s:168:8:168:Infinity":49,"b:171:4:204:Infinity:195:11:204:Infinity":16,"s:171:4:204:Infinity":50,"s:172:29:172:Infinity":51,"b:173:8:194:Infinity:181:15:194:Infinity":17,"s:173:8:194:Infinity":52,"s:177:30:177:Infinity":53,"b:178:12:178:Infinity:undefined:undefined:undefined:undefined":18,"s:178:12:178:Infinity":54,"s:178:40:178:Infinity":55,"s:179:12:179:Infinity":56,"s:180:12:180:Infinity":57,"s:183:12:193:Infinity":58,"f:184:24:184:25":3,"s:185:32:185:Infinity":59,"s:186:20:190:Infinity":60,"b:187:24:187:Infinity:188:24:188:Infinity:189:24:189:Infinity:190:24:190:Infinity":19,"s:200:26:200:Infinity":61,"b:201:8:201:Infinity:undefined:undefined:undefined:undefined":20,"s:201:8:201:Infinity":62,"s:201:36:201:Infinity":63,"s:202:8:202:Infinity":64,"s:203:8:203:Infinity":65,"s:206:19:206:Infinity":66,"b:207:4:209:Infinity:undefined:undefined:undefined:undefined":21,"s:207:4:209:Infinity":67,"s:208:8:208:Infinity":68,"s:217:29:217:Infinity":69,"b:218:4:225:Infinity:undefined:undefined:undefined:undefined":22,"s:218:4:225:Infinity":70,"s:219:8:224:Infinity":71,"s:220:33:220:Infinity":72,"s:221:12:221:Infinity":73,"b:226:4:231:Infinity:undefined:undefined:undefined:undefined":23,"s:226:4:231:Infinity":74,"s:227:8:230:Infinity":75,"s:233:30:233:Infinity":76,"b:234:4:239:Infinity:undefined:undefined:undefined:undefined":24,"s:234:4:239:Infinity":77,"s:235:8:238:Infinity":78,"b:243:4:252:Infinity:undefined:undefined:undefined:undefined":25,"s:243:4:252:Infinity":79,"b:243:8:243:33:243:33:243:59":26,"s:244:29:244:Infinity":80,"s:246:34:246:Infinity":81,"b:246:34:246:62:246:62:246:Infinity":27,"s:247:8:251:Infinity":82,"s:254:4:254:Infinity":83,"b:256:4:322:Infinity:undefined:undefined:undefined:undefined":28,"s:256:4:322:Infinity":84,"s:257:36:257:Infinity":85,"s:258:49:258:Infinity":86,"b:259:8:321:Infinity:undefined:undefined:undefined:undefined":29,"s:259:8:321:Infinity":87,"s:261:12:266:Infinity":88,"s:262:16:262:Infinity":89,"s:264:16:264:Infinity":90,"s:265:16:265:Infinity":91,"b:269:12:288:Infinity:273:19:288:Infinity":30,"s:269:12:288:Infinity":92,"s:270:16:272:Infinity":93,"f:271:20:271:21":4,"s:271:29:271:Infinity":94,"b:271:29:271:74:271:74:271:Infinity":31,"s:274:16:287:Infinity":95,"f:279:73:279:74":5,"s:279:89:285:22":96,"b:284:34:284:85:284:85:284:Infinity":32,"s:291:18:291:Infinity":97,"s:294:32:294:Infinity":98,"s:295:30:295:Infinity":99,"f:295:56:295:57":6,"s:295:73:295:94":100,"b:297:12:317:Infinity:undefined:undefined:undefined:undefined":33,"s:297:12:317:Infinity":101,"s:299:16:316:Infinity":102,"s:300:42:306:Infinity":103,"f:300:68:300:69":7,"s:301:37:301:Infinity":104,"b:301:37:301:91:301:91:301:Infinity":34,"s:302:24:304:Infinity":105,"b:303:28:303:Infinity:304:28:304:Infinity":35,"b:307:20:315:Infinity:undefined:undefined:undefined:undefined":36,"s:307:20:315:Infinity":106,"s:308:42:308:Infinity":107,"b:308:42:308:88:308:88:308:Infinity":37,"s:309:47:311:Infinity":108,"f:310:33:310:34":8,"s:310:50:310:94":109,"b:310:50:310:91:310:91:310:94":38,"s:312:24:314:Infinity":110,"s:319:38:319:Infinity":111,"f:319:80:319:81":9,"s:319:97:319:108":112,"s:320:12:320:Infinity":113,"s:324:27:326:Infinity":114,"b:325:10:325:Infinity:326:10:326:Infinity":39,"s:327:23:327:Infinity":115,"s:329:27:329:Infinity":116,"s:330:63:330:Infinity":117,"b:331:4:333:Infinity:undefined:undefined:undefined:undefined":40,"s:331:4:333:Infinity":118,"s:332:8:332:Infinity":119,"s:334:4:334:Infinity":120,"s:335:52:335:Infinity":121,"s:336:4:348:Infinity":122,"b:337:8:347:Infinity:339:15:347:Infinity":41,"s:337:8:347:Infinity":123,"s:338:12:338:Infinity":124,"b:338:42:338:74:338:74:338:Infinity":42,"s:340:27:345:Infinity":125,"b:343:76:343:108:343:108:343:110":43,"b:344:25:344:57:344:57:344:Infinity":44,"s:346:12:346:Infinity":126,"s:350:4:350:Infinity":127,"s:352:23:352:Infinity":128,"s:353:23:353:Infinity":129,"b:353:41:353:110:353:110:353:Infinity":45,"s:354:19:362:Infinity":130,"s:366:4:366:Infinity":131},"fnNames":{}}}
,"/Users/s.hussain/salesforce/sfnext-split-footwear/packages/storefront-next-dev/src/flags.ts": {"path":"/Users/s.hussain/salesforce/sfnext-split-footwear/packages/storefront-next-dev/src/flags.ts","statementMap":{"0":{"start":{"line":19,"column":38},"end":{"line":19,"column":null}},"1":{"start":{"line":20,"column":38},"end":{"line":20,"column":null}},"2":{"start":{"line":22,"column":27},"end":{"line":28,"column":null}}},"fnMap":{},"branchMap":{},"s":{"0":13,"1":13,"2":13},"f":{},"b":{},"meta":{"lastBranch":0,"lastFunction":0,"lastStatement":3,"seen":{"s:19:38:19:Infinity":0,"s:20:38:20:Infinity":1,"s:22:27:28:Infinity":2},"fnNames":{}}}
,"/Users/s.hussain/salesforce/sfnext-split-footwear/packages/storefront-next-dev/src/index.ts": {"path":"/Users/s.hussain/salesforce/sfnext-split-footwear/packages/storefront-next-dev/src/index.ts","statementMap":{},"fnMap":{},"branchMap":{},"s":{},"f":{},"b":{},"meta":{"lastBranch":0,"lastFunction":0,"lastStatement":0,"seen":{},"fnNames":{}}}
,"/Users/s.hussain/salesforce/sfnext-split-footwear/packages/storefront-next-dev/src/logger.ts": {"path":"/Users/s.hussain/salesforce/sfnext-split-footwear/packages/storefront-next-dev/src/logger.ts","statementMap":{},"fnMap":{},"branchMap":{},"s":{},"f":{},"b":{},"meta":{"lastBranch":0,"lastFunction":0,"lastStatement":0,"seen":{},"fnNames":{}}}
,"/Users/s.hussain/salesforce/sfnext-split-footwear/packages/storefront-next-dev/src/storefront-next-targets.ts": {"path":"/Users/s.hussain/salesforce/sfnext-split-footwear/packages/storefront-next-dev/src/storefront-next-targets.ts","statementMap":{"0":{"start":{"line":118,"column":8},"end":{"line":118,"column":null}},"1":{"start":{"line":120,"column":30},"end":{"line":133,"column":null}},"2":{"start":{"line":136,"column":4},"end":{"line":146,"column":null}},"3":{"start":{"line":137,"column":8},"end":{"line":137,"column":null}},"4":{"start":{"line":141,"column":8},"end":{"line":145,"column":null}},"5":{"start":{"line":149,"column":4},"end":{"line":151,"column":null}},"6":{"start":{"line":150,"column":8},"end":{"line":150,"column":null}},"7":{"start":{"line":153,"column":4},"end":{"line":155,"column":null}},"8":{"start":{"line":154,"column":8},"end":{"line":154,"column":null}},"9":{"start":{"line":157,"column":4},"end":{"line":157,"column":null}}},"fnMap":{"0":{"name":"storefrontNextTargets","decl":{"start":{"line":106,"column":16},"end":{"line":106,"column":38}},"loc":{"start":{"line":106,"column":90},"end":{"line":158,"column":null}},"line":106}},"branchMap":{"0":{"loc":{"start":{"line":106,"column":38},"end":{"line":106,"column":90}},"type":"default-arg","locations":[{"start":{"line":106,"column":76},"end":{"line":106,"column":90}}],"line":106},"1":{"loc":{"start":{"line":108,"column":8},"end":{"line":108,"column":null}},"type":"default-arg","locations":[{"start":{"line":108,"column":29},"end":{"line":108,"column":null}}],"line":108},"2":{"loc":{"start":{"line":109,"column":8},"end":{"line":112,"column":null}},"type":"default-arg","locations":[{"start":{"line":109,"column":25},"end":{"line":112,"column":null}}],"line":109},"3":{"loc":{"start":{"line":113,"column":8},"end":{"line":117,"column":null}},"type":"default-arg","locations":[{"start":{"line":113,"column":40},"end":{"line":117,"column":null}}],"line":113},"4":{"loc":{"start":{"line":122,"column":12},"end":{"line":122,"column":null}},"type":"cond-expr","locations":[{"start":{"line":122,"column":43},"end":{"line":122,"column":65}},{"start":{"line":122,"column":65},"end":{"line":122,"column":null}}],"line":122},"5":{"loc":{"start":{"line":136,"column":4},"end":{"line":146,"column":null}},"type":"if","locations":[{"start":{"line":136,"column":4},"end":{"line":146,"column":null}},{"start":{},"end":{}}],"line":136},"6":{"loc":{"start":{"line":136,"column":8},"end":{"line":136,"column":71}},"type":"binary-expr","locations":[{"start":{"line":136,"column":8},"end":{"line":136,"column":41}},{"start":{"line":136,"column":41},"end":{"line":136,"column":71}}],"line":136},"7":{"loc":{"start":{"line":149,"column":4},"end":{"line":151,"column":null}},"type":"if","locations":[{"start":{"line":149,"column":4},"end":{"line":151,"column":null}},{"start":{},"end":{}}],"line":149},"8":{"loc":{"start":{"line":153,"column":4},"end":{"line":155,"column":null}},"type":"if","locations":[{"start":{"line":153,"column":4},"end":{"line":155,"column":null}},{"start":{},"end":{}}],"line":153}},"s":{"0":15,"1":15,"2":15,"3":1,"4":1,"5":15,"6":14,"7":15,"8":4,"9":15},"f":{"0":15},"b":{"0":[15],"1":[15],"2":[15],"3":[15],"4":[1,14],"5":[1,14],"6":[15,2],"7":[14,1],"8":[4,11]},"meta":{"lastBranch":9,"lastFunction":1,"lastStatement":10,"seen":{"f:106:16:106:38":0,"b:106:76:106:90":0,"s:118:8:118:Infinity":0,"b:108:29:108:Infinity":1,"b:109:25:112:Infinity":2,"b:113:40:117:Infinity":3,"s:120:30:133:Infinity":1,"b:122:43:122:65:122:65:122:Infinity":4,"b:136:4:146:Infinity:undefined:undefined:undefined:undefined":5,"s:136:4:146:Infinity":2,"b:136:8:136:41:136:41:136:71":6,"s:137:8:137:Infinity":3,"s:141:8:145:Infinity":4,"b:149:4:151:Infinity:undefined:undefined:undefined:undefined":7,"s:149:4:151:Infinity":5,"s:150:8:150:Infinity":6,"b:153:4:155:Infinity:undefined:undefined:undefined:undefined":8,"s:153:4:155:Infinity":7,"s:154:8:154:Infinity":8,"s:157:4:157:Infinity":9},"fnNames":{}}}
,"/Users/s.hussain/salesforce/sfnext-split-footwear/packages/storefront-next-dev/src/test-utils.ts": {"path":"/Users/s.hussain/salesforce/sfnext-split-footwear/packages/storefront-next-dev/src/test-utils.ts","statementMap":{"0":{"start":{"line":26,"column":17},"end":{"line":26,"column":null}},"1":{"start":{"line":28,"column":4},"end":{"line":30,"column":null}},"2":{"start":{"line":29,"column":8},"end":{"line":29,"column":null}},"3":{"start":{"line":31,"column":4},"end":{"line":31,"column":null}},"4":{"start":{"line":43,"column":29},"end":{"line":43,"column":null}},"5":{"start":{"line":44,"column":31},"end":{"line":44,"column":null}},"6":{"start":{"line":45,"column":4},"end":{"line":45,"column":null}},"7":{"start":{"line":58,"column":4},"end":{"line":58,"column":null}},"8":{"start":{"line":70,"column":20},"end":{"line":70,"column":null}},"9":{"start":{"line":72,"column":20},"end":{"line":72,"column":null}},"10":{"start":{"line":74,"column":4},"end":{"line":74,"column":null}},"11":{"start":{"line":78,"column":29},"end":{"line":78,"column":null}}},"fnMap":{"0":{"name":"toPosixPath","decl":{"start":{"line":25,"column":16},"end":{"line":25,"column":28}},"loc":{"start":{"line":25,"column":47},"end":{"line":32,"column":null}},"line":25},"1":{"name":"pathEndsWith","decl":{"start":{"line":42,"column":16},"end":{"line":42,"column":29}},"loc":{"start":{"line":42,"column":72},"end":{"line":46,"column":null}},"line":42},"2":{"name":"pathsEqual","decl":{"start":{"line":56,"column":16},"end":{"line":56,"column":27}},"loc":{"start":{"line":56,"column":70},"end":{"line":59,"column":null}},"line":56},"3":{"name":"createPathRegex","decl":{"start":{"line":68,"column":16},"end":{"line":68,"column":32}},"loc":{"start":{"line":68,"column":61},"end":{"line":75,"column":null}},"line":68}},"branchMap":{"0":{"loc":{"start":{"line":28,"column":4},"end":{"line":30,"column":null}},"type":"if","locations":[{"start":{"line":28,"column":4},"end":{"line":30,"column":null}},{"start":{},"end":{}}],"line":28}},"s":{"0":129,"1":129,"2":7,"3":129,"4":16,"5":16,"6":16,"7":16,"8":16,"9":16,"10":16,"11":16},"f":{"0":129,"1":16,"2":16,"3":16},"b":{"0":[7,122]},"meta":{"lastBranch":1,"lastFunction":4,"lastStatement":12,"seen":{"f:25:16:25:28":0,"s:26:17:26:Infinity":0,"b:28:4:30:Infinity:undefined:undefined:undefined:undefined":0,"s:28:4:30:Infinity":1,"s:29:8:29:Infinity":2,"s:31:4:31:Infinity":3,"f:42:16:42:29":1,"s:43:29:43:Infinity":4,"s:44:31:44:Infinity":5,"s:45:4:45:Infinity":6,"f:56:16:56:27":2,"s:58:4:58:Infinity":7,"f:68:16:68:32":3,"s:70:20:70:Infinity":8,"s:72:20:72:Infinity":9,"s:74:4:74:Infinity":10,"s:78:29:78:Infinity":11},"fnNames":{}}}
,"/Users/s.hussain/salesforce/sfnext-split-footwear/packages/storefront-next-dev/src/cartridge-services/generate-cartridge.ts": {"path":"/Users/s.hussain/salesforce/sfnext-split-footwear/packages/storefront-next-dev/src/cartridge-services/generate-cartridge.ts","statementMap":{"0":{"start":{"line":27,"column":25},"end":{"line":27,"column":null}},"1":{"start":{"line":29,"column":32},"end":{"line":29,"column":null}},"2":{"start":{"line":30,"column":27},"end":{"line":30,"column":null}},"3":{"start":{"line":48,"column":56},"end":{"line":63,"column":null}},"4":{"start":{"line":67,"column":45},"end":{"line":77,"column":null}},"5":{"start":{"line":82,"column":4},"end":{"line":90,"column":null}},"6":{"start":{"line":83,"column":8},"end":{"line":88,"column":null}},"7":{"start":{"line":84,"column":12},"end":{"line":86,"column":null}},"8":{"start":{"line":87,"column":12},"end":{"line":87,"column":null}},"9":{"start":{"line":89,"column":8},"end":{"line":89,"column":null}},"10":{"start":{"line":93,"column":4},"end":{"line":95,"column":null}},"11":{"start":{"line":94,"column":8},"end":{"line":94,"column":null}},"12":{"start":{"line":98,"column":4},"end":{"line":98,"column":null}},"13":{"start":{"line":102,"column":34},"end":{"line":102,"column":null}},"14":{"start":{"line":120,"column":17},"end":{"line":123,"column":null}},"15":{"start":{"line":121,"column":8},"end":{"line":121,"column":null}},"16":{"start":{"line":122,"column":8},"end":{"line":122,"column":null}},"17":{"start":{"line":125,"column":4},"end":{"line":127,"column":null}},"18":{"start":{"line":126,"column":8},"end":{"line":126,"column":null}},"19":{"start":{"line":129,"column":61},"end":{"line":129,"column":null}},"20":{"start":{"line":136,"column":4},"end":{"line":138,"column":null}},"21":{"start":{"line":137,"column":8},"end":{"line":137,"column":null}},"22":{"start":{"line":140,"column":4},"end":{"line":142,"column":null}},"23":{"start":{"line":141,"column":8},"end":{"line":141,"column":null}},"24":{"start":{"line":144,"column":4},"end":{"line":154,"column":null}},"25":{"start":{"line":145,"column":8},"end":{"line":147,"column":null}},"26":{"start":{"line":146,"column":12},"end":{"line":146,"column":null}},"27":{"start":{"line":148,"column":8},"end":{"line":150,"column":null}},"28":{"start":{"line":149,"column":12},"end":{"line":149,"column":null}},"29":{"start":{"line":151,"column":8},"end":{"line":153,"column":null}},"30":{"start":{"line":152,"column":12},"end":{"line":152,"column":null}},"31":{"start":{"line":156,"column":44},"end":{"line":156,"column":null}},"32":{"start":{"line":157,"column":4},"end":{"line":159,"column":null}},"33":{"start":{"line":158,"column":8},"end":{"line":158,"column":null}},"34":{"start":{"line":160,"column":4},"end":{"line":162,"column":null}},"35":{"start":{"line":161,"column":8},"end":{"line":161,"column":null}},"36":{"start":{"line":163,"column":4},"end":{"line":163,"column":null}},"37":{"start":{"line":173,"column":37},"end":{"line":173,"column":null}},"38":{"start":{"line":175,"column":4},"end":{"line":180,"column":null}},"39":{"start":{"line":176,"column":8},"end":{"line":178,"column":null}},"40":{"start":{"line":179,"column":8},"end":{"line":179,"column":null}},"41":{"start":{"line":182,"column":4},"end":{"line":182,"column":null}},"42":{"start":{"line":187,"column":4},"end":{"line":190,"column":null}},"43":{"start":{"line":189,"column":32},"end":{"line":189,"column":49}},"44":{"start":{"line":196,"column":4},"end":{"line":198,"column":null}},"45":{"start":{"line":197,"column":8},"end":{"line":197,"column":null}},"46":{"start":{"line":200,"column":4},"end":{"line":208,"column":null}},"47":{"start":{"line":203,"column":12},"end":{"line":205,"column":null}},"48":{"start":{"line":204,"column":16},"end":{"line":204,"column":null}},"49":{"start":{"line":206,"column":12},"end":{"line":206,"column":null}},"50":{"start":{"line":212,"column":4},"end":{"line":222,"column":null}},"51":{"start":{"line":213,"column":25},"end":{"line":213,"column":null}},"52":{"start":{"line":214,"column":8},"end":{"line":219,"column":null}},"53":{"start":{"line":215,"column":29},"end":{"line":215,"column":null}},"54":{"start":{"line":217,"column":29},"end":{"line":217,"column":null}},"55":{"start":{"line":218,"column":12},"end":{"line":218,"column":null}},"56":{"start":{"line":224,"column":4},"end":{"line":224,"column":null}},"57":{"start":{"line":232,"column":20},"end":{"line":232,"column":null}},"58":{"start":{"line":233,"column":4},"end":{"line":233,"column":null}},"59":{"start":{"line":233,"column":18},"end":{"line":233,"column":null}},"60":{"start":{"line":234,"column":22},"end":{"line":234,"column":null}},"61":{"start":{"line":235,"column":4},"end":{"line":237,"column":null}},"62":{"start":{"line":236,"column":8},"end":{"line":236,"column":null}},"63":{"start":{"line":238,"column":4},"end":{"line":238,"column":null}},"64":{"start":{"line":246,"column":4},"end":{"line":252,"column":null}},"65":{"start":{"line":258,"column":8},"end":{"line":261,"column":null}},"66":{"start":{"line":262,"column":8},"end":{"line":262,"column":null}},"67":{"start":{"line":269,"column":4},"end":{"line":304,"column":null}},"68":{"start":{"line":270,"column":8},"end":{"line":270,"column":null}},"69":{"start":{"line":271,"column":4},"end":{"line":304,"column":null}},"70":{"start":{"line":272,"column":8},"end":{"line":272,"column":null}},"71":{"start":{"line":273,"column":4},"end":{"line":304,"column":null}},"72":{"start":{"line":274,"column":8},"end":{"line":274,"column":null}},"73":{"start":{"line":275,"column":4},"end":{"line":304,"column":null}},"74":{"start":{"line":276,"column":8},"end":{"line":276,"column":null}},"75":{"start":{"line":277,"column":4},"end":{"line":304,"column":null}},"76":{"start":{"line":278,"column":8},"end":{"line":278,"column":null}},"77":{"start":{"line":279,"column":4},"end":{"line":304,"column":null}},"78":{"start":{"line":280,"column":8},"end":{"line":280,"column":null}},"79":{"start":{"line":281,"column":4},"end":{"line":304,"column":null}},"80":{"start":{"line":282,"column":20},"end":{"line":282,"column":null}},"81":{"start":{"line":283,"column":25},"end":{"line":283,"column":null}},"82":{"start":{"line":284,"column":8},"end":{"line":294,"column":null}},"83":{"start":{"line":285,"column":29},"end":{"line":285,"column":null}},"84":{"start":{"line":286,"column":12},"end":{"line":292,"column":null}},"85":{"start":{"line":287,"column":29},"end":{"line":287,"column":null}},"86":{"start":{"line":288,"column":16},"end":{"line":291,"column":null}},"87":{"start":{"line":289,"column":37},"end":{"line":289,"column":null}},"88":{"start":{"line":290,"column":20},"end":{"line":290,"column":null}},"89":{"start":{"line":290,"column":34},"end":{"line":290,"column":null}},"90":{"start":{"line":293,"column":12},"end":{"line":293,"column":null}},"91":{"start":{"line":295,"column":8},"end":{"line":295,"column":null}},"92":{"start":{"line":296,"column":4},"end":{"line":304,"column":null}},"93":{"start":{"line":297,"column":25},"end":{"line":297,"column":null}},"94":{"start":{"line":298,"column":8},"end":{"line":300,"column":null}},"95":{"start":{"line":299,"column":12},"end":{"line":299,"column":null}},"96":{"start":{"line":301,"column":8},"end":{"line":301,"column":null}},"97":{"start":{"line":303,"column":8},"end":{"line":303,"column":null}},"98":{"start":{"line":310,"column":44},"end":{"line":310,"column":null}},"99":{"start":{"line":312,"column":4},"end":{"line":328,"column":null}},"100":{"start":{"line":313,"column":27},"end":{"line":313,"column":null}},"101":{"start":{"line":315,"column":8},"end":{"line":324,"column":null}},"102":{"start":{"line":316,"column":12},"end":{"line":323,"column":null}},"103":{"start":{"line":317,"column":29},"end":{"line":317,"column":null}},"104":{"start":{"line":318,"column":36},"end":{"line":318,"column":null}},"105":{"start":{"line":320,"column":16},"end":{"line":322,"column":null}},"106":{"start":{"line":321,"column":20},"end":{"line":321,"column":null}},"107":{"start":{"line":326,"column":8},"end":{"line":326,"column":null}},"108":{"start":{"line":327,"column":8},"end":{"line":327,"column":null}},"109":{"start":{"line":330,"column":4},"end":{"line":330,"column":null}},"110":{"start":{"line":336,"column":30},"end":{"line":336,"column":null}},"111":{"start":{"line":338,"column":4},"end":{"line":346,"column":null}},"112":{"start":{"line":339,"column":25},"end":{"line":339,"column":null}},"113":{"start":{"line":341,"column":8},"end":{"line":343,"column":null}},"114":{"start":{"line":342,"column":12},"end":{"line":342,"column":null}},"115":{"start":{"line":345,"column":8},"end":{"line":345,"column":null}},"116":{"start":{"line":348,"column":4},"end":{"line":348,"column":null}},"117":{"start":{"line":353,"column":44},"end":{"line":353,"column":null}},"118":{"start":{"line":354,"column":4},"end":{"line":409,"column":null}},"119":{"start":{"line":355,"column":21},"end":{"line":355,"column":null}},"120":{"start":{"line":357,"column":8},"end":{"line":359,"column":null}},"121":{"start":{"line":358,"column":12},"end":{"line":358,"column":null}},"122":{"start":{"line":362,"column":25},"end":{"line":362,"column":null}},"123":{"start":{"line":364,"column":8},"end":{"line":400,"column":null}},"124":{"start":{"line":366,"column":31},"end":{"line":366,"column":null}},"125":{"start":{"line":368,"column":12},"end":{"line":377,"column":null}},"126":{"start":{"line":369,"column":16},"end":{"line":376,"column":null}},"127":{"start":{"line":370,"column":33},"end":{"line":370,"column":null}},"128":{"start":{"line":371,"column":40},"end":{"line":371,"column":null}},"129":{"start":{"line":373,"column":20},"end":{"line":375,"column":null}},"130":{"start":{"line":374,"column":24},"end":{"line":374,"column":null}},"131":{"start":{"line":378,"column":8},"end":{"line":400,"column":null}},"132":{"start":{"line":380,"column":12},"end":{"line":380,"column":null}},"133":{"start":{"line":383,"column":12},"end":{"line":399,"column":null}},"134":{"start":{"line":384,"column":34},"end":{"line":384,"column":null}},"135":{"start":{"line":385,"column":16},"end":{"line":398,"column":null}},"136":{"start":{"line":386,"column":39},"end":{"line":386,"column":null}},"137":{"start":{"line":388,"column":20},"end":{"line":397,"column":null}},"138":{"start":{"line":389,"column":24},"end":{"line":396,"column":null}},"139":{"start":{"line":390,"column":41},"end":{"line":390,"column":null}},"140":{"start":{"line":391,"column":48},"end":{"line":391,"column":null}},"141":{"start":{"line":393,"column":28},"end":{"line":395,"column":null}},"142":{"start":{"line":394,"column":32},"end":{"line":394,"column":null}},"143":{"start":{"line":402,"column":8},"end":{"line":402,"column":null}},"144":{"start":{"line":404,"column":8},"end":{"line":406,"column":null}},"145":{"start":{"line":405,"column":12},"end":{"line":405,"column":null}},"146":{"start":{"line":407,"column":8},"end":{"line":407,"column":null}},"147":{"start":{"line":408,"column":8},"end":{"line":408,"column":null}},"148":{"start":{"line":413,"column":50},"end":{"line":413,"column":null}},"149":{"start":{"line":415,"column":4},"end":{"line":481,"column":null}},"150":{"start":{"line":417,"column":33},"end":{"line":417,"column":null}},"151":{"start":{"line":418,"column":8},"end":{"line":420,"column":null}},"152":{"start":{"line":419,"column":12},"end":{"line":419,"column":null}},"153":{"start":{"line":423,"column":27},"end":{"line":423,"column":null}},"154":{"start":{"line":425,"column":8},"end":{"line":475,"column":null}},"155":{"start":{"line":427,"column":39},"end":{"line":427,"column":null}},"156":{"start":{"line":428,"column":12},"end":{"line":430,"column":null}},"157":{"start":{"line":429,"column":16},"end":{"line":429,"column":null}},"158":{"start":{"line":432,"column":30},"end":{"line":432,"column":null}},"159":{"start":{"line":433,"column":27},"end":{"line":433,"column":null}},"160":{"start":{"line":435,"column":31},"end":{"line":435,"column":null}},"161":{"start":{"line":437,"column":34},"end":{"line":437,"column":null}},"162":{"start":{"line":439,"column":55},"end":{"line":445,"column":null}},"163":{"start":{"line":447,"column":12},"end":{"line":449,"column":null}},"164":{"start":{"line":448,"column":16},"end":{"line":448,"column":null}},"165":{"start":{"line":451,"column":12},"end":{"line":453,"column":null}},"166":{"start":{"line":452,"column":16},"end":{"line":452,"column":null}},"167":{"start":{"line":455,"column":12},"end":{"line":457,"column":null}},"168":{"start":{"line":456,"column":16},"end":{"line":456,"column":null}},"169":{"start":{"line":459,"column":12},"end":{"line":465,"column":null}},"170":{"start":{"line":460,"column":16},"end":{"line":464,"column":null}},"171":{"start":{"line":467,"column":12},"end":{"line":472,"column":null}},"172":{"start":{"line":468,"column":16},"end":{"line":471,"column":null}},"173":{"start":{"line":474,"column":12},"end":{"line":474,"column":null}},"174":{"start":{"line":477,"column":8},"end":{"line":479,"column":null}},"175":{"start":{"line":478,"column":12},"end":{"line":478,"column":null}},"176":{"start":{"line":480,"column":8},"end":{"line":480,"column":null}},"177":{"start":{"line":483,"column":4},"end":{"line":483,"column":null}},"178":{"start":{"line":487,"column":4},"end":{"line":487,"column":null}},"179":{"start":{"line":495,"column":57},"end":{"line":495,"column":null}},"180":{"start":{"line":497,"column":4},"end":{"line":594,"column":null}},"181":{"start":{"line":499,"column":33},"end":{"line":499,"column":null}},"182":{"start":{"line":500,"column":8},"end":{"line":502,"column":null}},"183":{"start":{"line":501,"column":12},"end":{"line":501,"column":null}},"184":{"start":{"line":505,"column":37},"end":{"line":505,"column":null}},"185":{"start":{"line":506,"column":8},"end":{"line":589,"column":null}},"186":{"start":{"line":507,"column":25},"end":{"line":507,"column":null}},"187":{"start":{"line":508,"column":12},"end":{"line":588,"column":null}},"188":{"start":{"line":509,"column":33},"end":{"line":509,"column":null}},"189":{"start":{"line":512,"column":16},"end":{"line":587,"column":null}},"190":{"start":{"line":513,"column":37},"end":{"line":513,"column":null}},"191":{"start":{"line":514,"column":20},"end":{"line":586,"column":null}},"192":{"start":{"line":515,"column":24},"end":{"line":585,"column":null}},"193":{"start":{"line":516,"column":49},"end":{"line":518,"column":null}},"194":{"start":{"line":517,"column":52},"end":{"line":517,"column":null}},"195":{"start":{"line":520,"column":78},"end":{"line":523,"column":null}},"196":{"start":{"line":526,"column":28},"end":{"line":528,"column":null}},"197":{"start":{"line":527,"column":32},"end":{"line":527,"column":null}},"198":{"start":{"line":530,"column":28},"end":{"line":532,"column":null}},"199":{"start":{"line":531,"column":32},"end":{"line":531,"column":null}},"200":{"start":{"line":534,"column":28},"end":{"line":540,"column":null}},"201":{"start":{"line":535,"column":32},"end":{"line":539,"column":null}},"202":{"start":{"line":536,"column":47},"end":{"line":538,"column":null}},"203":{"start":{"line":542,"column":28},"end":{"line":548,"column":null}},"204":{"start":{"line":543,"column":32},"end":{"line":547,"column":null}},"205":{"start":{"line":544,"column":47},"end":{"line":546,"column":null}},"206":{"start":{"line":550,"column":28},"end":{"line":552,"column":null}},"207":{"start":{"line":551,"column":32},"end":{"line":551,"column":null}},"208":{"start":{"line":554,"column":28},"end":{"line":556,"column":null}},"209":{"start":{"line":555,"column":32},"end":{"line":555,"column":null}},"210":{"start":{"line":558,"column":28},"end":{"line":560,"column":null}},"211":{"start":{"line":559,"column":32},"end":{"line":559,"column":null}},"212":{"start":{"line":562,"column":28},"end":{"line":582,"column":null}},"213":{"start":{"line":568,"column":32},"end":{"line":581,"column":null}},"214":{"start":{"line":570,"column":65},"end":{"line":570,"column":null}},"215":{"start":{"line":574,"column":80},"end":{"line":576,"column":null}},"216":{"start":{"line":577,"column":40},"end":{"line":579,"column":null}},"217":{"start":{"line":578,"column":44},"end":{"line":578,"column":null}},"218":{"start":{"line":580,"column":40},"end":{"line":580,"column":null}},"219":{"start":{"line":584,"column":28},"end":{"line":584,"column":null}},"220":{"start":{"line":591,"column":8},"end":{"line":593,"column":null}},"221":{"start":{"line":596,"column":4},"end":{"line":596,"column":null}},"222":{"start":{"line":600,"column":4},"end":{"line":673,"column":null}},"223":{"start":{"line":601,"column":24},"end":{"line":601,"column":null}},"224":{"start":{"line":602,"column":38},"end":{"line":602,"column":null}},"225":{"start":{"line":605,"column":8},"end":{"line":607,"column":null}},"226":{"start":{"line":606,"column":12},"end":{"line":606,"column":null}},"227":{"start":{"line":613,"column":8},"end":{"line":664,"column":null}},"228":{"start":{"line":615,"column":28},"end":{"line":618,"column":null}},"229":{"start":{"line":620,"column":31},"end":{"line":620,"column":null}},"230":{"start":{"line":622,"column":28},"end":{"line":622,"column":null}},"231":{"start":{"line":624,"column":12},"end":{"line":658,"column":null}},"232":{"start":{"line":625,"column":43},"end":{"line":625,"column":null}},"233":{"start":{"line":626,"column":16},"end":{"line":628,"column":null}},"234":{"start":{"line":627,"column":20},"end":{"line":627,"column":null}},"235":{"start":{"line":630,"column":34},"end":{"line":630,"column":null}},"236":{"start":{"line":631,"column":16},"end":{"line":633,"column":null}},"237":{"start":{"line":632,"column":20},"end":{"line":632,"column":null}},"238":{"start":{"line":635,"column":40},"end":{"line":635,"column":null}},"239":{"start":{"line":636,"column":39},"end":{"line":636,"column":null}},"240":{"start":{"line":638,"column":35},"end":{"line":638,"column":null}},"241":{"start":{"line":639,"column":42},"end":{"line":639,"column":null}},"242":{"start":{"line":641,"column":67},"end":{"line":648,"column":null}},"243":{"start":{"line":650,"column":16},"end":{"line":652,"column":null}},"244":{"start":{"line":651,"column":20},"end":{"line":651,"column":null}},"245":{"start":{"line":653,"column":16},"end":{"line":655,"column":null}},"246":{"start":{"line":654,"column":20},"end":{"line":654,"column":null}},"247":{"start":{"line":657,"column":16},"end":{"line":657,"column":null}},"248":{"start":{"line":660,"column":12},"end":{"line":662,"column":null}},"249":{"start":{"line":661,"column":16},"end":{"line":661,"column":null}},"250":{"start":{"line":663,"column":12},"end":{"line":663,"column":null}},"251":{"start":{"line":666,"column":8},"end":{"line":666,"column":null}},"252":{"start":{"line":668,"column":8},"end":{"line":670,"column":null}},"253":{"start":{"line":669,"column":12},"end":{"line":669,"column":null}},"254":{"start":{"line":671,"column":8},"end":{"line":671,"column":null}},"255":{"start":{"line":672,"column":8},"end":{"line":672,"column":null}},"256":{"start":{"line":677,"column":4},"end":{"line":737,"column":null}},"257":{"start":{"line":678,"column":24},"end":{"line":678,"column":null}},"258":{"start":{"line":679,"column":37},"end":{"line":679,"column":null}},"259":{"start":{"line":682,"column":8},"end":{"line":684,"column":null}},"260":{"start":{"line":683,"column":12},"end":{"line":683,"column":null}},"261":{"start":{"line":686,"column":8},"end":{"line":731,"column":null}},"262":{"start":{"line":688,"column":28},"end":{"line":691,"column":null}},"263":{"start":{"line":693,"column":31},"end":{"line":693,"column":null}},"264":{"start":{"line":695,"column":28},"end":{"line":695,"column":null}},"265":{"start":{"line":697,"column":12},"end":{"line":728,"column":null}},"266":{"start":{"line":698,"column":42},"end":{"line":698,"column":null}},"267":{"start":{"line":699,"column":16},"end":{"line":701,"column":null}},"268":{"start":{"line":700,"column":20},"end":{"line":700,"column":null}},"269":{"start":{"line":703,"column":34},"end":{"line":703,"column":null}},"270":{"start":{"line":704,"column":16},"end":{"line":706,"column":null}},"271":{"start":{"line":705,"column":20},"end":{"line":705,"column":null}},"272":{"start":{"line":708,"column":39},"end":{"line":708,"column":null}},"273":{"start":{"line":710,"column":35},"end":{"line":710,"column":null}},"274":{"start":{"line":711,"column":42},"end":{"line":711,"column":null}},"275":{"start":{"line":712,"column":22},"end":{"line":712,"column":null}},"276":{"start":{"line":714,"column":41},"end":{"line":725,"column":null}},"277":{"start":{"line":727,"column":16},"end":{"line":727,"column":null}},"278":{"start":{"line":730,"column":12},"end":{"line":730,"column":null}},"279":{"start":{"line":733,"column":8},"end":{"line":733,"column":null}},"280":{"start":{"line":735,"column":8},"end":{"line":735,"column":null}},"281":{"start":{"line":736,"column":8},"end":{"line":736,"column":null}},"282":{"start":{"line":741,"column":4},"end":{"line":784,"column":null}},"283":{"start":{"line":742,"column":24},"end":{"line":742,"column":null}},"284":{"start":{"line":743,"column":35},"end":{"line":743,"column":null}},"285":{"start":{"line":746,"column":8},"end":{"line":748,"column":null}},"286":{"start":{"line":747,"column":12},"end":{"line":747,"column":null}},"287":{"start":{"line":751,"column":8},"end":{"line":753,"column":null}},"288":{"start":{"line":752,"column":12},"end":{"line":752,"column":null}},"289":{"start":{"line":755,"column":8},"end":{"line":778,"column":null}},"290":{"start":{"line":757,"column":31},"end":{"line":757,"column":null}},"291":{"start":{"line":760,"column":18},"end":{"line":760,"column":null}},"292":{"start":{"line":763,"column":12},"end":{"line":765,"column":null}},"293":{"start":{"line":764,"column":16},"end":{"line":764,"column":null}},"294":{"start":{"line":767,"column":35},"end":{"line":773,"column":null}},"295":{"start":{"line":775,"column":12},"end":{"line":775,"column":null}},"296":{"start":{"line":777,"column":12},"end":{"line":777,"column":null}},"297":{"start":{"line":780,"column":8},"end":{"line":780,"column":null}},"298":{"start":{"line":782,"column":8},"end":{"line":782,"column":null}},"299":{"start":{"line":783,"column":8},"end":{"line":783,"column":null}},"300":{"start":{"line":792,"column":21},"end":{"line":792,"column":null}},"301":{"start":{"line":793,"column":10},"end":{"line":793,"column":null}},"302":{"start":{"line":794,"column":10},"end":{"line":794,"column":null}},"303":{"start":{"line":796,"column":4},"end":{"line":825,"column":null}},"304":{"start":{"line":798,"column":8},"end":{"line":802,"column":null}},"305":{"start":{"line":799,"column":12},"end":{"line":799,"column":null}},"306":{"start":{"line":804,"column":42},"end":{"line":811,"column":null}},"307":{"start":{"line":813,"column":55},"end":{"line":822,"column":null}},"308":{"start":{"line":824,"column":8},"end":{"line":824,"column":null}},"309":{"start":{"line":827,"column":19},"end":{"line":827,"column":null}},"310":{"start":{"line":828,"column":4},"end":{"line":830,"column":null}},"311":{"start":{"line":838,"column":21},"end":{"line":838,"column":null}},"312":{"start":{"line":839,"column":10},"end":{"line":839,"column":null}},"313":{"start":{"line":841,"column":4},"end":{"line":879,"column":null}},"314":{"start":{"line":842,"column":55},"end":{"line":847,"column":null}},"315":{"start":{"line":850,"column":8},"end":{"line":860,"column":null}},"316":{"start":{"line":851,"column":46},"end":{"line":858,"column":null}},"317":{"start":{"line":859,"column":12},"end":{"line":859,"column":null}},"318":{"start":{"line":863,"column":8},"end":{"line":865,"column":null}},"319":{"start":{"line":864,"column":12},"end":{"line":864,"column":null}},"320":{"start":{"line":867,"column":8},"end":{"line":869,"column":null}},"321":{"start":{"line":868,"column":12},"end":{"line":868,"column":null}},"322":{"start":{"line":874,"column":8},"end":{"line":876,"column":null}},"323":{"start":{"line":875,"column":12},"end":{"line":875,"column":null}},"324":{"start":{"line":878,"column":8},"end":{"line":878,"column":null}},"325":{"start":{"line":881,"column":19},"end":{"line":881,"column":null}},"326":{"start":{"line":882,"column":4},"end":{"line":884,"column":null}},"327":{"start":{"line":892,"column":21},"end":{"line":892,"column":null}},"328":{"start":{"line":893,"column":10},"end":{"line":893,"column":null}},"329":{"start":{"line":895,"column":4},"end":{"line":909,"column":null}},"330":{"start":{"line":896,"column":55},"end":{"line":901,"column":null}},"331":{"start":{"line":904,"column":8},"end":{"line":906,"column":null}},"332":{"start":{"line":905,"column":12},"end":{"line":905,"column":null}},"333":{"start":{"line":908,"column":8},"end":{"line":908,"column":null}},"334":{"start":{"line":911,"column":19},"end":{"line":911,"column":null}},"335":{"start":{"line":912,"column":4},"end":{"line":914,"column":null}},"336":{"start":{"line":956,"column":4},"end":{"line":986,"column":null}},"337":{"start":{"line":957,"column":8},"end":{"line":957,"column":null}},"338":{"start":{"line":961,"column":24},"end":{"line":961,"column":null}},"339":{"start":{"line":963,"column":8},"end":{"line":967,"column":null}},"340":{"start":{"line":969,"column":8},"end":{"line":969,"column":null}},"341":{"start":{"line":973,"column":26},"end":{"line":973,"column":null}},"342":{"start":{"line":977,"column":8},"end":{"line":985,"column":null}},"343":{"start":{"line":978,"column":27},"end":{"line":978,"column":null}},"344":{"start":{"line":979,"column":12},"end":{"line":979,"column":null}},"345":{"start":{"line":980,"column":8},"end":{"line":985,"column":null}},"346":{"start":{"line":981,"column":12},"end":{"line":981,"column":null}},"347":{"start":{"line":984,"column":12},"end":{"line":984,"column":null}},"348":{"start":{"line":995,"column":4},"end":{"line":1186,"column":null}},"349":{"start":{"line":996,"column":26},"end":{"line":996,"column":null}},"350":{"start":{"line":997,"column":34},"end":{"line":997,"column":null}},"351":{"start":{"line":998,"column":23},"end":{"line":998,"column":null}},"352":{"start":{"line":1000,"column":8},"end":{"line":1006,"column":null}},"353":{"start":{"line":1001,"column":12},"end":{"line":1001,"column":null}},"354":{"start":{"line":1002,"column":8},"end":{"line":1006,"column":null}},"355":{"start":{"line":1003,"column":12},"end":{"line":1003,"column":null}},"356":{"start":{"line":1005,"column":12},"end":{"line":1005,"column":null}},"357":{"start":{"line":1008,"column":14},"end":{"line":1008,"column":null}},"358":{"start":{"line":1009,"column":14},"end":{"line":1009,"column":null}},"359":{"start":{"line":1010,"column":14},"end":{"line":1010,"column":null}},"360":{"start":{"line":1011,"column":14},"end":{"line":1011,"column":null}},"361":{"start":{"line":1012,"column":14},"end":{"line":1012,"column":null}},"362":{"start":{"line":1013,"column":14},"end":{"line":1013,"column":null}},"363":{"start":{"line":1016,"column":8},"end":{"line":1054,"column":null}},"364":{"start":{"line":1018,"column":12},"end":{"line":1031,"column":null}},"365":{"start":{"line":1019,"column":16},"end":{"line":1019,"column":null}},"366":{"start":{"line":1020,"column":16},"end":{"line":1028,"column":null}},"367":{"start":{"line":1021,"column":20},"end":{"line":1027,"column":null}},"368":{"start":{"line":1022,"column":24},"end":{"line":1022,"column":null}},"369":{"start":{"line":1023,"column":24},"end":{"line":1023,"column":null}},"370":{"start":{"line":1026,"column":24},"end":{"line":1026,"column":null}},"371":{"start":{"line":1030,"column":16},"end":{"line":1030,"column":null}},"372":{"start":{"line":1034,"column":12},"end":{"line":1034,"column":null}},"373":{"start":{"line":1035,"column":12},"end":{"line":1049,"column":null}},"374":{"start":{"line":1036,"column":16},"end":{"line":1048,"column":null}},"375":{"start":{"line":1037,"column":20},"end":{"line":1037,"column":null}},"376":{"start":{"line":1039,"column":20},"end":{"line":1047,"column":null}},"377":{"start":{"line":1040,"column":24},"end":{"line":1040,"column":null}},"378":{"start":{"line":1043,"column":36},"end":{"line":1043,"column":null}},"379":{"start":{"line":1044,"column":24},"end":{"line":1044,"column":null}},"380":{"start":{"line":1045,"column":24},"end":{"line":1045,"column":null}},"381":{"start":{"line":1046,"column":24},"end":{"line":1046,"column":null}},"382":{"start":{"line":1050,"column":8},"end":{"line":1054,"column":null}},"383":{"start":{"line":1051,"column":12},"end":{"line":1051,"column":null}},"384":{"start":{"line":1053,"column":12},"end":{"line":1053,"column":null}},"385":{"start":{"line":1056,"column":30},"end":{"line":1056,"column":null}},"386":{"start":{"line":1058,"column":8},"end":{"line":1098,"column":null}},"387":{"start":{"line":1060,"column":12},"end":{"line":1060,"column":null}},"388":{"start":{"line":1060,"column":35},"end":{"line":1060,"column":66}},"389":{"start":{"line":1061,"column":12},"end":{"line":1061,"column":null}},"390":{"start":{"line":1064,"column":34},"end":{"line":1083,"column":null}},"391":{"start":{"line":1065,"column":32},"end":{"line":1065,"column":null}},"392":{"start":{"line":1067,"column":16},"end":{"line":1082,"column":null}},"393":{"start":{"line":1068,"column":26},"end":{"line":1068,"column":null}},"394":{"start":{"line":1070,"column":20},"end":{"line":1081,"column":null}},"395":{"start":{"line":1071,"column":24},"end":{"line":1073,"column":null}},"396":{"start":{"line":1072,"column":28},"end":{"line":1072,"column":null}},"397":{"start":{"line":1074,"column":20},"end":{"line":1081,"column":null}},"398":{"start":{"line":1080,"column":24},"end":{"line":1080,"column":null}},"399":{"start":{"line":1085,"column":12},"end":{"line":1085,"column":null}},"400":{"start":{"line":1087,"column":18},"end":{"line":1087,"column":null}},"401":{"start":{"line":1088,"column":12},"end":{"line":1097,"column":null}},"402":{"start":{"line":1089,"column":16},"end":{"line":1089,"column":null}},"403":{"start":{"line":1090,"column":16},"end":{"line":1090,"column":null}},"404":{"start":{"line":1092,"column":16},"end":{"line":1096,"column":null}},"405":{"start":{"line":1093,"column":20},"end":{"line":1093,"column":null}},"406":{"start":{"line":1095,"column":20},"end":{"line":1095,"column":null}},"407":{"start":{"line":1101,"column":41},"end":{"line":1101,"column":null}},"408":{"start":{"line":1102,"column":40},"end":{"line":1102,"column":null}},"409":{"start":{"line":1103,"column":38},"end":{"line":1103,"column":null}},"410":{"start":{"line":1105,"column":8},"end":{"line":1114,"column":null}},"411":{"start":{"line":1106,"column":31},"end":{"line":1106,"column":null}},"412":{"start":{"line":1107,"column":12},"end":{"line":1107,"column":null}},"413":{"start":{"line":1109,"column":30},"end":{"line":1109,"column":null}},"414":{"start":{"line":1110,"column":12},"end":{"line":1110,"column":null}},"415":{"start":{"line":1112,"column":28},"end":{"line":1112,"column":null}},"416":{"start":{"line":1113,"column":12},"end":{"line":1113,"column":null}},"417":{"start":{"line":1116,"column":8},"end":{"line":1124,"column":null}},"418":{"start":{"line":1117,"column":12},"end":{"line":1117,"column":null}},"419":{"start":{"line":1118,"column":12},"end":{"line":1123,"column":null}},"420":{"start":{"line":1127,"column":8},"end":{"line":1137,"column":null}},"421":{"start":{"line":1128,"column":12},"end":{"line":1128,"column":null}},"422":{"start":{"line":1129,"column":12},"end":{"line":1131,"column":null}},"423":{"start":{"line":1130,"column":16},"end":{"line":1130,"column":null}},"424":{"start":{"line":1132,"column":12},"end":{"line":1136,"column":null}},"425":{"start":{"line":1133,"column":16},"end":{"line":1133,"column":null}},"426":{"start":{"line":1135,"column":16},"end":{"line":1135,"column":null}},"427":{"start":{"line":1140,"column":8},"end":{"line":1150,"column":null}},"428":{"start":{"line":1141,"column":12},"end":{"line":1141,"column":null}},"429":{"start":{"line":1142,"column":12},"end":{"line":1144,"column":null}},"430":{"start":{"line":1143,"column":16},"end":{"line":1143,"column":null}},"431":{"start":{"line":1145,"column":12},"end":{"line":1149,"column":null}},"432":{"start":{"line":1146,"column":16},"end":{"line":1146,"column":null}},"433":{"start":{"line":1148,"column":16},"end":{"line":1148,"column":null}},"434":{"start":{"line":1152,"column":8},"end":{"line":1162,"column":null}},"435":{"start":{"line":1153,"column":12},"end":{"line":1153,"column":null}},"436":{"start":{"line":1154,"column":12},"end":{"line":1156,"column":null}},"437":{"start":{"line":1155,"column":16},"end":{"line":1155,"column":null}},"438":{"start":{"line":1157,"column":12},"end":{"line":1161,"column":null}},"439":{"start":{"line":1158,"column":16},"end":{"line":1158,"column":null}},"440":{"start":{"line":1160,"column":16},"end":{"line":1160,"column":null}},"441":{"start":{"line":1165,"column":30},"end":{"line":1165,"column":null}},"442":{"start":{"line":1166,"column":8},"end":{"line":1172,"column":null}},"443":{"start":{"line":1171,"column":12},"end":{"line":1171,"column":null}},"444":{"start":{"line":1175,"column":8},"end":{"line":1180,"column":null}},"445":{"start":{"line":1182,"column":20},"end":{"line":1182,"column":null}},"446":{"start":{"line":1183,"column":8},"end":{"line":1183,"column":null}},"447":{"start":{"line":1184,"column":8},"end":{"line":1184,"column":null}},"448":{"start":{"line":1185,"column":8},"end":{"line":1185,"column":null}}},"fnMap":{"0":{"name":"resolveAttributeType","decl":{"start":{"line":80,"column":9},"end":{"line":80,"column":30}},"loc":{"start":{"line":80,"column":104},"end":{"line":99,"column":null}},"line":80},"1":{"name":"mapAttributeSearching","decl":{"start":{"line":115,"column":9},"end":{"line":115,"column":null}},"loc":{"start":{"line":119,"column":27},"end":{"line":164,"column":null}},"line":119},"2":{"name":"(anonymous_2)","decl":{"start":{"line":120,"column":17},"end":{"line":120,"column":18}},"loc":{"start":{"line":120,"column":44},"end":{"line":123,"column":null}},"line":120},"3":{"name":"mapAttributeDynamicLookup","decl":{"start":{"line":172,"column":9},"end":{"line":172,"column":35}},"loc":{"start":{"line":172,"column":119},"end":{"line":183,"column":null}},"line":172},"4":{"name":"toHumanReadableName","decl":{"start":{"line":186,"column":9},"end":{"line":186,"column":29}},"loc":{"start":{"line":186,"column":56},"end":{"line":191,"column":null}},"line":186},"5":{"name":"(anonymous_5)","decl":{"start":{"line":189,"column":23},"end":{"line":189,"column":24}},"loc":{"start":{"line":189,"column":32},"end":{"line":189,"column":49}},"line":189},"6":{"name":"toCamelCaseFileName","decl":{"start":{"line":194,"column":9},"end":{"line":194,"column":29}},"loc":{"start":{"line":194,"column":51},"end":{"line":209,"column":null}},"line":194},"7":{"name":"(anonymous_7)","decl":{"start":{"line":202,"column":13},"end":{"line":202,"column":14}},"loc":{"start":{"line":202,"column":30},"end":{"line":207,"column":9}},"line":202},"8":{"name":"getTypeFromTsMorph","decl":{"start":{"line":211,"column":9},"end":{"line":211,"column":28}},"loc":{"start":{"line":211,"column":92},"end":{"line":225,"column":null}},"line":211},"9":{"name":"resolveVariableInitializer","decl":{"start":{"line":231,"column":9},"end":{"line":231,"column":36}},"loc":{"start":{"line":231,"column":98},"end":{"line":239,"column":null}},"line":231},"10":{"name":"isResolvableLiteral","decl":{"start":{"line":245,"column":9},"end":{"line":245,"column":29}},"loc":{"start":{"line":245,"column":56},"end":{"line":254,"column":null}},"line":245},"11":{"name":"constructor","decl":{"start":{"line":257,"column":4},"end":{"line":257,"column":16}},"loc":{"start":{"line":257,"column":35},"end":{"line":263,"column":null}},"line":257},"12":{"name":"parseExpression","decl":{"start":{"line":268,"column":9},"end":{"line":268,"column":25}},"loc":{"start":{"line":268,"column":51},"end":{"line":305,"column":null}},"line":268},"13":{"name":"parseNestedObject","decl":{"start":{"line":309,"column":9},"end":{"line":309,"column":27}},"loc":{"start":{"line":309,"column":72},"end":{"line":331,"column":null}},"line":309},"14":{"name":"parseArrayLiteral","decl":{"start":{"line":335,"column":9},"end":{"line":335,"column":27}},"loc":{"start":{"line":335,"column":57},"end":{"line":349,"column":null}},"line":335},"15":{"name":"parseDecoratorArgs","decl":{"start":{"line":352,"column":9},"end":{"line":352,"column":28}},"loc":{"start":{"line":352,"column":75},"end":{"line":410,"column":null}},"line":352},"16":{"name":"extractAttributesFromSource","decl":{"start":{"line":412,"column":9},"end":{"line":412,"column":37}},"loc":{"start":{"line":412,"column":107},"end":{"line":484,"column":null}},"line":412},"17":{"name":"normalizeComponentTypeId","decl":{"start":{"line":486,"column":9},"end":{"line":486,"column":34}},"loc":{"start":{"line":486,"column":80},"end":{"line":488,"column":null}},"line":486},"18":{"name":"extractRegionDefinitionsFromSource","decl":{"start":{"line":490,"column":9},"end":{"line":490,"column":null}},"loc":{"start":{"line":494,"column":29},"end":{"line":597,"column":null}},"line":494},"19":{"name":"(anonymous_19)","decl":{"start":{"line":517,"column":46},"end":{"line":517,"column":52}},"loc":{"start":{"line":517,"column":52},"end":{"line":517,"column":null}},"line":517},"20":{"name":"(anonymous_20)","decl":{"start":{"line":536,"column":36},"end":{"line":536,"column":37}},"loc":{"start":{"line":536,"column":47},"end":{"line":538,"column":null}},"line":536},"21":{"name":"(anonymous_21)","decl":{"start":{"line":544,"column":36},"end":{"line":544,"column":37}},"loc":{"start":{"line":544,"column":47},"end":{"line":546,"column":null}},"line":544},"22":{"name":"(anonymous_22)","decl":{"start":{"line":569,"column":82},"end":{"line":569,"column":83}},"loc":{"start":{"line":569,"column":99},"end":{"line":581,"column":37}},"line":569},"23":{"name":"processComponentFile","decl":{"start":{"line":599,"column":15},"end":{"line":599,"column":36}},"loc":{"start":{"line":599,"column":96},"end":{"line":674,"column":null}},"line":599},"24":{"name":"processPageTypeFile","decl":{"start":{"line":676,"column":15},"end":{"line":676,"column":35}},"loc":{"start":{"line":676,"column":94},"end":{"line":738,"column":null}},"line":676},"25":{"name":"processAspectFile","decl":{"start":{"line":740,"column":15},"end":{"line":740,"column":33}},"loc":{"start":{"line":740,"column":93},"end":{"line":785,"column":null}},"line":740},"26":{"name":"generateComponentCartridge","decl":{"start":{"line":787,"column":15},"end":{"line":787,"column":null}},"loc":{"start":{"line":791,"column":17},"end":{"line":831,"column":n
[...]
21,"column":4},"end":{"line":221,"column":null}},"86":{"start":{"line":222,"column":4},"end":{"line":224,"column":null}},"87":{"start":{"line":223,"column":8},"end":{"line":223,"column":null}},"88":{"start":{"line":226,"column":4},"end":{"line":226,"column":null}},"89":{"start":{"line":227,"column":4},"end":{"line":227,"column":null}},"90":{"start":{"line":228,"column":4},"end":{"line":228,"column":null}},"91":{"start":{"line":235,"column":4},"end":{"line":235,"column":null}}},"fnMap":{"0":{"name":"getNetworkAddress","decl":{"start":{"line":26,"column":16},"end":{"line":26,"column":56}},"loc":{"start":{"line":26,"column":56},"end":{"line":38,"column":null}},"line":26},"1":{"name":"getPackageVersion","decl":{"start":{"line":43,"column":16},"end":{"line":43,"column":34}},"loc":{"start":{"line":43,"column":83},"end":{"line":52,"column":null}},"line":43},"2":{"name":"debugEnablesSfnext","decl":{"start":{"line":77,"column":9},"end":{"line":77,"column":39}},"loc":{"start":{"line":77,"column":39},"end":{"line":86,"column":null}},"line":77},"3":{"name":"(anonymous_3)","decl":{"start":{"line":82,"column":31},"end":{"line":82,"column":32}},"loc":{"start":{"line":82,"column":42},"end":{"line":85,"column":5}},"line":82},"4":{"name":"resolveLevel","decl":{"start":{"line":88,"column":9},"end":{"line":88,"column":34}},"loc":{"start":{"line":88,"column":34},"end":{"line":95,"column":null}},"line":88},"5":{"name":"shouldLog","decl":{"start":{"line":97,"column":9},"end":{"line":97,"column":19}},"loc":{"start":{"line":97,"column":45},"end":{"line":99,"column":null}},"line":97},"6":{"name":"error","decl":{"start":{"line":102,"column":4},"end":{"line":102,"column":10}},"loc":{"start":{"line":102,"column":49},"end":{"line":105,"column":null}},"line":102},"7":{"name":"warn","decl":{"start":{"line":106,"column":4},"end":{"line":106,"column":9}},"loc":{"start":{"line":106,"column":48},"end":{"line":109,"column":null}},"line":106},"8":{"name":"info","decl":{"start":{"line":110,"column":4},"end":{"line":110,"column":9}},"loc":{"start":{"line":110,"column":48},"end":{"line":113,"column":null}},"line":110},"9":{"name":"debug","decl":{"start":{"line":114,"column":4},"end":{"line":114,"column":10}},"loc":{"start":{"line":114,"column":49},"end":{"line":117,"column":null}},"line":114},"10":{"name":"setLevel","decl":{"start":{"line":118,"column":4},"end":{"line":118,"column":13}},"loc":{"start":{"line":118,"column":48},"end":{"line":120,"column":null}},"line":118},"11":{"name":"getLevel","decl":{"start":{"line":121,"column":4},"end":{"line":121,"column":25}},"loc":{"start":{"line":121,"column":25},"end":{"line":123,"column":null}},"line":121},"12":{"name":"printServerInfo","decl":{"start":{"line":129,"column":16},"end":{"line":129,"column":32}},"loc":{"start":{"line":129,"column":109},"end":{"line":160,"column":null}},"line":129},"13":{"name":"printServerConfig","decl":{"start":{"line":165,"column":16},"end":{"line":165,"column":34}},"loc":{"start":{"line":176,"column":9},"end":{"line":229,"column":null}},"line":176},"14":{"name":"printShutdownMessage","decl":{"start":{"line":234,"column":16},"end":{"line":234,"column":45}},"loc":{"start":{"line":234,"column":45},"end":{"line":236,"column":null}},"line":234}},"branchMap":{"0":{"loc":{"start":{"line":30,"column":8},"end":{"line":30,"column":null}},"type":"if","locations":[{"start":{"line":30,"column":8},"end":{"line":30,"column":null}},{"start":{},"end":{}}],"line":30},"1":{"loc":{"start":{"line":32,"column":12},"end":{"line":34,"column":null}},"type":"if","locations":[{"start":{"line":32,"column":12},"end":{"line":34,"column":null}},{"start":{},"end":{}}],"line":32},"2":{"loc":{"start":{"line":32,"column":16},"end":{"line":32,"column":60}},"type":"binary-expr","locations":[{"start":{"line":32,"column":16},"end":{"line":32,"column":43}},{"start":{"line":32,"column":43},"end":{"line":32,"column":60}}],"line":32},"3":{"loc":{"start":{"line":79,"column":4},"end":{"line":79,"column":null}},"type":"if","locations":[{"start":{"line":79,"column":4},"end":{"line":79,"column":null}},{"start":{},"end":{}}],"line":79},"4":{"loc":{"start":{"line":81,"column":4},"end":{"line":81,"column":null}},"type":"if","locations":[{"start":{"line":81,"column":4},"end":{"line":81,"column":null}},{"start":{},"end":{}}],"line":81},"5":{"loc":{"start":{"line":84,"column":15},"end":{"line":84,"column":null}},"type":"binary-expr","locations":[{"start":{"line":84,"column":15},"end":{"line":84,"column":32}},{"start":{"line":84,"column":32},"end":{"line":84,"column":54}},{"start":{"line":84,"column":54},"end":{"line":84,"column":null}}],"line":84},"6":{"loc":{"start":{"line":89,"column":4},"end":{"line":89,"column":null}},"type":"if","locations":[{"start":{"line":89,"column":4},"end":{"line":89,"column":null}},{"start":{},"end":{}}],"line":89},"7":{"loc":{"start":{"line":90,"column":21},"end":{"line":90,"column":null}},"type":"binary-expr","locations":[{"start":{"line":90,"column":21},"end":{"line":90,"column":50}},{"start":{"line":90,"column":50},"end":{"line":90,"column":null}}],"line":90},"8":{"loc":{"start":{"line":91,"column":4},"end":{"line":91,"column":null}},"type":"if","locations":[{"start":{"line":91,"column":4},"end":{"line":91,"column":null}},{"start":{},"end":{}}],"line":91},"9":{"loc":{"start":{"line":91,"column":8},"end":{"line":91,"column":48}},"type":"binary-expr","locations":[{"start":{"line":91,"column":8},"end":{"line":91,"column":20}},{"start":{"line":91,"column":20},"end":{"line":91,"column":48}}],"line":91},"10":{"loc":{"start":{"line":92,"column":4},"end":{"line":92,"column":null}},"type":"if","locations":[{"start":{"line":92,"column":4},"end":{"line":92,"column":null}},{"start":{},"end":{}}],"line":92},"11":{"loc":{"start":{"line":93,"column":4},"end":{"line":93,"column":null}},"type":"if","locations":[{"start":{"line":93,"column":4},"end":{"line":93,"column":null}},{"start":{},"end":{}}],"line":93},"12":{"loc":{"start":{"line":103,"column":8},"end":{"line":103,"column":null}},"type":"if","locations":[{"start":{"line":103,"column":8},"end":{"line":103,"column":null}},{"start":{},"end":{}}],"line":103},"13":{"loc":{"start":{"line":107,"column":8},"end":{"line":107,"column":null}},"type":"if","locations":[{"start":{"line":107,"column":8},"end":{"line":107,"column":null}},{"start":{},"end":{}}],"line":107},"14":{"loc":{"start":{"line":111,"column":8},"end":{"line":111,"column":null}},"type":"if","locations":[{"start":{"line":111,"column":8},"end":{"line":111,"column":null}},{"start":{},"end":{}}],"line":111},"15":{"loc":{"start":{"line":115,"column":8},"end":{"line":115,"column":null}},"type":"if","locations":[{"start":{"line":115,"column":8},"end":{"line":115,"column":null}},{"start":{},"end":{}}],"line":115},"16":{"loc":{"start":{"line":136,"column":22},"end":{"line":136,"column":null}},"type":"cond-expr","locations":[{"start":{"line":136,"column":47},"end":{"line":136,"column":68}},{"start":{"line":136,"column":68},"end":{"line":136,"column":null}}],"line":136},"17":{"loc":{"start":{"line":191,"column":4},"end":{"line":204,"column":null}},"type":"if","locations":[{"start":{"line":191,"column":4},"end":{"line":204,"column":null}},{"start":{"line":202,"column":11},"end":{"line":204,"column":null}}],"line":191},"18":{"loc":{"start":{"line":191,"column":8},"end":{"line":191,"column":60}},"type":"binary-expr","locations":[{"start":{"line":191,"column":8},"end":{"line":191,"column":23}},{"start":{"line":191,"column":23},"end":{"line":191,"column":36}},{"start":{"line":191,"column":36},"end":{"line":191,"column":49}},{"start":{"line":191,"column":49},"end":{"line":191,"column":60}}],"line":191},"19":{"loc":{"start":{"line":196,"column":8},"end":{"line":198,"column":null}},"type":"if","locations":[{"start":{"line":196,"column":8},"end":{"line":198,"column":null}},{"start":{},"end":{}}],"line":196},"20":{"loc":{"start":{"line":199,"column":8},"end":{"line":201,"column":null}},"type":"if","locations":[{"start":{"line":199,"column":8},"end":{"line":201,"column":null}},{"start":{},"end":{}}],"line":199},"21":{"loc":{"start":{"line":206,"column":4},"end":{"line":208,"column":null}},"type":"if","locations":[{"start":{"line":206,"column":4},"end":{"line":208,"column":null}},{"start":{},"end":{}}],"line":206},"22":{"loc":{"start":{"line":210,"column":4},"end":{"line":212,"column":null}},"type":"if","locations":[{"start":{"line":210,"column":4},"end":{"line":212,"column":null}},{"start":{},"end":{}}],"line":210},"23":{"loc":{"start":{"line":217,"column":27},"end":{"line":217,"column":null}},"type":"cond-expr","locations":[{"start":{"line":217,"column":41},"end":{"line":217,"column":63}},{"start":{"line":217,"column":63},"end":{"line":217,"column":null}}],"line":217},"24":{"loc":{"start":{"line":218,"column":23},"end":{"line":218,"column":null}},"type":"cond-expr","locations":[{"start":{"line":218,"column":40},"end":{"line":218,"column":77}},{"start":{"line":218,"column":77},"end":{"line":218,"column":null}}],"line":218},"25":{"loc":{"start":{"line":222,"column":4},"end":{"line":224,"column":null}},"type":"if","locations":[{"start":{"line":222,"column":4},"end":{"line":224,"column":null}},{"start":{},"end":{}}],"line":222}},"s":{"0":6,"1":6,"2":6,"3":6,"4":1,"5":5,"6":6,"7":4,"8":2,"9":11,"10":11,"11":11,"12":11,"13":11,"14":11,"15":111,"16":1658,"17":1658,"18":1647,"19":11,"20":11,"21":6,"22":5,"23":6,"24":6,"25":1818,"26":1,"27":1817,"28":1818,"29":159,"30":1658,"31":10,"32":1648,"33":1,"34":1647,"35":1800,"36":111,"37":51,"38":0,"39":51,"40":175,"41":1,"42":174,"43":328,"44":1,"45":327,"46":1246,"47":1107,"48":139,"49":2,"50":15,"51":3,"52":3,"53":3,"54":3,"55":3,"56":3,"57":3,"58":3,"59":3,"60":3,"61":3,"62":3,"63":3,"64":3,"65":3,"66":7,"67":7,"68":7,"69":2,"70":2,"71":2,"72":1,"73":2,"74":1,"75":5,"76":7,"77":1,"78":7,"79":1,"80":7,"81":7,"82":7,"83":7,"84":7,"85":7,"86":7,"87":1,"88":7,"89":7,"90":7,"91":1},"f":{"0":6,"1":11,"2":1658,"3":6,"4":1818,"5":1800,"6":51,"7":175,"8":328,"9":1246,"10":2,"11":15,"12":3,"13":7,"14":1},"b":{"0":[1,5],"1":[4,2],"2":[6,5],"3":[1647,11],"4":[6,5],"5":[6,5,3],"6":[1,1817],"7":[1817,1817],"8":[159,1659],"9":[1818,159],"10":[10,1648],"11":[1,1647],"12":[0,51],"13":[1,174],"14":[1,327],"15":[1107,139],"16":[1,2],"17":[2,5],"18":[7,2,2,2],"19":[1,1],"20":[1,1],"21":[1,6],"22":[1,6],"23":[1,6],"24":[1,6],"25":[1,6]},"meta":{"lastBranch":26,"lastFunction":15,"lastStatement":92,"seen":{"f:26:16:26:56":0,"s:27:23:27:Infinity":0,"s:28:4:36:Infinity":1,"s:29:22:29:Infinity":2,"b:30:8:30:Infinity:undefined:undefined:undefined:undefined":0,"s:30:8:30:Infinity":3,"s:30:20:30:Infinity":4,"s:31:8:35:Infinity":5,"b:32:12:34:Infinity:undefined:undefined:undefined:undefined":1,"s:32:12:34:Infinity":6,"b:32:16:32:43:32:43:32:60":2,"s:33:16:33:Infinity":7,"s:37:4:37:Infinity":8,"f:43:16:43:34":1,"s:44:4:51:Infinity":9,"s:45:14:45:Infinity":10,"s:46:24:46:Infinity":11,"s:47:24:47:Infinity":12,"s:48:8:48:Infinity":13,"s:50:8:50:Infinity":14,"s:63:49:68:Infinity":15,"f:77:9:77:39":2,"s:78:16:78:Infinity":16,"b:79:4:79:Infinity:undefined:undefined:undefined:undefined":3,"s:79:4:79:Infinity":17,"s:79:14:79:Infinity":18,"s:80:23:80:Infinity":19,"b:81:4:81:Infinity:undefined:undefined:undefined:undefined":4,"s:81:4:81:Infinity":20,"s:81:57:81:Infinity":21,"s:82:4:85:Infinity":22,"f:82:31:82:32":3,"s:83:22:83:Infinity":23,"s:84:8:84:Infinity":24,"b:84:15:84:32:84:32:84:54:84:54:84:Infinity":5,"f:88:9:88:34":4,"b:89:4:89:Infinity:undefined:undefined:undefined:undefined":6,"s:89:4:89:Infinity":25,"s:89:23:89:Infinity":26,"s:90:21:90:Infinity":27,"b:90:21:90:50:90:50:90:Infinity":7,"b:91:4:91:Infinity:undefined:undefined:undefined:undefined":8,"s:91:4:91:Infinity":28,"b:91:8:91:20:91:20:91:48":9,"s:91:48:91:Infinity":29,"b:92:4:92:Infinity:undefined:undefined:undefined:undefined":10,"s:92:4:92:Infinity":30,"s:92:30:92:Infinity":31,"b:93:4:93:Infinity:undefined:undefined:undefined:undefined":11,"s:93:4:93:Infinity":32,"s:93:47:93:Infinity":33,"s:94:4:94:Infinity":34,"f:97:9:97:19":5,"s:98:4:98:Infinity":35,"s:101:22:124:Infinity":36,"f:102:4:102:10":6,"b:103:8:103:Infinity:undefined:undefined:undefined:undefined":12,"s:103:8:103:Infinity":37,"s:103:33:103:Infinity":38,"s:104:8:104:Infinity":39,"f:106:4:106:9":7,"b:107:8:107:Infinity:undefined:undefined:undefined:undefined":13,"s:107:8:107:Infinity":40,"s:107:32:107:Infinity":41,"s:108:8:108:Infinity":42,"f:110:4:110:9":8,"b:111:8:111:Infinity:undefined:undefined:undefined:undefined":14,"s:111:8:111:Infinity":43,"s:111:32:111:Infinity":44,"s:112:8:112:Infinity":45,"f:114:4:114:10":9,"b:115:8:115:Infinity:undefined:undefined:undefined:undefined":15,"s:115:8:115:Infinity":46,"s:115:33:115:Infinity":47,"s:116:8:116:Infinity":48,"f:118:4:118:13":10,"s:119:8:119:Infinity":49,"f:121:4:121:25":11,"s:122:8:122:Infinity":50,"f:129:16:129:32":12,"s:130:20:130:Infinity":51,"s:131:26:131:Infinity":52,"s:132:25:132:Infinity":53,"s:133:31:133:Infinity":54,"s:134:24:134:Infinity":55,"s:136:22:136:Infinity":56,"b:136:47:136:68:136:68:136:Infinity":16,"s:138:4:138:Infinity":57,"s:139:4:139:Infinity":58,"s:140:4:140:Infinity":59,"s:141:4:141:Infinity":60,"s:142:21:142:Infinity":61,"s:143:68:148:Infinity":62,"s:150:4:154:Infinity":63,"s:155:4:158:Infinity":64,"s:159:4:159:Infinity":65,"f:165:16:165:34":13,"s:187:8:187:Infinity":66,"s:189:4:189:Infinity":67,"b:191:4:204:Infinity:202:11:204:Infinity":17,"s:191:4:204:Infinity":68,"b:191:8:191:23:191:23:191:36:191:36:191:49:191:49:191:60":18,"s:192:8:194:Infinity":69,"s:195:8:195:Infinity":70,"b:196:8:198:Infinity:undefined:undefined:undefined:undefined":19,"s:196:8:198:Infinity":71,"s:197:12:197:Infinity":72,"b:199:8:201:Infinity:undefined:undefined:undefined:undefined":20,"s:199:8:201:Infinity":73,"s:200:12:200:Infinity":74,"s:203:8:203:Infinity":75,"b:206:4:208:Infinity:undefined:undefined:undefined:undefined":21,"s:206:4:208:Infinity":76,"s:207:8:207:Infinity":77,"b:210:4:212:Infinity:undefined:undefined:undefined:undefined":22,"s:210:4:212:Infinity":78,"s:211:8:211:Infinity":79,"s:215:21:215:Infinity":80,"s:216:24:216:Infinity":81,"s:217:27:217:Infinity":82,"b:217:41:217:63:217:63:217:Infinity":23,"s:218:23:218:Infinity":83,"b:218:40:218:77:218:77:218:Infinity":24,"s:220:4:220:Infinity":84,"s:221:4:221:Infinity":85,"b:222:4:224:Infinity:undefined:undefined:undefined:undefined":25,"s:222:4:224:Infinity":86,"s:223:8:223:Infinity":87,"s:226:4:226:Infinity":88,"s:227:4:227:Infinity":89,"s:228:4:228:Infinity":90,"f:234:16:234:45":14,"s:235:4:235:Infinity":91},"fnNames":{}}}
,"/Users/s.hussain/salesforce/sfnext-split-footwear/packages/storefront-next-dev/src/utils/objects.ts": {"path":"/Users/s.hussain/salesforce/sfnext-split-footwear/packages/storefront-next-dev/src/utils/objects.ts","statementMap":{"0":{"start":{"line":30,"column":33},"end":{"line":30,"column":null}},"1":{"start":{"line":31,"column":4},"end":{"line":38,"column":null}},"2":{"start":{"line":32,"column":20},"end":{"line":32,"column":null}},"3":{"start":{"line":33,"column":8},"end":{"line":37,"column":null}},"4":{"start":{"line":34,"column":12},"end":{"line":34,"column":null}},"5":{"start":{"line":36,"column":12},"end":{"line":36,"column":null}},"6":{"start":{"line":39,"column":4},"end":{"line":39,"column":null}}},"fnMap":{"0":{"name":"flattenObject","decl":{"start":{"line":29,"column":16},"end":{"line":29,"column":30}},"loc":{"start":{"line":29,"column":86},"end":{"line":40,"column":null}},"line":29}},"branchMap":{"0":{"loc":{"start":{"line":29,"column":60},"end":{"line":29,"column":86}},"type":"default-arg","locations":[{"start":{"line":29,"column":69},"end":{"line":29,"column":86}}],"line":29},"1":{"loc":{"start":{"line":32,"column":20},"end":{"line":32,"column":null}},"type":"cond-expr","locations":[{"start":{"line":32,"column":29},"end":{"line":32,"column":48}},{"start":{"line":32,"column":48},"end":{"line":32,"column":null}}],"line":32},"2":{"loc":{"start":{"line":33,"column":8},"end":{"line":37,"column":null}},"type":"if","locations":[{"start":{"line":33,"column":8},"end":{"line":37,"column":null}},{"start":{"line":35,"column":15},"end":{"line":37,"column":null}}],"line":33},"3":{"loc":{"start":{"line":33,"column":12},"end":{"line":33,"column":70}},"type":"binary-expr","locations":[{"start":{"line":33,"column":12},"end":{"line":33,"column":26}},{"start":{"line":33,"column":26},"end":{"line":33,"column":51}},{"start":{"line":33,"column":51},"end":{"line":33,"column":70}}],"line":33}},"s":{"0":34,"1":34,"2":28,"3":28,"4":18,"5":10,"6":34},"f":{"0":34},"b":{"0":[34],"1":[18,10],"2":[18,10],"3":[28,27,19]},"meta":{"lastBranch":4,"lastFunction":1,"lastStatement":7,"seen":{"f:29:16:29:30":0,"b:29:69:29:86":0,"s:30:33:30:Infinity":0,"s:31:4:38:Infinity":1,"s:32:20:32:Infinity":2,"b:32:29:32:48:32:48:32:Infinity":1,"b:33:8:37:Infinity:35:15:37:Infinity":2,"s:33:8:37:Infinity":3,"b:33:12:33:26:33:26:33:51:33:51:33:70":3,"s:34:12:34:Infinity":4,"s:36:12:36:Infinity":5,"s:39:4:39:Infinity":6},"fnNames":{}}}
,"/Users/s.hussain/salesforce/sfnext-split-footwear/packages/storefront-next-dev/src/utils/paths.ts": {"path":"/Users/s.hussain/salesforce/sfnext-split-footwear/packages/storefront-next-dev/src/utils/paths.ts","statementMap":{"0":{"start":{"line":22,"column":4},"end":{"line":22,"column":null}},"1":{"start":{"line":29,"column":4},"end":{"line":29,"column":null}},"2":{"start":{"line":58,"column":21},"end":{"line":58,"column":null}},"3":{"start":{"line":61,"column":4},"end":{"line":63,"column":null}},"4":{"start":{"line":62,"column":8},"end":{"line":62,"column":null}},"5":{"start":{"line":68,"column":4},"end":{"line":74,"column":null}},"6":{"start":{"line":69,"column":8},"end":{"line":73,"column":null}},"7":{"start":{"line":76,"column":4},"end":{"line":76,"column":null}},"8":{"start":{"line":83,"column":21},"end":{"line":83,"column":null}},"9":{"start":{"line":84,"column":4},"end":{"line":84,"column":null}}},"fnMap":{"0":{"name":"toPosixPath","decl":{"start":{"line":21,"column":16},"end":{"line":21,"column":28}},"loc":{"start":{"line":21,"column":54},"end":{"line":23,"column":null}},"line":21},"1":{"name":"getCommerceCloudApiUrl","decl":{"start":{"line":28,"column":16},"end":{"line":28,"column":39}},"loc":{"start":{"line":28,"column":86},"end":{"line":30,"column":null}},"line":28},"2":{"name":"getBasePath","decl":{"start":{"line":57,"column":16},"end":{"line":57,"column":38}},"loc":{"start":{"line":57,"column":38},"end":{"line":77,"column":null}},"line":57},"3":{"name":"getBundlePath","decl":{"start":{"line":82,"column":16},"end":{"line":82,"column":30}},"loc":{"start":{"line":82,"column":56},"end":{"line":85,"column":null}},"line":82}},"branchMap":{"0":{"loc":{"start":{"line":29,"column":11},"end":{"line":29,"column":null}},"type":"binary-expr","locations":[{"start":{"line":29,"column":11},"end":{"line":29,"column":24}},{"start":{"line":29,"column":24},"end":{"line":29,"column":null}}],"line":29},"1":{"loc":{"start":{"line":61,"column":4},"end":{"line":63,"column":null}},"type":"if","locations":[{"start":{"line":61,"column":4},"end":{"line":63,"column":null}},{"start":{},"end":{}}],"line":61},"2":{"loc":{"start":{"line":68,"column":4},"end":{"line":74,"column":null}},"type":"if","locations":[{"start":{"line":68,"column":4},"end":{"line":74,"column":null}},{"start":{},"end":{}}],"line":68}},"s":{"0":84,"1":14,"2":64,"3":64,"4":49,"5":15,"6":6,"7":9,"8":10,"9":10},"f":{"0":84,"1":14,"2":64,"3":10},"b":{"0":[14,12],"1":[49,15],"2":[6,9]},"meta":{"lastBranch":3,"lastFunction":4,"lastStatement":10,"seen":{"f:21:16:21:28":0,"s:22:4:22:Infinity":0,"f:28:16:28:39":1,"s:29:4:29:Infinity":1,"b:29:11:29:24:29:24:29:Infinity":0,"f:57:16:57:38":2,"s:58:21:58:Infinity":2,"b:61:4:63:Infinity:undefined:undefined:undefined:undefined":1,"s:61:4:63:Infinity":3,"s:62:8:62:Infinity":4,"b:68:4:74:Infinity:undefined:undefined:undefined:undefined":2,"s:68:4:74:Infinity":5,"s:69:8:73:Infinity":6,"s:76:4:76:Infinity":7,"f:82:16:82:30":3,"s:83:21:83:Infinity":8,"s:84:4:84:Infinity":9},"fnNames":{}}}
}
